<?xml version="1.0" encoding="UTF-8"?>
<testsuites name="Ekran Kontrolu" time="40.761" tests="1" failures="1" errors="0">
   <testsuite name="Ekran Kontrolu" tests="1" failures="1" errors="0" time="40.761" timestamp="2020-12-21 01:54:55" hostname="yigit - LAPTOP-7436ND4C" id="">
      <properties>
         <property name="deviceName" value=""/>
         <property name="devicePlatform" value=""/>
         <property name="logFolder" value="C:\\Users\\yigit\\Documents\\GitHub\\eesekim\\Reports\\20201221_015129\\_Suite Repository ( Deneysel )\\e-Arsiv\\e-Arsiv Araclari\\e-Arsiv Fatura Olusturma\\Ekran Kontrolu\\20201221_015140"/>
         <property name="logFiles" value="C:\\Users\\yigit\\Documents\\GitHub\\eesekim\\Reports\\20201221_015129\\_Suite Repository ( Deneysel )\\e-Arsiv\\e-Arsiv Araclari\\e-Arsiv Fatura Olusturma\\Ekran Kontrolu\\20201221_015140\\execution0.log"/>
         <property name="attachments" value=""/>
         <property name="hostName" value="yigit - LAPTOP-7436ND4C"/>
         <property name="os" value="Windows 10 64bit"/>
         <property name="katalonVersion" value="7.7.2.205"/>
         <property name="browser" value="Chrome 87.0.4280.88"/>
         <property name="hostAddress" value="10.10.10.154"/>
         <property name="sessionId" value="266540a3db7a46437efa0c5dc85fbd66"/>
         <property name="seleniumVersion" value="3.141.59"/>
         <property name="proxyInformation" value="ProxyInformation { proxyOption=NO_PROXY, proxyServerType=HTTP, username=, password=********, proxyServerAddress=, proxyServerPort=0, executionList=&quot;&quot;, isApplyToDesiredCapabilities=true }"/>
         <property name="platform" value="Windows 10"/>
      </properties>
      <testcase name="Test Cases/Case Repository/e-Arsiv/e-Arsiv Araclari/e-Arsiv Fatura Olusturma/Ekran Kontrolu" time="39.488" classname="Test Cases/Case Repository/e-Arsiv/e-Arsiv Araclari/e-Arsiv Fatura Olusturma/Ekran Kontrolu" status="FAILED">
         <failure type="FAILED" message="Test Cases/Case Repository/e-Arsiv/e-Arsiv Araclari/e-Arsiv Fatura Olusturma/Ekran Kontrolu FAILED.
Reason:
com.kms.katalon.core.exception.StepFailedException: Keyword runFeatureFile was failed (Root cause: java.lang.NullPointerException: No format for key faıled
	at cucumber.runtime.formatter.AnsiFormats.get(AnsiFormats.java:51)
	at cucumber.runtime.Stats.printScenarios(Stats.java:170)
	at cucumber.runtime.Stats.printNonZeroResultScenarios(Stats.java:161)
	at cucumber.runtime.Stats.printStats(Stats.java:107)
	at cucumber.runtime.DefaultSummaryPrinter.printStats(DefaultSummaryPrinter.java:34)
	at cucumber.runtime.DefaultSummaryPrinter.print(DefaultSummaryPrinter.java:27)
	at cucumber.runtime.DefaultSummaryPrinter.access$000(DefaultSummaryPrinter.java:14)
	at cucumber.runtime.DefaultSummaryPrinter$1.receive(DefaultSummaryPrinter.java:63)
	at cucumber.runtime.DefaultSummaryPrinter$1.receive(DefaultSummaryPrinter.java:60)
	at cucumber.runner.EventBus.send(EventBus.java:28)
	at cucumber.runtime.Runtime.run(Runtime.java:109)
	at cucumber.api.cli.Main.run(Main.java:35)
	at cucumber.api.cli.Main$run.call(Unknown Source)
	at com.kms.katalon.core.cucumber.keyword.CucumberBuiltinKeywords$_runFeatureFile_closure1.doCall(CucumberBuiltinKeywords.groovy:76)
	at com.kms.katalon.core.cucumber.keyword.CucumberBuiltinKeywords$_runFeatureFile_closure1.doCall(CucumberBuiltinKeywords.groovy)
	at com.kms.katalon.core.keyword.internal.KeywordMain.runKeyword(KeywordMain.groovy:68)
	at com.kms.katalon.core.keyword.internal.KeywordMain$runKeyword.call(Unknown Source)
	at com.kms.katalon.core.cucumber.keyword.CucumberBuiltinKeywords.runFeatureFile(CucumberBuiltinKeywords.groovy:46)
	at com.kms.katalon.core.cucumber.keyword.CucumberBuiltinKeywords$runFeatureFile$0.callStatic(Unknown Source)
	at com.kms.katalon.core.cucumber.keyword.CucumberBuiltinKeywords.runFeatureFile(CucumberBuiltinKeywords.groovy:169)
	at com.kms.katalon.core.cucumber.keyword.CucumberBuiltinKeywords$runFeatureFile.call(Unknown Source)
	at Ekran Kontrolu.run(Ekran Kontrolu:19)
	at com.kms.katalon.core.main.ScriptEngine.run(ScriptEngine.java:194)
	at com.kms.katalon.core.main.ScriptEngine.runScriptAsRawText(ScriptEngine.java:119)
	at com.kms.katalon.core.main.TestCaseExecutor.runScript(TestCaseExecutor.java:339)
	at com.kms.katalon.core.main.TestCaseExecutor.doExecute(TestCaseExecutor.java:330)
	at com.kms.katalon.core.main.TestCaseExecutor.processExecutionPhase(TestCaseExecutor.java:309)
	at com.kms.katalon.core.main.TestCaseExecutor.accessMainPhase(TestCaseExecutor.java:301)
	at com.kms.katalon.core.main.TestCaseExecutor.execute(TestCaseExecutor.java:235)
	at com.kms.katalon.core.main.TestSuiteExecutor.accessTestCaseMainPhase(TestSuiteExecutor.java:191)
	at com.kms.katalon.core.main.TestSuiteExecutor.accessTestSuiteMainPhase(TestSuiteExecutor.java:141)
	at com.kms.katalon.core.main.TestSuiteExecutor.execute(TestSuiteExecutor.java:90)
	at com.kms.katalon.core.main.TestCaseMain.startTestSuite(TestCaseMain.java:157)
	at com.kms.katalon.core.main.TestCaseMain$startTestSuite$0.call(Unknown Source)
	at TempTestSuite1608504700703.run(TempTestSuite1608504700703.groovy:39)
)
	at com.kms.katalon.core.keyword.internal.KeywordMain.stepFailed(KeywordMain.groovy:50)
	at com.kms.katalon.core.keyword.internal.KeywordMain.stepFailed(KeywordMain.groovy)
	at com.kms.katalon.core.keyword.internal.KeywordMain.runKeyword(KeywordMain.groovy:70)
	at com.kms.katalon.core.keyword.internal.KeywordMain$runKeyword.call(Unknown Source)
	at com.kms.katalon.core.cucumber.keyword.CucumberBuiltinKeywords.runFeatureFile(CucumberBuiltinKeywords.groovy:46)
	at com.kms.katalon.core.cucumber.keyword.CucumberBuiltinKeywords$runFeatureFile$0.callStatic(Unknown Source)
	at com.kms.katalon.core.cucumber.keyword.CucumberBuiltinKeywords.runFeatureFile(CucumberBuiltinKeywords.groovy:169)
	at com.kms.katalon.core.cucumber.keyword.CucumberBuiltinKeywords$runFeatureFile.call(Unknown Source)
	at Ekran Kontrolu.run(Ekran Kontrolu:19)
	at com.kms.katalon.core.main.ScriptEngine.run(ScriptEngine.java:194)
	at com.kms.katalon.core.main.ScriptEngine.runScriptAsRawText(ScriptEngine.java:119)
	at com.kms.katalon.core.main.TestCaseExecutor.runScript(TestCaseExecutor.java:339)
	at com.kms.katalon.core.main.TestCaseExecutor.doExecute(TestCaseExecutor.java:330)
	at com.kms.katalon.core.main.TestCaseExecutor.processExecutionPhase(TestCaseExecutor.java:309)
	at com.kms.katalon.core.main.TestCaseExecutor.accessMainPhase(TestCaseExecutor.java:301)
	at com.kms.katalon.core.main.TestCaseExecutor.execute(TestCaseExecutor.java:235)
	at com.kms.katalon.core.main.TestSuiteExecutor.accessTestCaseMainPhase(TestSuiteExecutor.java:191)
	at com.kms.katalon.core.main.TestSuiteExecutor.accessTestSuiteMainPhase(TestSuiteExecutor.java:141)
	at com.kms.katalon.core.main.TestSuiteExecutor.execute(TestSuiteExecutor.java:90)
	at com.kms.katalon.core.main.TestCaseMain.startTestSuite(TestCaseMain.java:157)
	at com.kms.katalon.core.main.TestCaseMain$startTestSuite$0.call(Unknown Source)
	at TempTestSuite1608504700703.run(TempTestSuite1608504700703.groovy:39)
Caused by: java.lang.NullPointerException: No format for key faıled
	at cucumber.runtime.formatter.AnsiFormats.get(AnsiFormats.java:51)
	at cucumber.runtime.Stats.printScenarios(Stats.java:170)
	at cucumber.runtime.Stats.printNonZeroResultScenarios(Stats.java:161)
	at cucumber.runtime.Stats.printStats(Stats.java:107)
	at cucumber.runtime.DefaultSummaryPrinter.printStats(DefaultSummaryPrinter.java:34)
	at cucumber.runtime.DefaultSummaryPrinter.print(DefaultSummaryPrinter.java:27)
	at cucumber.runtime.DefaultSummaryPrinter.access$000(DefaultSummaryPrinter.java:14)
	at cucumber.runtime.DefaultSummaryPrinter$1.receive(DefaultSummaryPrinter.java:63)
	at cucumber.runtime.DefaultSummaryPrinter$1.receive(DefaultSummaryPrinter.java:60)
	at cucumber.runner.EventBus.send(EventBus.java:28)
	at cucumber.runtime.Runtime.run(Runtime.java:109)
	at cucumber.api.cli.Main.run(Main.java:35)
	at cucumber.api.cli.Main$run.call(Unknown Source)
	at com.kms.katalon.core.cucumber.keyword.CucumberBuiltinKeywords$_runFeatureFile_closure1.doCall(CucumberBuiltinKeywords.groovy:76)
	at com.kms.katalon.core.cucumber.keyword.CucumberBuiltinKeywords$_runFeatureFile_closure1.doCall(CucumberBuiltinKeywords.groovy)
	at com.kms.katalon.core.keyword.internal.KeywordMain.runKeyword(KeywordMain.groovy:68)
	... 19 more
"/>
         <system-out><![CDATA[2020-12-21 01:54:55 - [TEST_CASE][FAILED] - Test Cases/Case Repository/e-Arsiv/e-Arsiv Araclari/e-Arsiv Fatura Olusturma/Ekran Kontrolu: Test Cases/Case Repository/e-Arsiv/e-Arsiv Araclari/e-Arsiv Fatura Olusturma/Ekran Kontrolu FAILED.
Reason:
com.kms.katalon.core.exception.StepFailedException: Keyword runFeatureFile was failed (Root cause: java.lang.NullPointerException: No format for key faıled
	at cucumber.runtime.formatter.AnsiFormats.get(AnsiFormats.java:51)
	at cucumber.runtime.Stats.printScenarios(Stats.java:170)
	at cucumber.runtime.Stats.printNonZeroResultScenarios(Stats.java:161)
	at cucumber.runtime.Stats.printStats(Stats.java:107)
	at cucumber.runtime.DefaultSummaryPrinter.printStats(DefaultSummaryPrinter.java:34)
	at cucumber.runtime.DefaultSummaryPrinter.print(DefaultSummaryPrinter.java:27)
	at cucumber.runtime.DefaultSummaryPrinter.access$000(DefaultSummaryPrinter.java:14)
	at cucumber.runtime.DefaultSummaryPrinter$1.receive(DefaultSummaryPrinter.java:63)
	at cucumber.runtime.DefaultSummaryPrinter$1.receive(DefaultSummaryPrinter.java:60)
	at cucumber.runner.EventBus.send(EventBus.java:28)
	at cucumber.runtime.Runtime.run(Runtime.java:109)
	at cucumber.api.cli.Main.run(Main.java:35)
	at cucumber.api.cli.Main$run.call(Unknown Source)
	at com.kms.katalon.core.cucumber.keyword.CucumberBuiltinKeywords$_runFeatureFile_closure1.doCall(CucumberBuiltinKeywords.groovy:76)
	at com.kms.katalon.core.cucumber.keyword.CucumberBuiltinKeywords$_runFeatureFile_closure1.doCall(CucumberBuiltinKeywords.groovy)
	at com.kms.katalon.core.keyword.internal.KeywordMain.runKeyword(KeywordMain.groovy:68)
	at com.kms.katalon.core.keyword.internal.KeywordMain$runKeyword.call(Unknown Source)
	at com.kms.katalon.core.cucumber.keyword.CucumberBuiltinKeywords.runFeatureFile(CucumberBuiltinKeywords.groovy:46)
	at com.kms.katalon.core.cucumber.keyword.CucumberBuiltinKeywords$runFeatureFile$0.callStatic(Unknown Source)
	at com.kms.katalon.core.cucumber.keyword.CucumberBuiltinKeywords.runFeatureFile(CucumberBuiltinKeywords.groovy:169)
	at com.kms.katalon.core.cucumber.keyword.CucumberBuiltinKeywords$runFeatureFile.call(Unknown Source)
	at Ekran Kontrolu.run(Ekran Kontrolu:19)
	at com.kms.katalon.core.main.ScriptEngine.run(ScriptEngine.java:194)
	at com.kms.katalon.core.main.ScriptEngine.runScriptAsRawText(ScriptEngine.java:119)
	at com.kms.katalon.core.main.TestCaseExecutor.runScript(TestCaseExecutor.java:339)
	at com.kms.katalon.core.main.TestCaseExecutor.doExecute(TestCaseExecutor.java:330)
	at com.kms.katalon.core.main.TestCaseExecutor.processExecutionPhase(TestCaseExecutor.java:309)
	at com.kms.katalon.core.main.TestCaseExecutor.accessMainPhase(TestCaseExecutor.java:301)
	at com.kms.katalon.core.main.TestCaseExecutor.execute(TestCaseExecutor.java:235)
	at com.kms.katalon.core.main.TestSuiteExecutor.accessTestCaseMainPhase(TestSuiteExecutor.java:191)
	at com.kms.katalon.core.main.TestSuiteExecutor.accessTestSuiteMainPhase(TestSuiteExecutor.java:141)
	at com.kms.katalon.core.main.TestSuiteExecutor.execute(TestSuiteExecutor.java:90)
	at com.kms.katalon.core.main.TestCaseMain.startTestSuite(TestCaseMain.java:157)
	at com.kms.katalon.core.main.TestCaseMain$startTestSuite$0.call(Unknown Source)
	at TempTestSuite1608504700703.run(TempTestSuite1608504700703.groovy:39)
)
	at com.kms.katalon.core.keyword.internal.KeywordMain.stepFailed(KeywordMain.groovy:50)
	at com.kms.katalon.core.keyword.internal.KeywordMain.stepFailed(KeywordMain.groovy)
	at com.kms.katalon.core.keyword.internal.KeywordMain.runKeyword(KeywordMain.groovy:70)
	at com.kms.katalon.core.keyword.internal.KeywordMain$runKeyword.call(Unknown Source)
	at com.kms.katalon.core.cucumber.keyword.CucumberBuiltinKeywords.runFeatureFile(CucumberBuiltinKeywords.groovy:46)
	at com.kms.katalon.core.cucumber.keyword.CucumberBuiltinKeywords$runFeatureFile$0.callStatic(Unknown Source)
	at com.kms.katalon.core.cucumber.keyword.CucumberBuiltinKeywords.runFeatureFile(CucumberBuiltinKeywords.groovy:169)
	at com.kms.katalon.core.cucumber.keyword.CucumberBuiltinKeywords$runFeatureFile.call(Unknown Source)
	at Ekran Kontrolu.run(Ekran Kontrolu:19)
	at com.kms.katalon.core.main.ScriptEngine.run(ScriptEngine.java:194)
	at com.kms.katalon.core.main.ScriptEngine.runScriptAsRawText(ScriptEngine.java:119)
	at com.kms.katalon.core.main.TestCaseExecutor.runScript(TestCaseExecutor.java:339)
	at com.kms.katalon.core.main.TestCaseExecutor.doExecute(TestCaseExecutor.java:330)
	at com.kms.katalon.core.main.TestCaseExecutor.processExecutionPhase(TestCaseExecutor.java:309)
	at com.kms.katalon.core.main.TestCaseExecutor.accessMainPhase(TestCaseExecutor.java:301)
	at com.kms.katalon.core.main.TestCaseExecutor.execute(TestCaseExecutor.java:235)
	at com.kms.katalon.core.main.TestSuiteExecutor.accessTestCaseMainPhase(TestSuiteExecutor.java:191)
	at com.kms.katalon.core.main.TestSuiteExecutor.accessTestSuiteMainPhase(TestSuiteExecutor.java:141)
	at com.kms.katalon.core.main.TestSuiteExecutor.execute(TestSuiteExecutor.java:90)
	at com.kms.katalon.core.main.TestCaseMain.startTestSuite(TestCaseMain.java:157)
	at com.kms.katalon.core.main.TestCaseMain$startTestSuite$0.call(Unknown Source)
	at TempTestSuite1608504700703.run(TempTestSuite1608504700703.groovy:39)
Caused by: java.lang.NullPointerException: No format for key faıled
	at cucumber.runtime.formatter.AnsiFormats.get(AnsiFormats.java:51)
	at cucumber.runtime.Stats.printScenarios(Stats.java:170)
	at cucumber.runtime.Stats.printNonZeroResultScenarios(Stats.java:161)
	at cucumber.runtime.Stats.printStats(Stats.java:107)
	at cucumber.runtime.DefaultSummaryPrinter.printStats(DefaultSummaryPrinter.java:34)
	at cucumber.runtime.DefaultSummaryPrinter.print(DefaultSummaryPrinter.java:27)
	at cucumber.runtime.DefaultSummaryPrinter.access$000(DefaultSummaryPrinter.java:14)
	at cucumber.runtime.DefaultSummaryPrinter$1.receive(DefaultSummaryPrinter.java:63)
	at cucumber.runtime.DefaultSummaryPrinter$1.receive(DefaultSummaryPrinter.java:60)
	at cucumber.runner.EventBus.send(EventBus.java:28)
	at cucumber.runtime.Runtime.run(Runtime.java:109)
	at cucumber.api.cli.Main.run(Main.java:35)
	at cucumber.api.cli.Main$run.call(Unknown Source)
	at com.kms.katalon.core.cucumber.keyword.CucumberBuiltinKeywords$_runFeatureFile_closure1.doCall(CucumberBuiltinKeywords.groovy:76)
	at com.kms.katalon.core.cucumber.keyword.CucumberBuiltinKeywords$_runFeatureFile_closure1.doCall(CucumberBuiltinKeywords.groovy)
	at com.kms.katalon.core.keyword.internal.KeywordMain.runKeyword(KeywordMain.groovy:68)
	... 19 more


2020-12-21 01:54:55 - [TEST_STEP][PASSED] - Start listener action : sampleBeforeTestSuite: Invoke 'com.kms.katalon.core.annotation.BeforeTestCase' method: 'Listener.sampleBeforeTestSuite(...)' completed.

2020-12-21 01:54:55 - [MESSAGE][INFO] - Starting invoke 'com.kms.katalon.core.annotation.BeforeTestCase' method: 'Listener.sampleBeforeTestSuite(...)'

2020-12-21 01:54:55 - [TEST_STEP][PASSED] - Method.dosyalariSil("C:\otomasyondownfiles"): Method.dosyalariSil is PASSED

2020-12-21 01:54:56 - [MESSAGE][PASSED] - Method.dosyalariSil is PASSED

2020-12-21 01:54:56 - [TEST_STEP][PASSED] - openBrowser(baseUrl): Browser is opened with url: 'https://efatura-stage.elogo.com.tr/'

2020-12-21 01:54:56 - [MESSAGE][INFO] - Opening browser

2020-12-21 01:54:56 - [MESSAGE][INFO] - Starting 'Chrome' driver

2020-12-21 01:54:56 - [MESSAGE][INFO] - User set preference: ['prefs', '{download.default_directory=C:\otomasyondownfiles}']

2020-12-21 01:54:56 - [MESSAGE][INFO] - Action delay is set to 0 milliseconds

2020-12-21 01:55:00 - [MESSAGE][INFO] - Navigating browser to: 'https://efatura-stage.elogo.com.tr/'

2020-12-21 01:55:02 - [MESSAGE][PASSED] - Browser is opened with url: 'https://efatura-stage.elogo.com.tr/'

2020-12-21 01:55:02 - [TEST_STEP][PASSED] - maximizeWindow(): Invoke 'com.kms.katalon.core.annotation.BeforeTestCase' method: 'Listener.sampleBeforeTestSuite(...)' completed.

2020-12-21 01:55:02 - [MESSAGE][INFO] - Maximizing current window

2020-12-21 01:55:04 - [MESSAGE][PASSED] - Current window maximized

2020-12-21 01:55:04 - [MESSAGE][INFO] - Invoke 'com.kms.katalon.core.annotation.BeforeTestCase' method: 'Listener.sampleBeforeTestSuite(...)' completed.

2020-12-21 01:55:04 - [TEST_STEP][FAILED] - runFeatureFile("Include/features/e-Arsiv/e-Arsiv Araclari/e-Arsiv Fatura Olusturma/Ekran Kontrolu.feature"): Keyword runFeatureFile was failed (Root cause: java.lang.NullPointerException: No format for key faıled
	at cucumber.runtime.formatter.AnsiFormats.get(AnsiFormats.java:51)
	at cucumber.runtime.Stats.printScenarios(Stats.java:170)
	at cucumber.runtime.Stats.printNonZeroResultScenarios(Stats.java:161)
	at cucumber.runtime.Stats.printStats(Stats.java:107)
	at cucumber.runtime.DefaultSummaryPrinter.printStats(DefaultSummaryPrinter.java:34)
	at cucumber.runtime.DefaultSummaryPrinter.print(DefaultSummaryPrinter.java:27)
	at cucumber.runtime.DefaultSummaryPrinter.access$000(DefaultSummaryPrinter.java:14)
	at cucumber.runtime.DefaultSummaryPrinter$1.receive(DefaultSummaryPrinter.java:63)
	at cucumber.runtime.DefaultSummaryPrinter$1.receive(DefaultSummaryPrinter.java:60)
	at cucumber.runner.EventBus.send(EventBus.java:28)
	at cucumber.runtime.Runtime.run(Runtime.java:109)
	at cucumber.api.cli.Main.run(Main.java:35)
	at cucumber.api.cli.Main$run.call(Unknown Source)
	at com.kms.katalon.core.cucumber.keyword.CucumberBuiltinKeywords$_runFeatureFile_closure1.doCall(CucumberBuiltinKeywords.groovy:76)
	at com.kms.katalon.core.cucumber.keyword.CucumberBuiltinKeywords$_runFeatureFile_closure1.doCall(CucumberBuiltinKeywords.groovy)
	at com.kms.katalon.core.keyword.internal.KeywordMain.runKeyword(KeywordMain.groovy:68)
	at com.kms.katalon.core.keyword.internal.KeywordMain$runKeyword.call(Unknown Source)
	at com.kms.katalon.core.cucumber.keyword.CucumberBuiltinKeywords.runFeatureFile(CucumberBuiltinKeywords.groovy:46)
	at com.kms.katalon.core.cucumber.keyword.CucumberBuiltinKeywords$runFeatureFile$0.callStatic(Unknown Source)
	at com.kms.katalon.core.cucumber.keyword.CucumberBuiltinKeywords.runFeatureFile(CucumberBuiltinKeywords.groovy:169)
	at com.kms.katalon.core.cucumber.keyword.CucumberBuiltinKeywords$runFeatureFile.call(Unknown Source)
	at Ekran Kontrolu.run(Ekran Kontrolu:19)
	at com.kms.katalon.core.main.ScriptEngine.run(ScriptEngine.java:194)
	at com.kms.katalon.core.main.ScriptEngine.runScriptAsRawText(ScriptEngine.java:119)
	at com.kms.katalon.core.main.TestCaseExecutor.runScript(TestCaseExecutor.java:339)
	at com.kms.katalon.core.main.TestCaseExecutor.doExecute(TestCaseExecutor.java:330)
	at com.kms.katalon.core.main.TestCaseExecutor.processExecutionPhase(TestCaseExecutor.java:309)
	at com.kms.katalon.core.main.TestCaseExecutor.accessMainPhase(TestCaseExecutor.java:301)
	at com.kms.katalon.core.main.TestCaseExecutor.execute(TestCaseExecutor.java:235)
	at com.kms.katalon.core.main.TestSuiteExecutor.accessTestCaseMainPhase(TestSuiteExecutor.java:191)
	at com.kms.katalon.core.main.TestSuiteExecutor.accessTestSuiteMainPhase(TestSuiteExecutor.java:141)
	at com.kms.katalon.core.main.TestSuiteExecutor.execute(TestSuiteExecutor.java:90)
	at com.kms.katalon.core.main.TestCaseMain.startTestSuite(TestCaseMain.java:157)
	at com.kms.katalon.core.main.TestCaseMain$startTestSuite$0.call(Unknown Source)
	at TempTestSuite1608504700703.run(TempTestSuite1608504700703.groovy:39)
)

2020-12-21 01:55:04 - [MESSAGE][INFO] - Starting run keyword runFeatureFile: 'Include/features/e-Arsiv/e-Arsiv Araclari/e-Arsiv Fatura Olusturma/Ekran Kontrolu.feature' and extract report to folder: 'C:\Users\yigit\Documents\GitHub\eesekim\Reports\20201221_015129\_Suite Repository ( Deneysel )\e-Arsiv\e-Arsiv Araclari\e-Arsiv Fatura Olusturma\Ekran Kontrolu\20201221_015140/cucumber_report/1608504904653'...

2020-12-21 01:55:05 - [TEST_CASE][PASSED] - Start Test Case : SCENARIO e-Arsiv Fatura Olusturma Buton Kontrolu: SCENARIO e-Arsiv Fatura Olusturma Buton Kontrolu

2020-12-21 01:55:05 - [TEST_STEP][PASSED] - Kullanıcı adı ELOGOGIB ve Şifre 123456 olarak giriş yapılır: Kullanıcı adı ELOGOGIB ve Şifre 123456 olarak giriş yapılır

2020-12-21 01:55:05 - [MESSAGE][INFO] - Checking called Test Case

2020-12-21 01:55:05 - [MESSAGE][INFO] - Starting to call Test Case 'Test Cases/Sayfalar/Giris_Sayfasi/Login'

2020-12-21 01:55:05 - [TEST_CASE][PASSED] - Test Cases/Sayfalar/Giris_Sayfasi/Login: Test Cases/Sayfalar/Giris_Sayfasi/Login

2020-12-21 01:55:05 - [TEST_STEP][PASSED] - Sayfa_Basligi = getWindowTitle(): Current window's title is: 'LOGO e-Fatura'

2020-12-21 01:55:05 - [MESSAGE][INFO] - Getting current window's title

2020-12-21 01:55:05 - [MESSAGE][PASSED] - Current window's title is: 'LOGO e-Fatura'

2020-12-21 01:55:05 - [TEST_STEP][PASSED] - verifyMatch(Sayfa_Basligi, "LOGO e-Fatura", false): Actual text 'LOGO e-Fatura' and expected text 'LOGO e-Fatura' are matched 

2020-12-21 01:55:05 - [MESSAGE][INFO] - Matching actual text 'LOGO e-Fatura' with expected text 'LOGO e-Fatura'

2020-12-21 01:55:05 - [MESSAGE][PASSED] - Actual text 'LOGO e-Fatura' and expected text 'LOGO e-Fatura' are matched 

2020-12-21 01:55:05 - [TEST_STEP][PASSED] - if (waitForElementPresent(findTestObject("Object Repository/Sayfalar/Giris_Sayfasi/PopupCarpiGiris"), 5, OPTIONAL)): Object 'Object Repository/Sayfalar/Giris_Sayfasi/PopupCarpiGiris' is not present after 5 second(s)

2020-12-21 01:55:05 - [MESSAGE][INFO] - Finding Test Object 'Object Repository/Sayfalar/Giris_Sayfasi/PopupCarpiGiris'

2020-12-21 01:55:06 - [MESSAGE][INFO] - Checking object

2020-12-21 01:55:06 - [MESSAGE][INFO] - Finding web element from Test Object's properties

2020-12-21 01:55:06 - [MESSAGE][INFO] - Checking timeout

2020-12-21 01:55:06 - [MESSAGE][INFO] - Finding web element with id: 'Object Repository/Sayfalar/Giris_Sayfasi/PopupCarpiGiris' located by 'By.cssSelector: .bootbox-close-button.close' in '5' second(s)

2020-12-21 01:55:06 - [MESSAGE][INFO] - Smart Wait Function is triggered

2020-12-21 01:55:06 - [MESSAGE][INFO] - Smart Wait Function is triggered

2020-12-21 01:55:06 - [MESSAGE][INFO] - Smart Wait Function is triggered

2020-12-21 01:55:06 - [MESSAGE][INFO] - Smart Wait Function is triggered

2020-12-21 01:55:07 - [MESSAGE][INFO] - Smart Wait Function is triggered

2020-12-21 01:55:07 - [MESSAGE][INFO] - Smart Wait Function is triggered

2020-12-21 01:55:07 - [MESSAGE][INFO] - Smart Wait Function is triggered

2020-12-21 01:55:07 - [MESSAGE][INFO] - Smart Wait Function is triggered

2020-12-21 01:55:08 - [MESSAGE][INFO] - Smart Wait Function is triggered

2020-12-21 01:55:08 - [MESSAGE][INFO] - Smart Wait Function is triggered

2020-12-21 01:55:08 - [MESSAGE][INFO] - Smart Wait Function is triggered

2020-12-21 01:55:09 - [MESSAGE][INFO] - Smart Wait Function is triggered

2020-12-21 01:55:09 - [MESSAGE][INFO] - Smart Wait Function is triggered

2020-12-21 01:55:09 - [MESSAGE][INFO] - Smart Wait Function is triggered

2020-12-21 01:55:09 - [MESSAGE][INFO] - Smart Wait Function is triggered

2020-12-21 01:55:10 - [MESSAGE][INFO] - Smart Wait Function is triggered

2020-12-21 01:55:10 - [MESSAGE][INFO] - Smart Wait Function is triggered

2020-12-21 01:55:10 - [MESSAGE][INFO] - Smart Wait Function is triggered

2020-12-21 01:55:10 - [MESSAGE][INFO] - Smart Wait Function is triggered

2020-12-21 01:55:11 - [MESSAGE][INFO] - Smart Wait Function is triggered

2020-12-21 01:55:11 - [MESSAGE][INFO] - Smart Wait Function is triggered

2020-12-21 01:55:11 - [MESSAGE][INFO] - Smart Wait Function is triggered

2020-12-21 01:55:11 - [MESSAGE][INFO] - Smart Wait Function is triggered

2020-12-21 01:55:12 - [MESSAGE][INFO] - Unable to find the element located by 'By.cssSelector: .bootbox-close-button.close'. Please recheck the objects properties to make sure the desired element is located. 

2020-12-21 01:55:12 - [MESSAGE][WARNING] - [SELF-HEALING] Failed to find element with id 'Object Repository/Sayfalar/Giris_Sayfasi/PopupCarpiGiris'. Try using Self-healing.

2020-12-21 01:55:12 - [MESSAGE][WARNING] - [SELF-HEALING] Cannot find elements when the XPath is null.

2020-12-21 01:55:12 - [MESSAGE][WARNING] - [SELF-HEALING] Cannot find elements when the selector is null

2020-12-21 01:55:12 - [MESSAGE][WARNING] - Object 'Object Repository/Sayfalar/Giris_Sayfasi/PopupCarpiGiris' is not present after 5 second(s)

2020-12-21 01:55:12 - [TEST_STEP][PASSED] - sendKeys(findTestObject("Sayfalar/Giris_Sayfasi/Firma_Kodu"), KullaniciAdi): Keys 'ELOGOGIB' sent to object: 'Object Repository/Sayfalar/Giris_Sayfasi/Firma_Kodu'

2020-12-21 01:55:12 - [MESSAGE][INFO] - Finding Test Object 'Object Repository/Sayfalar/Giris_Sayfasi/Firma_Kodu'

2020-12-21 01:55:12 - [MESSAGE][INFO] - Sending keys 'ELOGOGIB' to object: 'Object Repository/Sayfalar/Giris_Sayfasi/Firma_Kodu'

2020-12-21 01:55:12 - [MESSAGE][INFO] - Finding web element from Test Object's properties

2020-12-21 01:55:12 - [MESSAGE][INFO] - Checking timeout

2020-12-21 01:55:12 - [MESSAGE][INFO] - Finding web element with id: 'Object Repository/Sayfalar/Giris_Sayfasi/Firma_Kodu' located by 'By.xpath: //*[@id = 'AccountName']' in '30' second(s)

2020-12-21 01:55:12 - [MESSAGE][INFO] - Smart Wait Function is triggered

2020-12-21 01:55:12 - [MESSAGE][INFO] - Found 1 web elements with id: 'Object Repository/Sayfalar/Giris_Sayfasi/Firma_Kodu' located by 'By.xpath: //*[@id = 'AccountName']' in '30' second(s)

2020-12-21 01:55:12 - [MESSAGE][PASSED] - Keys 'ELOGOGIB' sent to object: 'Object Repository/Sayfalar/Giris_Sayfasi/Firma_Kodu'

2020-12-21 01:55:12 - [TEST_STEP][PASSED] - sendKeys(findTestObject("Sayfalar/Giris_Sayfasi/Sifre"), Sifre): Keys '123456' sent to object: 'Object Repository/Sayfalar/Giris_Sayfasi/Sifre'

2020-12-21 01:55:12 - [MESSAGE][INFO] - Finding Test Object 'Object Repository/Sayfalar/Giris_Sayfasi/Sifre'

2020-12-21 01:55:12 - [MESSAGE][INFO] - Sending keys '123456' to object: 'Object Repository/Sayfalar/Giris_Sayfasi/Sifre'

2020-12-21 01:55:12 - [MESSAGE][INFO] - Finding web element from Test Object's properties

2020-12-21 01:55:12 - [MESSAGE][INFO] - Checking timeout

2020-12-21 01:55:12 - [MESSAGE][INFO] - Finding web element with id: 'Object Repository/Sayfalar/Giris_Sayfasi/Sifre' located by 'By.xpath: //*[@id = 'Password']' in '30' second(s)

2020-12-21 01:55:12 - [MESSAGE][INFO] - Smart Wait Function is triggered

2020-12-21 01:55:13 - [MESSAGE][INFO] - Found 2 web elements with id: 'Object Repository/Sayfalar/Giris_Sayfasi/Sifre' located by 'By.xpath: //*[@id = 'Password']' in '30' second(s)

2020-12-21 01:55:13 - [MESSAGE][PASSED] - Keys '123456' sent to object: 'Object Repository/Sayfalar/Giris_Sayfasi/Sifre'

2020-12-21 01:55:13 - [TEST_STEP][PASSED] - waitForElementClickable(findTestObject("Sayfalar/Giris_Sayfasi/Giris_Butonu"), Waits): Object 'Object Repository/Sayfalar/Giris_Sayfasi/Giris_Butonu' is clickable

2020-12-21 01:55:13 - [MESSAGE][INFO] - Finding Test Object 'Object Repository/Sayfalar/Giris_Sayfasi/Giris_Butonu'

2020-12-21 01:55:13 - [MESSAGE][INFO] - Checking object

2020-12-21 01:55:13 - [MESSAGE][INFO] - Checking timeout

2020-12-21 01:55:13 - [MESSAGE][INFO] - Finding web element from Test Object's properties

2020-12-21 01:55:13 - [MESSAGE][INFO] - Checking timeout

2020-12-21 01:55:13 - [MESSAGE][INFO] - Finding web element with id: 'Object Repository/Sayfalar/Giris_Sayfasi/Giris_Butonu' located by 'By.xpath: //*[@id = 'btnLogin']' in '10' second(s)

2020-12-21 01:55:13 - [MESSAGE][INFO] - Smart Wait Function is triggered

2020-12-21 01:55:13 - [MESSAGE][INFO] - Found 1 web elements with id: 'Object Repository/Sayfalar/Giris_Sayfasi/Giris_Butonu' located by 'By.xpath: //*[@id = 'btnLogin']' in '10' second(s)

2020-12-21 01:55:13 - [MESSAGE][PASSED] - Object 'Object Repository/Sayfalar/Giris_Sayfasi/Giris_Butonu' is clickable

2020-12-21 01:55:13 - [TEST_STEP][PASSED] - click(findTestObject("Sayfalar/Giris_Sayfasi/Giris_Butonu")): Object: 'Object Repository/Sayfalar/Giris_Sayfasi/Giris_Butonu' is clicked on

2020-12-21 01:55:13 - [MESSAGE][INFO] - Finding Test Object 'Object Repository/Sayfalar/Giris_Sayfasi/Giris_Butonu'

2020-12-21 01:55:13 - [MESSAGE][INFO] - Checking object

2020-12-21 01:55:13 - [MESSAGE][INFO] - Finding web element from Test Object's properties

2020-12-21 01:55:13 - [MESSAGE][INFO] - Checking timeout

2020-12-21 01:55:13 - [MESSAGE][INFO] - Finding web element with id: 'Object Repository/Sayfalar/Giris_Sayfasi/Giris_Butonu' located by 'By.xpath: //*[@id = 'btnLogin']' in '30' second(s)

2020-12-21 01:55:13 - [MESSAGE][INFO] - Smart Wait Function is triggered

2020-12-21 01:55:13 - [MESSAGE][INFO] - Found 1 web elements with id: 'Object Repository/Sayfalar/Giris_Sayfasi/Giris_Butonu' located by 'By.xpath: //*[@id = 'btnLogin']' in '30' second(s)

2020-12-21 01:55:13 - [MESSAGE][INFO] - Clicking on object: 'Object Repository/Sayfalar/Giris_Sayfasi/Giris_Butonu'

2020-12-21 01:55:15 - [MESSAGE][PASSED] - Object: 'Object Repository/Sayfalar/Giris_Sayfasi/Giris_Butonu' is clicked on

2020-12-21 01:55:15 - [TEST_STEP][PASSED] - if (verifyElementPresent(findTestObject("Sayfalar/Giris_Sayfasi/PopupOK"), 5, OPTIONAL)): null

2020-12-21 01:55:15 - [MESSAGE][INFO] - Finding Test Object 'Object Repository/Sayfalar/Giris_Sayfasi/PopupOK'

2020-12-21 01:55:16 - [MESSAGE][INFO] - Checking object

2020-12-21 01:55:16 - [MESSAGE][INFO] - Finding web element from Test Object's properties

2020-12-21 01:55:16 - [MESSAGE][INFO] - Checking timeout

2020-12-21 01:55:16 - [MESSAGE][INFO] - Finding web element with id: 'Object Repository/Sayfalar/Giris_Sayfasi/PopupOK' located by 'By.cssSelector: .btn.btn-success' in '5' second(s)

2020-12-21 01:55:16 - [MESSAGE][INFO] - Smart Wait Function is triggered

2020-12-21 01:55:16 - [MESSAGE][INFO] - Found 1 web elements with id: 'Object Repository/Sayfalar/Giris_Sayfasi/PopupOK' located by 'By.cssSelector: .btn.btn-success' in '5' second(s)

2020-12-21 01:55:16 - [MESSAGE][PASSED] - Object 'Object Repository/Sayfalar/Giris_Sayfasi/PopupOK' is present

2020-12-21 01:55:16 - [TEST_STEP][PASSED] - click(findTestObject("Sayfalar/Giris_Sayfasi/PopupOK")): Object: 'Object Repository/Sayfalar/Giris_Sayfasi/PopupOK' is clicked on

2020-12-21 01:55:16 - [MESSAGE][INFO] - Finding Test Object 'Object Repository/Sayfalar/Giris_Sayfasi/PopupOK'

2020-12-21 01:55:16 - [MESSAGE][INFO] - Checking object

2020-12-21 01:55:16 - [MESSAGE][INFO] - Finding web element from Test Object's properties

2020-12-21 01:55:16 - [MESSAGE][INFO] - Checking timeout

2020-12-21 01:55:16 - [MESSAGE][INFO] - Finding web element with id: 'Object Repository/Sayfalar/Giris_Sayfasi/PopupOK' located by 'By.cssSelector: .btn.btn-success' in '30' second(s)

2020-12-21 01:55:16 - [MESSAGE][INFO] - Smart Wait Function is triggered

2020-12-21 01:55:16 - [MESSAGE][INFO] - Found 1 web elements with id: 'Object Repository/Sayfalar/Giris_Sayfasi/PopupOK' located by 'By.cssSelector: .btn.btn-success' in '30' second(s)

2020-12-21 01:55:16 - [MESSAGE][INFO] - Clicking on object: 'Object Repository/Sayfalar/Giris_Sayfasi/PopupOK'

2020-12-21 01:55:16 - [MESSAGE][PASSED] - Object: 'Object Repository/Sayfalar/Giris_Sayfasi/PopupOK' is clicked on

2020-12-21 01:55:16 - [TEST_STEP][PASSED] - verifyElementVisible(findTestObject("Object Repository/Kullanici_Islemleri/KullaniciIslemleri")): Object 'Object Repository/Kullanici_Islemleri/KullaniciIslemleri' is visible

2020-12-21 01:55:16 - [MESSAGE][INFO] - Finding Test Object 'Object Repository/Kullanici_Islemleri/KullaniciIslemleri'

2020-12-21 01:55:16 - [MESSAGE][INFO] - Checking object

2020-12-21 01:55:16 - [MESSAGE][INFO] - Finding web element from Test Object's properties

2020-12-21 01:55:16 - [MESSAGE][INFO] - Checking timeout

2020-12-21 01:55:16 - [MESSAGE][INFO] - Finding web element with id: 'Object Repository/Kullanici_Islemleri/KullaniciIslemleri' located by 'By.cssSelector: .dropdown>a>img' in '30' second(s)

2020-12-21 01:55:16 - [MESSAGE][INFO] - Smart Wait Function is triggered

2020-12-21 01:55:17 - [MESSAGE][INFO] - Found 1 web elements with id: 'Object Repository/Kullanici_Islemleri/KullaniciIslemleri' located by 'By.cssSelector: .dropdown>a>img' in '30' second(s)

2020-12-21 01:55:17 - [MESSAGE][PASSED] - Object 'Object Repository/Kullanici_Islemleri/KullaniciIslemleri' is visible

2020-12-21 01:55:17 - [MESSAGE][PASSED] - Call Test Case 'Test Cases/Sayfalar/Giris_Sayfasi/Login' successfully

2020-12-21 01:55:17 - [MESSAGE][PASSED] - Kullanıcı adı ELOGOGIB ve Şifre 123456 olarak giriş yapılır

2020-12-21 01:55:17 - [TEST_STEP][PASSED] - Ana menüden e-Arşiv seçilir: Ana menüden e-Arşiv seçilir

2020-12-21 01:55:17 - [MESSAGE][INFO] - Checking called Test Case

2020-12-21 01:55:17 - [MESSAGE][INFO] - Starting to call Test Case 'Test Cases/Menu/AnaMenuSecimi'

2020-12-21 01:55:17 - [TEST_CASE][PASSED] - Test Cases/Menu/AnaMenuSecimi: Test Cases/Menu/AnaMenuSecimi

2020-12-21 01:55:17 - [TEST_STEP][PASSED] - Method.TextDegerineEsitElementeTikla(findTestObject("Menu/Ana_Menu"), Ana_Menu): Method.TextDegerineEsitElementeTikla is PASSED

2020-12-21 01:55:17 - [MESSAGE][INFO] - Finding Test Object 'Object Repository/Menu/Ana_Menu'

2020-12-21 01:55:17 - [MESSAGE][INFO] - Checking timeout

2020-12-21 01:55:17 - [MESSAGE][INFO] - Finding web element with id: 'Object Repository/Menu/Ana_Menu' located by 'By.xpath: //*[@class = 'dropdown-toggle']' in '10' second(s)

2020-12-21 01:55:17 - [MESSAGE][INFO] - Smart Wait Function is triggered

2020-12-21 01:55:17 - [MESSAGE][INFO] - Found 14 web elements with id: 'Object Repository/Menu/Ana_Menu' located by 'By.xpath: //*[@class = 'dropdown-toggle']' in '10' second(s)

2020-12-21 01:55:17 - [MESSAGE][PASSED] - Method.TextDegerineEsitElementeTikla is PASSED

2020-12-21 01:55:17 - [MESSAGE][PASSED] - Call Test Case 'Test Cases/Menu/AnaMenuSecimi' successfully

2020-12-21 01:55:17 - [MESSAGE][PASSED] - Ana menüden e-Arşiv seçilir

2020-12-21 01:55:17 - [TEST_STEP][PASSED] - Alt menü e-Arşiv Araçları başlığı altındaki e-Arşiv Fatura Oluşturma seçilir: Alt menü e-Arşiv Araçları başlığı altındaki e-Arşiv Fatura Oluşturma seçilir

2020-12-21 01:55:17 - [MESSAGE][INFO] - Checking called Test Case

2020-12-21 01:55:17 - [MESSAGE][INFO] - Starting to call Test Case 'Test Cases/Menu/BasligaGoreAltMenuSecimi'

2020-12-21 01:55:17 - [TEST_CASE][PASSED] - Test Cases/Menu/BasligaGoreAltMenuSecimi: Test Cases/Menu/BasligaGoreAltMenuSecimi

2020-12-21 01:55:18 - [TEST_STEP][PASSED] - Method.TextDegerineEsitElementinAltindakiTextDegerineEsitOlanaTikla(findTestObject("Menu/Menu_Basligi"), findTestObject("Menu/Basliga_Gore_Alt_Menu"), Baslik, Alt_Menu): Method.TextDegerineEsitElementinAltindakiTextDegerineEsitOlanaTikla is PASSED

2020-12-21 01:55:18 - [MESSAGE][INFO] - Finding Test Object 'Object Repository/Menu/Menu_Basligi'

2020-12-21 01:55:18 - [MESSAGE][INFO] - Finding Test Object 'Object Repository/Menu/Basliga_Gore_Alt_Menu'

2020-12-21 01:55:18 - [MESSAGE][INFO] - Checking timeout

2020-12-21 01:55:18 - [MESSAGE][INFO] - Finding web element with id: 'Object Repository/Menu/Menu_Basligi' located by 'By.xpath: //li[@class='dropdown dropdown-large open']//li[@class='dropdown-header']' in '10' second(s)

2020-12-21 01:55:18 - [MESSAGE][INFO] - Smart Wait Function is triggered

2020-12-21 01:55:18 - [MESSAGE][INFO] - Found 2 web elements with id: 'Object Repository/Menu/Menu_Basligi' located by 'By.xpath: //li[@class='dropdown dropdown-large open']//li[@class='dropdown-header']' in '10' second(s)

2020-12-21 01:55:18 - [MESSAGE][INFO] - Smart Wait Function is triggered

2020-12-21 01:55:20 - [MESSAGE][PASSED] - Method.TextDegerineEsitElementinAltindakiTextDegerineEsitOlanaTikla is PASSED

2020-12-21 01:55:20 - [MESSAGE][PASSED] - Call Test Case 'Test Cases/Menu/BasligaGoreAltMenuSecimi' successfully

2020-12-21 01:55:20 - [MESSAGE][PASSED] - Alt menü e-Arşiv Araçları başlığı altındaki e-Arşiv Fatura Oluşturma seçilir

2020-12-21 01:55:20 - [TEST_STEP][PASSED] - Filtre alanlarında Durumu var mı: Filtre alanlarında Durumu var mı

2020-12-21 01:55:20 - [MESSAGE][INFO] - Checking called Test Case

2020-12-21 01:55:20 - [MESSAGE][INFO] - Starting to call Test Case 'Test Cases/Filtreler/FiltreVarMi'

2020-12-21 01:55:20 - [TEST_CASE][PASSED] - Test Cases/Filtreler/FiltreVarMi: Test Cases/Filtreler/FiltreVarMi

2020-12-21 01:55:21 - [TEST_STEP][PASSED] - Method.TextDegerineEsitElementVarMi(findTestObject("Filtreler/Basliklar"), Filtre_alan): Method.TextDegerineEsitElementVarMi is PASSED

2020-12-21 01:55:21 - [MESSAGE][INFO] - Finding Test Object 'Object Repository/Filtreler/Basliklar'

2020-12-21 01:55:21 - [MESSAGE][INFO] - Checking timeout

2020-12-21 01:55:21 - [MESSAGE][INFO] - Finding web element with id: 'Object Repository/Filtreler/Basliklar' located by 'By.cssSelector: .control-label.col-sm-4.paddingMarginRLC' in '10' second(s)

2020-12-21 01:55:21 - [MESSAGE][INFO] - Smart Wait Function is triggered

2020-12-21 01:55:21 - [MESSAGE][INFO] - Found 10 web elements with id: 'Object Repository/Filtreler/Basliklar' located by 'By.cssSelector: .control-label.col-sm-4.paddingMarginRLC' in '10' second(s)

2020-12-21 01:55:21 - [MESSAGE][PASSED] - Method.TextDegerineEsitElementVarMi is PASSED

2020-12-21 01:55:21 - [MESSAGE][PASSED] - Call Test Case 'Test Cases/Filtreler/FiltreVarMi' successfully

2020-12-21 01:55:21 - [MESSAGE][PASSED] - Filtre alanlarında Durumu var mı

2020-12-21 01:55:21 - [TEST_STEP][PASSED] - Filtre alanlarında Oluşturma Tarihi var mı: Filtre alanlarında Oluşturma Tarihi var mı

2020-12-21 01:55:21 - [MESSAGE][INFO] - Checking called Test Case

2020-12-21 01:55:21 - [MESSAGE][INFO] - Starting to call Test Case 'Test Cases/Filtreler/FiltreVarMi'

2020-12-21 01:55:21 - [TEST_CASE][PASSED] - Test Cases/Filtreler/FiltreVarMi: Test Cases/Filtreler/FiltreVarMi

2020-12-21 01:55:21 - [TEST_STEP][PASSED] - Method.TextDegerineEsitElementVarMi(findTestObject("Filtreler/Basliklar"), Filtre_alan): Method.TextDegerineEsitElementVarMi is PASSED

2020-12-21 01:55:21 - [MESSAGE][INFO] - Finding Test Object 'Object Repository/Filtreler/Basliklar'

2020-12-21 01:55:21 - [MESSAGE][INFO] - Checking timeout

2020-12-21 01:55:21 - [MESSAGE][INFO] - Finding web element with id: 'Object Repository/Filtreler/Basliklar' located by 'By.cssSelector: .control-label.col-sm-4.paddingMarginRLC' in '10' second(s)

2020-12-21 01:55:21 - [MESSAGE][INFO] - Smart Wait Function is triggered

2020-12-21 01:55:22 - [MESSAGE][INFO] - Found 10 web elements with id: 'Object Repository/Filtreler/Basliklar' located by 'By.cssSelector: .control-label.col-sm-4.paddingMarginRLC' in '10' second(s)

2020-12-21 01:55:22 - [MESSAGE][PASSED] - Method.TextDegerineEsitElementVarMi is PASSED

2020-12-21 01:55:22 - [MESSAGE][PASSED] - Call Test Case 'Test Cases/Filtreler/FiltreVarMi' successfully

2020-12-21 01:55:22 - [MESSAGE][PASSED] - Filtre alanlarında Oluşturma Tarihi var mı

2020-12-21 01:55:22 - [TEST_STEP][PASSED] - Filtre alanlarında Toplam Tutar var mı: Filtre alanlarında Toplam Tutar var mı

2020-12-21 01:55:22 - [MESSAGE][INFO] - Checking called Test Case

2020-12-21 01:55:22 - [MESSAGE][INFO] - Starting to call Test Case 'Test Cases/Filtreler/FiltreVarMi'

2020-12-21 01:55:22 - [TEST_CASE][PASSED] - Test Cases/Filtreler/FiltreVarMi: Test Cases/Filtreler/FiltreVarMi

2020-12-21 01:55:22 - [TEST_STEP][PASSED] - Method.TextDegerineEsitElementVarMi(findTestObject("Filtreler/Basliklar"), Filtre_alan): Method.TextDegerineEsitElementVarMi is PASSED

2020-12-21 01:55:22 - [MESSAGE][INFO] - Finding Test Object 'Object Repository/Filtreler/Basliklar'

2020-12-21 01:55:22 - [MESSAGE][INFO] - Checking timeout

2020-12-21 01:55:22 - [MESSAGE][INFO] - Finding web element with id: 'Object Repository/Filtreler/Basliklar' located by 'By.cssSelector: .control-label.col-sm-4.paddingMarginRLC' in '10' second(s)

2020-12-21 01:55:22 - [MESSAGE][INFO] - Smart Wait Function is triggered

2020-12-21 01:55:22 - [MESSAGE][INFO] - Found 10 web elements with id: 'Object Repository/Filtreler/Basliklar' located by 'By.cssSelector: .control-label.col-sm-4.paddingMarginRLC' in '10' second(s)

2020-12-21 01:55:22 - [MESSAGE][PASSED] - Method.TextDegerineEsitElementVarMi is PASSED

2020-12-21 01:55:22 - [MESSAGE][PASSED] - Call Test Case 'Test Cases/Filtreler/FiltreVarMi' successfully

2020-12-21 01:55:22 - [MESSAGE][PASSED] - Filtre alanlarında Toplam Tutar var mı

2020-12-21 01:55:22 - [TEST_STEP][PASSED] - Filtre alanlarında Tüm Hesaplar var mı: Filtre alanlarında Tüm Hesaplar var mı

2020-12-21 01:55:22 - [MESSAGE][INFO] - Checking called Test Case

2020-12-21 01:55:22 - [MESSAGE][INFO] - Starting to call Test Case 'Test Cases/Filtreler/FiltreVarMi'

2020-12-21 01:55:22 - [TEST_CASE][PASSED] - Test Cases/Filtreler/FiltreVarMi: Test Cases/Filtreler/FiltreVarMi

2020-12-21 01:55:22 - [TEST_STEP][PASSED] - Method.TextDegerineEsitElementVarMi(findTestObject("Filtreler/Basliklar"), Filtre_alan): Method.TextDegerineEsitElementVarMi is PASSED

2020-12-21 01:55:22 - [MESSAGE][INFO] - Finding Test Object 'Object Repository/Filtreler/Basliklar'

2020-12-21 01:55:22 - [MESSAGE][INFO] - Checking timeout

2020-12-21 01:55:22 - [MESSAGE][INFO] - Finding web element with id: 'Object Repository/Filtreler/Basliklar' located by 'By.cssSelector: .control-label.col-sm-4.paddingMarginRLC' in '10' second(s)

2020-12-21 01:55:22 - [MESSAGE][INFO] - Smart Wait Function is triggered

2020-12-21 01:55:23 - [MESSAGE][INFO] - Found 10 web elements with id: 'Object Repository/Filtreler/Basliklar' located by 'By.cssSelector: .control-label.col-sm-4.paddingMarginRLC' in '10' second(s)

2020-12-21 01:55:23 - [MESSAGE][PASSED] - Method.TextDegerineEsitElementVarMi is PASSED

2020-12-21 01:55:23 - [MESSAGE][PASSED] - Call Test Case 'Test Cases/Filtreler/FiltreVarMi' successfully

2020-12-21 01:55:23 - [MESSAGE][PASSED] - Filtre alanlarında Tüm Hesaplar var mı

2020-12-21 01:55:23 - [TEST_STEP][PASSED] - Filtre alanlarında Alıcı Ünvan var mı: Filtre alanlarında Alıcı Ünvan var mı

2020-12-21 01:55:23 - [MESSAGE][INFO] - Checking called Test Case

2020-12-21 01:55:23 - [MESSAGE][INFO] - Starting to call Test Case 'Test Cases/Filtreler/FiltreVarMi'

2020-12-21 01:55:23 - [TEST_CASE][PASSED] - Test Cases/Filtreler/FiltreVarMi: Test Cases/Filtreler/FiltreVarMi

2020-12-21 01:55:23 - [TEST_STEP][PASSED] - Method.TextDegerineEsitElementVarMi(findTestObject("Filtreler/Basliklar"), Filtre_alan): Method.TextDegerineEsitElementVarMi is PASSED

2020-12-21 01:55:23 - [MESSAGE][INFO] - Finding Test Object 'Object Repository/Filtreler/Basliklar'

2020-12-21 01:55:23 - [MESSAGE][INFO] - Checking timeout

2020-12-21 01:55:23 - [MESSAGE][INFO] - Finding web element with id: 'Object Repository/Filtreler/Basliklar' located by 'By.cssSelector: .control-label.col-sm-4.paddingMarginRLC' in '10' second(s)

2020-12-21 01:55:23 - [MESSAGE][INFO] - Smart Wait Function is triggered

2020-12-21 01:55:23 - [MESSAGE][INFO] - Found 10 web elements with id: 'Object Repository/Filtreler/Basliklar' located by 'By.cssSelector: .control-label.col-sm-4.paddingMarginRLC' in '10' second(s)

2020-12-21 01:55:23 - [MESSAGE][PASSED] - Method.TextDegerineEsitElementVarMi is PASSED

2020-12-21 01:55:23 - [MESSAGE][PASSED] - Call Test Case 'Test Cases/Filtreler/FiltreVarMi' successfully

2020-12-21 01:55:23 - [MESSAGE][PASSED] - Filtre alanlarında Alıcı Ünvan var mı

2020-12-21 01:55:23 - [TEST_STEP][PASSED] - Filtre alanlarında Fatura Tarihi var mı: Filtre alanlarında Fatura Tarihi var mı

2020-12-21 01:55:23 - [MESSAGE][INFO] - Checking called Test Case

2020-12-21 01:55:23 - [MESSAGE][INFO] - Starting to call Test Case 'Test Cases/Filtreler/FiltreVarMi'

2020-12-21 01:55:23 - [TEST_CASE][PASSED] - Test Cases/Filtreler/FiltreVarMi: Test Cases/Filtreler/FiltreVarMi

2020-12-21 01:55:23 - [TEST_STEP][PASSED] - Method.TextDegerineEsitElementVarMi(findTestObject("Filtreler/Basliklar"), Filtre_alan): Method.TextDegerineEsitElementVarMi is PASSED

2020-12-21 01:55:23 - [MESSAGE][INFO] - Finding Test Object 'Object Repository/Filtreler/Basliklar'

2020-12-21 01:55:23 - [MESSAGE][INFO] - Checking timeout

2020-12-21 01:55:23 - [MESSAGE][INFO] - Finding web element with id: 'Object Repository/Filtreler/Basliklar' located by 'By.cssSelector: .control-label.col-sm-4.paddingMarginRLC' in '10' second(s)

2020-12-21 01:55:23 - [MESSAGE][INFO] - Smart Wait Function is triggered

2020-12-21 01:55:23 - [MESSAGE][INFO] - Found 10 web elements with id: 'Object Repository/Filtreler/Basliklar' located by 'By.cssSelector: .control-label.col-sm-4.paddingMarginRLC' in '10' second(s)

2020-12-21 01:55:23 - [MESSAGE][PASSED] - Method.TextDegerineEsitElementVarMi is PASSED

2020-12-21 01:55:23 - [MESSAGE][PASSED] - Call Test Case 'Test Cases/Filtreler/FiltreVarMi' successfully

2020-12-21 01:55:23 - [MESSAGE][PASSED] - Filtre alanlarında Fatura Tarihi var mı

2020-12-21 01:55:23 - [TEST_STEP][PASSED] - Filtre alanlarında Fatura ETTN var mı: Filtre alanlarında Fatura ETTN var mı

2020-12-21 01:55:23 - [MESSAGE][INFO] - Checking called Test Case

2020-12-21 01:55:23 - [MESSAGE][INFO] - Starting to call Test Case 'Test Cases/Filtreler/FiltreVarMi'

2020-12-21 01:55:24 - [TEST_CASE][PASSED] - Test Cases/Filtreler/FiltreVarMi: Test Cases/Filtreler/FiltreVarMi

2020-12-21 01:55:24 - [TEST_STEP][PASSED] - Method.TextDegerineEsitElementVarMi(findTestObject("Filtreler/Basliklar"), Filtre_alan): Method.TextDegerineEsitElementVarMi is PASSED

2020-12-21 01:55:24 - [MESSAGE][INFO] - Finding Test Object 'Object Repository/Filtreler/Basliklar'

2020-12-21 01:55:24 - [MESSAGE][INFO] - Checking timeout

2020-12-21 01:55:24 - [MESSAGE][INFO] - Finding web element with id: 'Object Repository/Filtreler/Basliklar' located by 'By.cssSelector: .control-label.col-sm-4.paddingMarginRLC' in '10' second(s)

2020-12-21 01:55:24 - [MESSAGE][INFO] - Smart Wait Function is triggered

2020-12-21 01:55:24 - [MESSAGE][INFO] - Found 10 web elements with id: 'Object Repository/Filtreler/Basliklar' located by 'By.cssSelector: .control-label.col-sm-4.paddingMarginRLC' in '10' second(s)

2020-12-21 01:55:24 - [MESSAGE][PASSED] - Method.TextDegerineEsitElementVarMi is PASSED

2020-12-21 01:55:24 - [MESSAGE][PASSED] - Call Test Case 'Test Cases/Filtreler/FiltreVarMi' successfully

2020-12-21 01:55:24 - [MESSAGE][PASSED] - Filtre alanlarında Fatura ETTN var mı

2020-12-21 01:55:24 - [TEST_STEP][PASSED] - Filtre alanlarında Fatura No var mı: Filtre alanlarında Fatura No var mı

2020-12-21 01:55:24 - [MESSAGE][INFO] - Checking called Test Case

2020-12-21 01:55:24 - [MESSAGE][INFO] - Starting to call Test Case 'Test Cases/Filtreler/FiltreVarMi'

2020-12-21 01:55:24 - [TEST_CASE][PASSED] - Test Cases/Filtreler/FiltreVarMi: Test Cases/Filtreler/FiltreVarMi

2020-12-21 01:55:24 - [TEST_STEP][PASSED] - Method.TextDegerineEsitElementVarMi(findTestObject("Filtreler/Basliklar"), Filtre_alan): Method.TextDegerineEsitElementVarMi is PASSED

2020-12-21 01:55:24 - [MESSAGE][INFO] - Finding Test Object 'Object Repository/Filtreler/Basliklar'

2020-12-21 01:55:24 - [MESSAGE][INFO] - Checking timeout

2020-12-21 01:55:24 - [MESSAGE][INFO] - Finding web element with id: 'Object Repository/Filtreler/Basliklar' located by 'By.cssSelector: .control-label.col-sm-4.paddingMarginRLC' in '10' second(s)

2020-12-21 01:55:24 - [MESSAGE][INFO] - Smart Wait Function is triggered

2020-12-21 01:55:24 - [MESSAGE][INFO] - Found 10 web elements with id: 'Object Repository/Filtreler/Basliklar' located by 'By.cssSelector: .control-label.col-sm-4.paddingMarginRLC' in '10' second(s)

2020-12-21 01:55:24 - [MESSAGE][PASSED] - Method.TextDegerineEsitElementVarMi is PASSED

2020-12-21 01:55:24 - [MESSAGE][PASSED] - Call Test Case 'Test Cases/Filtreler/FiltreVarMi' successfully

2020-12-21 01:55:24 - [MESSAGE][PASSED] - Filtre alanlarında Fatura No var mı

2020-12-21 01:55:24 - [TEST_STEP][PASSED] - Filtre alanlarında Tür var mı: Filtre alanlarında Tür var mı

2020-12-21 01:55:24 - [MESSAGE][INFO] - Checking called Test Case

2020-12-21 01:55:24 - [MESSAGE][INFO] - Starting to call Test Case 'Test Cases/Filtreler/FiltreVarMi'

2020-12-21 01:55:24 - [TEST_CASE][PASSED] - Test Cases/Filtreler/FiltreVarMi: Test Cases/Filtreler/FiltreVarMi

2020-12-21 01:55:24 - [TEST_STEP][PASSED] - Method.TextDegerineEsitElementVarMi(findTestObject("Filtreler/Basliklar"), Filtre_alan): Method.TextDegerineEsitElementVarMi is PASSED

2020-12-21 01:55:24 - [MESSAGE][INFO] - Finding Test Object 'Object Repository/Filtreler/Basliklar'

2020-12-21 01:55:24 - [MESSAGE][INFO] - Checking timeout

2020-12-21 01:55:24 - [MESSAGE][INFO] - Finding web element with id: 'Object Repository/Filtreler/Basliklar' located by 'By.cssSelector: .control-label.col-sm-4.paddingMarginRLC' in '10' second(s)

2020-12-21 01:55:24 - [MESSAGE][INFO] - Smart Wait Function is triggered

2020-12-21 01:55:25 - [MESSAGE][INFO] - Found 10 web elements with id: 'Object Repository/Filtreler/Basliklar' located by 'By.cssSelector: .control-label.col-sm-4.paddingMarginRLC' in '10' second(s)

2020-12-21 01:55:25 - [MESSAGE][PASSED] - Method.TextDegerineEsitElementVarMi is PASSED

2020-12-21 01:55:25 - [MESSAGE][PASSED] - Call Test Case 'Test Cases/Filtreler/FiltreVarMi' successfully

2020-12-21 01:55:25 - [MESSAGE][PASSED] - Filtre alanlarında Tür var mı

2020-12-21 01:55:25 - [TEST_STEP][PASSED] - Filtre alanlarında Müşteri Bayi Kodu var mı: Filtre alanlarında Müşteri Bayi Kodu var mı

2020-12-21 01:55:25 - [MESSAGE][INFO] - Checking called Test Case

2020-12-21 01:55:25 - [MESSAGE][INFO] - Starting to call Test Case 'Test Cases/Filtreler/FiltreVarMi'

2020-12-21 01:55:25 - [TEST_CASE][PASSED] - Test Cases/Filtreler/FiltreVarMi: Test Cases/Filtreler/FiltreVarMi

2020-12-21 01:55:25 - [TEST_STEP][PASSED] - Method.TextDegerineEsitElementVarMi(findTestObject("Filtreler/Basliklar"), Filtre_alan): Method.TextDegerineEsitElementVarMi is PASSED

2020-12-21 01:55:25 - [MESSAGE][INFO] - Finding Test Object 'Object Repository/Filtreler/Basliklar'

2020-12-21 01:55:25 - [MESSAGE][INFO] - Checking timeout

2020-12-21 01:55:25 - [MESSAGE][INFO] - Finding web element with id: 'Object Repository/Filtreler/Basliklar' located by 'By.cssSelector: .control-label.col-sm-4.paddingMarginRLC' in '10' second(s)

2020-12-21 01:55:25 - [MESSAGE][INFO] - Smart Wait Function is triggered

2020-12-21 01:55:25 - [MESSAGE][INFO] - Found 10 web elements with id: 'Object Repository/Filtreler/Basliklar' located by 'By.cssSelector: .control-label.col-sm-4.paddingMarginRLC' in '10' second(s)

2020-12-21 01:55:25 - [MESSAGE][PASSED] - Method.TextDegerineEsitElementVarMi is PASSED

2020-12-21 01:55:25 - [MESSAGE][PASSED] - Call Test Case 'Test Cases/Filtreler/FiltreVarMi' successfully

2020-12-21 01:55:25 - [MESSAGE][PASSED] - Filtre alanlarında Müşteri Bayi Kodu var mı

2020-12-21 01:55:25 - [TEST_STEP][PASSED] - Filtre butonlarında Listele var mı: Filtre butonlarında Listele var mı

2020-12-21 01:55:25 - [MESSAGE][INFO] - Checking called Test Case

2020-12-21 01:55:25 - [MESSAGE][INFO] - Starting to call Test Case 'Test Cases/Filtreler/ButonVarMi'

2020-12-21 01:55:25 - [TEST_CASE][PASSED] - Test Cases/Filtreler/ButonVarMi: Test Cases/Filtreler/ButonVarMi

2020-12-21 01:55:26 - [TEST_STEP][PASSED] - Method.TextDegerineEsitElementVarMi(findTestObject("Filtreler/Butonlar"), Filtre_Buton): Method.TextDegerineEsitElementVarMi is PASSED

2020-12-21 01:55:26 - [MESSAGE][INFO] - Finding Test Object 'Object Repository/Filtreler/Butonlar'

2020-12-21 01:55:26 - [MESSAGE][INFO] - Checking timeout

2020-12-21 01:55:26 - [MESSAGE][INFO] - Finding web element with id: 'Object Repository/Filtreler/Butonlar' located by 'By.cssSelector: .dxb>span' in '10' second(s)

2020-12-21 01:55:26 - [MESSAGE][INFO] - Smart Wait Function is triggered

2020-12-21 01:55:26 - [MESSAGE][INFO] - Found 2 web elements with id: 'Object Repository/Filtreler/Butonlar' located by 'By.cssSelector: .dxb>span' in '10' second(s)

2020-12-21 01:55:26 - [MESSAGE][PASSED] - Method.TextDegerineEsitElementVarMi is PASSED

2020-12-21 01:55:26 - [MESSAGE][PASSED] - Call Test Case 'Test Cases/Filtreler/ButonVarMi' successfully

2020-12-21 01:55:26 - [MESSAGE][PASSED] - Filtre butonlarında Listele var mı

2020-12-21 01:55:26 - [TEST_STEP][PASSED] - Filtre butonlarında Temizle var mı: Filtre butonlarında Temizle var mı

2020-12-21 01:55:26 - [MESSAGE][INFO] - Checking called Test Case

2020-12-21 01:55:26 - [MESSAGE][INFO] - Starting to call Test Case 'Test Cases/Filtreler/ButonVarMi'

2020-12-21 01:55:26 - [TEST_CASE][PASSED] - Test Cases/Filtreler/ButonVarMi: Test Cases/Filtreler/ButonVarMi

2020-12-21 01:55:26 - [TEST_STEP][PASSED] - Method.TextDegerineEsitElementVarMi(findTestObject("Filtreler/Butonlar"), Filtre_Buton): Method.TextDegerineEsitElementVarMi is PASSED

2020-12-21 01:55:26 - [MESSAGE][INFO] - Finding Test Object 'Object Repository/Filtreler/Butonlar'

2020-12-21 01:55:26 - [MESSAGE][INFO] - Checking timeout

2020-12-21 01:55:26 - [MESSAGE][INFO] - Finding web element with id: 'Object Repository/Filtreler/Butonlar' located by 'By.cssSelector: .dxb>span' in '10' second(s)

2020-12-21 01:55:26 - [MESSAGE][INFO] - Smart Wait Function is triggered

2020-12-21 01:55:26 - [MESSAGE][INFO] - Found 2 web elements with id: 'Object Repository/Filtreler/Butonlar' located by 'By.cssSelector: .dxb>span' in '10' second(s)

2020-12-21 01:55:26 - [MESSAGE][PASSED] - Method.TextDegerineEsitElementVarMi is PASSED

2020-12-21 01:55:26 - [MESSAGE][PASSED] - Call Test Case 'Test Cases/Filtreler/ButonVarMi' successfully

2020-12-21 01:55:26 - [MESSAGE][PASSED] - Filtre butonlarında Temizle var mı

2020-12-21 01:55:26 - [TEST_STEP][PASSED] - Butonlardan Ekle var mı: Butonlardan Ekle var mı

2020-12-21 01:55:26 - [MESSAGE][INFO] - Checking called Test Case

2020-12-21 01:55:26 - [MESSAGE][INFO] - Starting to call Test Case 'Test Cases/Butonlar/ButonVarMi'

2020-12-21 01:55:26 - [TEST_CASE][PASSED] - Test Cases/Butonlar/ButonVarMi: Test Cases/Butonlar/ButonVarMi

2020-12-21 01:55:27 - [TEST_STEP][PASSED] - Method.TextDegerineEsitElementVarMi(findTestObject("Butonlar/Butonlar"), Buton): Method.TextDegerineEsitElementVarMi is PASSED

2020-12-21 01:55:27 - [MESSAGE][INFO] - Finding Test Object 'Object Repository/Butonlar/Butonlar'

2020-12-21 01:55:27 - [MESSAGE][INFO] - Checking timeout

2020-12-21 01:55:27 - [MESSAGE][INFO] - Finding web element with id: 'Object Repository/Butonlar/Butonlar' located by 'By.cssSelector: .panel.panel-default.text-center.footerPanel .btn,.btn.btn-primary.btnControls' in '10' second(s)

2020-12-21 01:55:27 - [MESSAGE][INFO] - Smart Wait Function is triggered

2020-12-21 01:55:27 - [MESSAGE][INFO] - Found 10 web elements with id: 'Object Repository/Butonlar/Butonlar' located by 'By.cssSelector: .panel.panel-default.text-center.footerPanel .btn,.btn.btn-primary.btnControls' in '10' second(s)

2020-12-21 01:55:27 - [MESSAGE][PASSED] - Method.TextDegerineEsitElementVarMi is PASSED

2020-12-21 01:55:27 - [MESSAGE][PASSED] - Call Test Case 'Test Cases/Butonlar/ButonVarMi' successfully

2020-12-21 01:55:27 - [MESSAGE][PASSED] - Butonlardan Ekle var mı

2020-12-21 01:55:27 - [TEST_STEP][PASSED] - Butonlardan Numara Oluştur var mı: Butonlardan Numara Oluştur var mı

2020-12-21 01:55:27 - [MESSAGE][INFO] - Checking called Test Case

2020-12-21 01:55:27 - [MESSAGE][INFO] - Starting to call Test Case 'Test Cases/Butonlar/ButonVarMi'

2020-12-21 01:55:27 - [TEST_CASE][PASSED] - Test Cases/Butonlar/ButonVarMi: Test Cases/Butonlar/ButonVarMi

2020-12-21 01:55:27 - [TEST_STEP][PASSED] - Method.TextDegerineEsitElementVarMi(findTestObject("Butonlar/Butonlar"), Buton): Method.TextDegerineEsitElementVarMi is PASSED

2020-12-21 01:55:27 - [MESSAGE][INFO] - Finding Test Object 'Object Repository/Butonlar/Butonlar'

2020-12-21 01:55:27 - [MESSAGE][INFO] - Checking timeout

2020-12-21 01:55:27 - [MESSAGE][INFO] - Finding web element with id: 'Object Repository/Butonlar/Butonlar' located by 'By.cssSelector: .panel.panel-default.text-center.footerPanel .btn,.btn.btn-primary.btnControls' in '10' second(s)

2020-12-21 01:55:27 - [MESSAGE][INFO] - Smart Wait Function is triggered

2020-12-21 01:55:27 - [MESSAGE][INFO] - Found 10 web elements with id: 'Object Repository/Butonlar/Butonlar' located by 'By.cssSelector: .panel.panel-default.text-center.footerPanel .btn,.btn.btn-primary.btnControls' in '10' second(s)

2020-12-21 01:55:27 - [MESSAGE][PASSED] - Method.TextDegerineEsitElementVarMi is PASSED

2020-12-21 01:55:27 - [MESSAGE][PASSED] - Call Test Case 'Test Cases/Butonlar/ButonVarMi' successfully

2020-12-21 01:55:27 - [MESSAGE][PASSED] - Butonlardan Numara Oluştur var mı

2020-12-21 01:55:27 - [TEST_STEP][PASSED] - Butonlardan Gönder var mı: Butonlardan Gönder var mı

2020-12-21 01:55:27 - [MESSAGE][INFO] - Checking called Test Case

2020-12-21 01:55:27 - [MESSAGE][INFO] - Starting to call Test Case 'Test Cases/Butonlar/ButonVarMi'

2020-12-21 01:55:27 - [TEST_CASE][PASSED] - Test Cases/Butonlar/ButonVarMi: Test Cases/Butonlar/ButonVarMi

2020-12-21 01:55:27 - [TEST_STEP][PASSED] - Method.TextDegerineEsitElementVarMi(findTestObject("Butonlar/Butonlar"), Buton): Method.TextDegerineEsitElementVarMi is PASSED

2020-12-21 01:55:27 - [MESSAGE][INFO] - Finding Test Object 'Object Repository/Butonlar/Butonlar'

2020-12-21 01:55:28 - [MESSAGE][INFO] - Checking timeout

2020-12-21 01:55:28 - [MESSAGE][INFO] - Finding web element with id: 'Object Repository/Butonlar/Butonlar' located by 'By.cssSelector: .panel.panel-default.text-center.footerPanel .btn,.btn.btn-primary.btnControls' in '10' second(s)

2020-12-21 01:55:28 - [MESSAGE][INFO] - Smart Wait Function is triggered

2020-12-21 01:55:28 - [MESSAGE][INFO] - Found 10 web elements with id: 'Object Repository/Butonlar/Butonlar' located by 'By.cssSelector: .panel.panel-default.text-center.footerPanel .btn,.btn.btn-primary.btnControls' in '10' second(s)

2020-12-21 01:55:28 - [MESSAGE][PASSED] - Method.TextDegerineEsitElementVarMi is PASSED

2020-12-21 01:55:28 - [MESSAGE][PASSED] - Call Test Case 'Test Cases/Butonlar/ButonVarMi' successfully

2020-12-21 01:55:28 - [MESSAGE][PASSED] - Butonlardan Gönder var mı

2020-12-21 01:55:28 - [TEST_STEP][PASSED] - Butonlardan Değiştir var mı: Butonlardan Değiştir var mı

2020-12-21 01:55:28 - [MESSAGE][INFO] - Checking called Test Case

2020-12-21 01:55:28 - [MESSAGE][INFO] - Starting to call Test Case 'Test Cases/Butonlar/ButonVarMi'

2020-12-21 01:55:28 - [TEST_CASE][PASSED] - Test Cases/Butonlar/ButonVarMi: Test Cases/Butonlar/ButonVarMi

2020-12-21 01:55:28 - [TEST_STEP][PASSED] - Method.TextDegerineEsitElementVarMi(findTestObject("Butonlar/Butonlar"), Buton): Method.TextDegerineEsitElementVarMi is PASSED

2020-12-21 01:55:28 - [MESSAGE][INFO] - Finding Test Object 'Object Repository/Butonlar/Butonlar'

2020-12-21 01:55:28 - [MESSAGE][INFO] - Checking timeout

2020-12-21 01:55:28 - [MESSAGE][INFO] - Finding web element with id: 'Object Repository/Butonlar/Butonlar' located by 'By.cssSelector: .panel.panel-default.text-center.footerPanel .btn,.btn.btn-primary.btnControls' in '10' second(s)

2020-12-21 01:55:28 - [MESSAGE][INFO] - Smart Wait Function is triggered

2020-12-21 01:55:28 - [MESSAGE][INFO] - Found 10 web elements with id: 'Object Repository/Butonlar/Butonlar' located by 'By.cssSelector: .panel.panel-default.text-center.footerPanel .btn,.btn.btn-primary.btnControls' in '10' second(s)

2020-12-21 01:55:28 - [MESSAGE][PASSED] - Method.TextDegerineEsitElementVarMi is PASSED

2020-12-21 01:55:28 - [MESSAGE][PASSED] - Call Test Case 'Test Cases/Butonlar/ButonVarMi' successfully

2020-12-21 01:55:28 - [MESSAGE][PASSED] - Butonlardan Değiştir var mı

2020-12-21 01:55:28 - [TEST_STEP][PASSED] - Butonlardan Göster var mı: Butonlardan Göster var mı

2020-12-21 01:55:28 - [MESSAGE][INFO] - Checking called Test Case

2020-12-21 01:55:28 - [MESSAGE][INFO] - Starting to call Test Case 'Test Cases/Butonlar/ButonVarMi'

2020-12-21 01:55:28 - [TEST_CASE][PASSED] - Test Cases/Butonlar/ButonVarMi: Test Cases/Butonlar/ButonVarMi

2020-12-21 01:55:28 - [TEST_STEP][PASSED] - Method.TextDegerineEsitElementVarMi(findTestObject("Butonlar/Butonlar"), Buton): Method.TextDegerineEsitElementVarMi is PASSED

2020-12-21 01:55:28 - [MESSAGE][INFO] - Finding Test Object 'Object Repository/Butonlar/Butonlar'

2020-12-21 01:55:28 - [MESSAGE][INFO] - Checking timeout

2020-12-21 01:55:28 - [MESSAGE][INFO] - Finding web element with id: 'Object Repository/Butonlar/Butonlar' located by 'By.cssSelector: .panel.panel-default.text-center.footerPanel .btn,.btn.btn-primary.btnControls' in '10' second(s)

2020-12-21 01:55:28 - [MESSAGE][INFO] - Smart Wait Function is triggered

2020-12-21 01:55:29 - [MESSAGE][INFO] - Found 10 web elements with id: 'Object Repository/Butonlar/Butonlar' located by 'By.cssSelector: .panel.panel-default.text-center.footerPanel .btn,.btn.btn-primary.btnControls' in '10' second(s)

2020-12-21 01:55:29 - [MESSAGE][PASSED] - Method.TextDegerineEsitElementVarMi is PASSED

2020-12-21 01:55:29 - [MESSAGE][PASSED] - Call Test Case 'Test Cases/Butonlar/ButonVarMi' successfully

2020-12-21 01:55:29 - [MESSAGE][PASSED] - Butonlardan Göster var mı

2020-12-21 01:55:29 - [TEST_STEP][PASSED] - Butonlardan UBL var mı: Butonlardan UBL var mı

2020-12-21 01:55:29 - [MESSAGE][INFO] - Checking called Test Case

2020-12-21 01:55:29 - [MESSAGE][INFO] - Starting to call Test Case 'Test Cases/Butonlar/ButonVarMi'

2020-12-21 01:55:29 - [TEST_CASE][PASSED] - Test Cases/Butonlar/ButonVarMi: Test Cases/Butonlar/ButonVarMi

2020-12-21 01:55:29 - [TEST_STEP][PASSED] - Method.TextDegerineEsitElementVarMi(findTestObject("Butonlar/Butonlar"), Buton): Method.TextDegerineEsitElementVarMi is PASSED

2020-12-21 01:55:29 - [MESSAGE][INFO] - Finding Test Object 'Object Repository/Butonlar/Butonlar'

2020-12-21 01:55:29 - [MESSAGE][INFO] - Checking timeout

2020-12-21 01:55:29 - [MESSAGE][INFO] - Finding web element with id: 'Object Repository/Butonlar/Butonlar' located by 'By.cssSelector: .panel.panel-default.text-center.footerPanel .btn,.btn.btn-primary.btnControls' in '10' second(s)

2020-12-21 01:55:29 - [MESSAGE][INFO] - Smart Wait Function is triggered

2020-12-21 01:55:29 - [MESSAGE][INFO] - Found 10 web elements with id: 'Object Repository/Butonlar/Butonlar' located by 'By.cssSelector: .panel.panel-default.text-center.footerPanel .btn,.btn.btn-primary.btnControls' in '10' second(s)

2020-12-21 01:55:29 - [MESSAGE][PASSED] - Method.TextDegerineEsitElementVarMi is PASSED

2020-12-21 01:55:29 - [MESSAGE][PASSED] - Call Test Case 'Test Cases/Butonlar/ButonVarMi' successfully

2020-12-21 01:55:29 - [MESSAGE][PASSED] - Butonlardan UBL var mı

2020-12-21 01:55:29 - [TEST_STEP][PASSED] - Butonlardan Sil var mı: Butonlardan Sil var mı

2020-12-21 01:55:29 - [MESSAGE][INFO] - Checking called Test Case

2020-12-21 01:55:29 - [MESSAGE][INFO] - Starting to call Test Case 'Test Cases/Butonlar/ButonVarMi'

2020-12-21 01:55:29 - [TEST_CASE][PASSED] - Test Cases/Butonlar/ButonVarMi: Test Cases/Butonlar/ButonVarMi

2020-12-21 01:55:29 - [TEST_STEP][PASSED] - Method.TextDegerineEsitElementVarMi(findTestObject("Butonlar/Butonlar"), Buton): Method.TextDegerineEsitElementVarMi is PASSED

2020-12-21 01:55:29 - [MESSAGE][INFO] - Finding Test Object 'Object Repository/Butonlar/Butonlar'

2020-12-21 01:55:29 - [MESSAGE][INFO] - Checking timeout

2020-12-21 01:55:29 - [MESSAGE][INFO] - Finding web element with id: 'Object Repository/Butonlar/Butonlar' located by 'By.cssSelector: .panel.panel-default.text-center.footerPanel .btn,.btn.btn-primary.btnControls' in '10' second(s)

2020-12-21 01:55:29 - [MESSAGE][INFO] - Smart Wait Function is triggered

2020-12-21 01:55:30 - [MESSAGE][INFO] - Found 10 web elements with id: 'Object Repository/Butonlar/Butonlar' located by 'By.cssSelector: .panel.panel-default.text-center.footerPanel .btn,.btn.btn-primary.btnControls' in '10' second(s)

2020-12-21 01:55:30 - [MESSAGE][PASSED] - Method.TextDegerineEsitElementVarMi is PASSED

2020-12-21 01:55:30 - [MESSAGE][PASSED] - Call Test Case 'Test Cases/Butonlar/ButonVarMi' successfully

2020-12-21 01:55:30 - [MESSAGE][PASSED] - Butonlardan Sil var mı

2020-12-21 01:55:30 - [TEST_STEP][PASSED] - Butonlardan As400 var mı: Butonlardan As400 var mı

2020-12-21 01:55:30 - [MESSAGE][INFO] - Checking called Test Case

2020-12-21 01:55:30 - [MESSAGE][INFO] - Starting to call Test Case 'Test Cases/Butonlar/ButonVarMi'

2020-12-21 01:55:30 - [TEST_CASE][PASSED] - Test Cases/Butonlar/ButonVarMi: Test Cases/Butonlar/ButonVarMi

2020-12-21 01:55:30 - [TEST_STEP][PASSED] - Method.TextDegerineEsitElementVarMi(findTestObject("Butonlar/Butonlar"), Buton): Method.TextDegerineEsitElementVarMi is PASSED

2020-12-21 01:55:30 - [MESSAGE][INFO] - Finding Test Object 'Object Repository/Butonlar/Butonlar'

2020-12-21 01:55:30 - [MESSAGE][INFO] - Checking timeout

2020-12-21 01:55:30 - [MESSAGE][INFO] - Finding web element with id: 'Object Repository/Butonlar/Butonlar' located by 'By.cssSelector: .panel.panel-default.text-center.footerPanel .btn,.btn.btn-primary.btnControls' in '10' second(s)

2020-12-21 01:55:30 - [MESSAGE][INFO] - Smart Wait Function is triggered

2020-12-21 01:55:30 - [MESSAGE][INFO] - Found 10 web elements with id: 'Object Repository/Butonlar/Butonlar' located by 'By.cssSelector: .panel.panel-default.text-center.footerPanel .btn,.btn.btn-primary.btnControls' in '10' second(s)

2020-12-21 01:55:30 - [MESSAGE][PASSED] - Method.TextDegerineEsitElementVarMi is PASSED

2020-12-21 01:55:30 - [MESSAGE][PASSED] - Call Test Case 'Test Cases/Butonlar/ButonVarMi' successfully

2020-12-21 01:55:30 - [MESSAGE][PASSED] - Butonlardan As400 var mı

2020-12-21 01:55:30 - [TEST_STEP][PASSED] - Butonlardan Excel var mı: Butonlardan Excel var mı

2020-12-21 01:55:30 - [MESSAGE][INFO] - Checking called Test Case

2020-12-21 01:55:30 - [MESSAGE][INFO] - Starting to call Test Case 'Test Cases/Butonlar/ButonVarMi'

2020-12-21 01:55:30 - [TEST_CASE][PASSED] - Test Cases/Butonlar/ButonVarMi: Test Cases/Butonlar/ButonVarMi

2020-12-21 01:55:30 - [TEST_STEP][PASSED] - Method.TextDegerineEsitElementVarMi(findTestObject("Butonlar/Butonlar"), Buton): Method.TextDegerineEsitElementVarMi is PASSED

2020-12-21 01:55:30 - [MESSAGE][INFO] - Finding Test Object 'Object Repository/Butonlar/Butonlar'

2020-12-21 01:55:30 - [MESSAGE][INFO] - Checking timeout

2020-12-21 01:55:30 - [MESSAGE][INFO] - Finding web element with id: 'Object Repository/Butonlar/Butonlar' located by 'By.cssSelector: .panel.panel-default.text-center.footerPanel .btn,.btn.btn-primary.btnControls' in '10' second(s)

2020-12-21 01:55:30 - [MESSAGE][INFO] - Smart Wait Function is triggered

2020-12-21 01:55:31 - [MESSAGE][INFO] - Found 10 web elements with id: 'Object Repository/Butonlar/Butonlar' located by 'By.cssSelector: .panel.panel-default.text-center.footerPanel .btn,.btn.btn-primary.btnControls' in '10' second(s)

2020-12-21 01:55:31 - [MESSAGE][PASSED] - Method.TextDegerineEsitElementVarMi is PASSED

2020-12-21 01:55:31 - [MESSAGE][PASSED] - Call Test Case 'Test Cases/Butonlar/ButonVarMi' successfully

2020-12-21 01:55:31 - [MESSAGE][PASSED] - Butonlardan Excel var mı

2020-12-21 01:55:31 - [TEST_STEP][PASSED] - Butonlardan Excel isimli butona tıklanır: Butonlardan Excel isimli butona tıklanır

2020-12-21 01:55:31 - [MESSAGE][INFO] - Checking called Test Case

2020-12-21 01:55:31 - [MESSAGE][INFO] - Starting to call Test Case 'Test Cases/Butonlar/ButonaTikla'

2020-12-21 01:55:31 - [TEST_CASE][PASSED] - Test Cases/Butonlar/ButonaTikla: Test Cases/Butonlar/ButonaTikla

2020-12-21 01:55:31 - [TEST_STEP][PASSED] - Method.TextDegerineEsitElementeTiklaEquals(findTestObject("Butonlar/Butonlar"), Buton_Adi): Method.TextDegerineEsitElementeTiklaEquals is PASSED

2020-12-21 01:55:31 - [MESSAGE][INFO] - Finding Test Object 'Object Repository/Butonlar/Butonlar'

2020-12-21 01:55:31 - [MESSAGE][INFO] - Checking timeout

2020-12-21 01:55:31 - [MESSAGE][INFO] - Finding web element with id: 'Object Repository/Butonlar/Butonlar' located by 'By.cssSelector: .panel.panel-default.text-center.footerPanel .btn,.btn.btn-primary.btnControls' in '10' second(s)

2020-12-21 01:55:31 - [MESSAGE][INFO] - Smart Wait Function is triggered

2020-12-21 01:55:31 - [MESSAGE][INFO] - Found 10 web elements with id: 'Object Repository/Butonlar/Butonlar' located by 'By.cssSelector: .panel.panel-default.text-center.footerPanel .btn,.btn.btn-primary.btnControls' in '10' second(s)

2020-12-21 01:55:31 - [MESSAGE][PASSED] - Method.TextDegerineEsitElementeTiklaEquals is PASSED

2020-12-21 01:55:31 - [MESSAGE][PASSED] - Call Test Case 'Test Cases/Butonlar/ButonaTikla' successfully

2020-12-21 01:55:31 - [MESSAGE][PASSED] - Butonlardan Excel isimli butona tıklanır

2020-12-21 01:55:31 - [TEST_STEP][PASSED] - Alt butonlardan Excel'e Aktar var mı: Alt butonlardan Excel'e Aktar var mı

2020-12-21 01:55:31 - [MESSAGE][INFO] - Checking called Test Case

2020-12-21 01:55:31 - [MESSAGE][INFO] - Starting to call Test Case 'Test Cases/Butonlar/AltButonVarMi'

2020-12-21 01:55:31 - [TEST_CASE][PASSED] - Test Cases/Butonlar/AltButonVarMi: Test Cases/Butonlar/AltButonVarMi

2020-12-21 01:55:32 - [TEST_STEP][PASSED] - Method.TextDegerineEsitElementVarMi(findTestObject("Butonlar/AltButonlar"), AltButon): Method.TextDegerineEsitElementVarMi is PASSED

2020-12-21 01:55:32 - [MESSAGE][INFO] - Finding Test Object 'Object Repository/Butonlar/AltButonlar'

2020-12-21 01:55:32 - [MESSAGE][INFO] - Checking timeout

2020-12-21 01:55:32 - [MESSAGE][INFO] - Finding web element with id: 'Object Repository/Butonlar/AltButonlar' located by 'By.cssSelector: .btn-group.open li>a' in '10' second(s)

2020-12-21 01:55:32 - [MESSAGE][INFO] - Smart Wait Function is triggered

2020-12-21 01:55:32 - [MESSAGE][INFO] - Found 2 web elements with id: 'Object Repository/Butonlar/AltButonlar' located by 'By.cssSelector: .btn-group.open li>a' in '10' second(s)

2020-12-21 01:55:32 - [MESSAGE][PASSED] - Method.TextDegerineEsitElementVarMi is PASSED

2020-12-21 01:55:32 - [MESSAGE][PASSED] - Call Test Case 'Test Cases/Butonlar/AltButonVarMi' successfully

2020-12-21 01:55:32 - [MESSAGE][PASSED] - Alt butonlardan Excel'e Aktar var mı

2020-12-21 01:55:32 - [TEST_STEP][PASSED] - Alt butonlardan Tümünü Excel'e Aktar var mı: Alt butonlardan Tümünü Excel'e Aktar var mı

2020-12-21 01:55:32 - [MESSAGE][INFO] - Checking called Test Case

2020-12-21 01:55:32 - [MESSAGE][INFO] - Starting to call Test Case 'Test Cases/Butonlar/AltButonVarMi'

2020-12-21 01:55:32 - [TEST_CASE][PASSED] - Test Cases/Butonlar/AltButonVarMi: Test Cases/Butonlar/AltButonVarMi

2020-12-21 01:55:32 - [TEST_STEP][PASSED] - Method.TextDegerineEsitElementVarMi(findTestObject("Butonlar/AltButonlar"), AltButon): Method.TextDegerineEsitElementVarMi is PASSED

2020-12-21 01:55:32 - [MESSAGE][INFO] - Finding Test Object 'Object Repository/Butonlar/AltButonlar'

2020-12-21 01:55:32 - [MESSAGE][INFO] - Checking timeout

2020-12-21 01:55:32 - [MESSAGE][INFO] - Finding web element with id: 'Object Repository/Butonlar/AltButonlar' located by 'By.cssSelector: .btn-group.open li>a' in '10' second(s)

2020-12-21 01:55:32 - [MESSAGE][INFO] - Smart Wait Function is triggered

2020-12-21 01:55:32 - [MESSAGE][INFO] - Found 2 web elements with id: 'Object Repository/Butonlar/AltButonlar' located by 'By.cssSelector: .btn-group.open li>a' in '10' second(s)

2020-12-21 01:55:32 - [MESSAGE][PASSED] - Method.TextDegerineEsitElementVarMi is PASSED

2020-12-21 01:55:32 - [MESSAGE][PASSED] - Call Test Case 'Test Cases/Butonlar/AltButonVarMi' successfully

2020-12-21 01:55:32 - [MESSAGE][PASSED] - Alt butonlardan Tümünü Excel'e Aktar var mı

2020-12-21 01:55:32 - [TEST_STEP][PASSED] - Kullanıcı işlemlerinden Çıkış seçilir: Kullanıcı işlemlerinden Çıkış seçilir

2020-12-21 01:55:32 - [MESSAGE][INFO] - Checking called Test Case

2020-12-21 01:55:32 - [MESSAGE][INFO] - Starting to call Test Case 'Test Cases/Kullanici_Islemleri/KullaniciIslemlerindenSecimYapilir'

2020-12-21 01:55:32 - [TEST_CASE][PASSED] - Test Cases/Kullanici_Islemleri/KullaniciIslemlerindenSecimYapilir: Test Cases/Kullanici_Islemleri/KullaniciIslemlerindenSecimYapilir

2020-12-21 01:55:33 - [TEST_STEP][PASSED] - waitForElementClickable(findTestObject("Object Repository/Kullanici_Islemleri/KullaniciIslemleri"), 10): Object 'Object Repository/Kullanici_Islemleri/KullaniciIslemleri' is clickable

2020-12-21 01:55:33 - [MESSAGE][INFO] - Finding Test Object 'Object Repository/Kullanici_Islemleri/KullaniciIslemleri'

2020-12-21 01:55:33 - [MESSAGE][INFO] - Checking object

2020-12-21 01:55:33 - [MESSAGE][INFO] - Checking timeout

2020-12-21 01:55:33 - [MESSAGE][INFO] - Finding web element from Test Object's properties

2020-12-21 01:55:33 - [MESSAGE][INFO] - Checking timeout

2020-12-21 01:55:33 - [MESSAGE][INFO] - Finding web element with id: 'Object Repository/Kullanici_Islemleri/KullaniciIslemleri' located by 'By.cssSelector: .dropdown>a>img' in '10' second(s)

2020-12-21 01:55:33 - [MESSAGE][INFO] - Smart Wait Function is triggered

2020-12-21 01:55:33 - [MESSAGE][INFO] - Found 1 web elements with id: 'Object Repository/Kullanici_Islemleri/KullaniciIslemleri' located by 'By.cssSelector: .dropdown>a>img' in '10' second(s)

2020-12-21 01:55:33 - [MESSAGE][PASSED] - Object 'Object Repository/Kullanici_Islemleri/KullaniciIslemleri' is clickable

2020-12-21 01:55:33 - [TEST_STEP][PASSED] - click(findTestObject("Object Repository/Kullanici_Islemleri/KullaniciIslemleri")): Object: 'Object Repository/Kullanici_Islemleri/KullaniciIslemleri' is clicked on

2020-12-21 01:55:33 - [MESSAGE][INFO] - Finding Test Object 'Object Repository/Kullanici_Islemleri/KullaniciIslemleri'

2020-12-21 01:55:33 - [MESSAGE][INFO] - Checking object

2020-12-21 01:55:33 - [MESSAGE][INFO] - Finding web element from Test Object's properties

2020-12-21 01:55:33 - [MESSAGE][INFO] - Checking timeout

2020-12-21 01:55:33 - [MESSAGE][INFO] - Finding web element with id: 'Object Repository/Kullanici_Islemleri/KullaniciIslemleri' located by 'By.cssSelector: .dropdown>a>img' in '30' second(s)

2020-12-21 01:55:33 - [MESSAGE][INFO] - Smart Wait Function is triggered

2020-12-21 01:55:33 - [MESSAGE][INFO] - Found 1 web elements with id: 'Object Repository/Kullanici_Islemleri/KullaniciIslemleri' located by 'By.cssSelector: .dropdown>a>img' in '30' second(s)

2020-12-21 01:55:33 - [MESSAGE][INFO] - Clicking on object: 'Object Repository/Kullanici_Islemleri/KullaniciIslemleri'

2020-12-21 01:55:33 - [MESSAGE][PASSED] - Object: 'Object Repository/Kullanici_Islemleri/KullaniciIslemleri' is clicked on

2020-12-21 01:55:33 - [TEST_STEP][PASSED] - Method.TextDegerineEsitElementeTikla(findTestObject("Object Repository/Kullanici_Islemleri/Secenekler"), Islem): Method.TextDegerineEsitElementeTikla is PASSED

2020-12-21 01:55:33 - [MESSAGE][INFO] - Finding Test Object 'Object Repository/Kullanici_Islemleri/Secenekler'

2020-12-21 01:55:33 - [MESSAGE][INFO] - Checking timeout

2020-12-21 01:55:33 - [MESSAGE][INFO] - Finding web element with id: 'Object Repository/Kullanici_Islemleri/Secenekler' located by 'By.cssSelector: .nav.navbar-nav.navbar-right li a' in '10' second(s)

2020-12-21 01:55:33 - [MESSAGE][INFO] - Smart Wait Function is triggered

2020-12-21 01:55:34 - [MESSAGE][INFO] - Found 25 web elements with id: 'Object Repository/Kullanici_Islemleri/Secenekler' located by 'By.cssSelector: .nav.navbar-nav.navbar-right li a' in '10' second(s)

2020-12-21 01:55:34 - [MESSAGE][PASSED] - Method.TextDegerineEsitElementeTikla is PASSED

2020-12-21 01:55:34 - [TEST_STEP][PASSED] - verifyElementNotPresent(findTestObject("Object Repository/Kullanici_Islemleri/Secenekler"), 10): Web element with id: 'Object Repository/Kullanici_Islemleri/Secenekler' located by 'By.cssSelector: .nav.navbar-nav.navbar-right li a' is not present after '10' second(s)

2020-12-21 01:55:34 - [MESSAGE][INFO] - Finding Test Object 'Object Repository/Kullanici_Islemleri/Secenekler'

2020-12-21 01:55:34 - [MESSAGE][INFO] - Checking object

2020-12-21 01:55:34 - [MESSAGE][INFO] - Checking timeout

2020-12-21 01:55:34 - [MESSAGE][INFO] - Finding web element with id: 'Object Repository/Kullanici_Islemleri/Secenekler' located by 'By.cssSelector: .nav.navbar-nav.navbar-right li a' in '10' second(s)

2020-12-21 01:55:34 - [MESSAGE][INFO] - Smart Wait Function is triggered

2020-12-21 01:55:35 - [MESSAGE][PASSED] - Web element with id: 'Object Repository/Kullanici_Islemleri/Secenekler' located by 'By.cssSelector: .nav.navbar-nav.navbar-right li a' is not present after '10' second(s)

2020-12-21 01:55:35 - [MESSAGE][PASSED] - Call Test Case 'Test Cases/Kullanici_Islemleri/KullaniciIslemlerindenSecimYapilir' successfully

2020-12-21 01:55:35 - [MESSAGE][PASSED] - Kullanıcı işlemlerinden Çıkış seçilir

2020-12-21 01:55:35 - [MESSAGE][FAILED] - Keyword runFeatureFile was failed (Root cause: java.lang.NullPointerException: No format for key faıled
	at cucumber.runtime.formatter.AnsiFormats.get(AnsiFormats.java:51)
	at cucumber.runtime.Stats.printScenarios(Stats.java:170)
	at cucumber.runtime.Stats.printNonZeroResultScenarios(Stats.java:161)
	at cucumber.runtime.Stats.printStats(Stats.java:107)
	at cucumber.runtime.DefaultSummaryPrinter.printStats(DefaultSummaryPrinter.java:34)
	at cucumber.runtime.DefaultSummaryPrinter.print(DefaultSummaryPrinter.java:27)
	at cucumber.runtime.DefaultSummaryPrinter.access$000(DefaultSummaryPrinter.java:14)
	at cucumber.runtime.DefaultSummaryPrinter$1.receive(DefaultSummaryPrinter.java:63)
	at cucumber.runtime.DefaultSummaryPrinter$1.receive(DefaultSummaryPrinter.java:60)
	at cucumber.runner.EventBus.send(EventBus.java:28)
	at cucumber.runtime.Runtime.run(Runtime.java:109)
	at cucumber.api.cli.Main.run(Main.java:35)
	at cucumber.api.cli.Main$run.call(Unknown Source)
	at com.kms.katalon.core.cucumber.keyword.CucumberBuiltinKeywords$_runFeatureFile_closure1.doCall(CucumberBuiltinKeywords.groovy:76)
	at com.kms.katalon.core.cucumber.keyword.CucumberBuiltinKeywords$_runFeatureFile_closure1.doCall(CucumberBuiltinKeywords.groovy)
	at com.kms.katalon.core.keyword.internal.KeywordMain.runKeyword(KeywordMain.groovy:68)
	at com.kms.katalon.core.keyword.internal.KeywordMain$runKeyword.call(Unknown Source)
	at com.kms.katalon.core.cucumber.keyword.CucumberBuiltinKeywords.runFeatureFile(CucumberBuiltinKeywords.groovy:46)
	at com.kms.katalon.core.cucumber.keyword.CucumberBuiltinKeywords$runFeatureFile$0.callStatic(Unknown Source)
	at com.kms.katalon.core.cucumber.keyword.CucumberBuiltinKeywords.runFeatureFile(CucumberBuiltinKeywords.groovy:169)
	at com.kms.katalon.core.cucumber.keyword.CucumberBuiltinKeywords$runFeatureFile.call(Unknown Source)
	at Ekran Kontrolu.run(Ekran Kontrolu:19)
	at com.kms.katalon.core.main.ScriptEngine.run(ScriptEngine.java:194)
	at com.kms.katalon.core.main.ScriptEngine.runScriptAsRawText(ScriptEngine.java:119)
	at com.kms.katalon.core.main.TestCaseExecutor.runScript(TestCaseExecutor.java:339)
	at com.kms.katalon.core.main.TestCaseExecutor.doExecute(TestCaseExecutor.java:330)
	at com.kms.katalon.core.main.TestCaseExecutor.processExecutionPhase(TestCaseExecutor.java:309)
	at com.kms.katalon.core.main.TestCaseExecutor.accessMainPhase(TestCaseExecutor.java:301)
	at com.kms.katalon.core.main.TestCaseExecutor.execute(TestCaseExecutor.java:235)
	at com.kms.katalon.core.main.TestSuiteExecutor.accessTestCaseMainPhase(TestSuiteExecutor.java:191)
	at com.kms.katalon.core.main.TestSuiteExecutor.accessTestSuiteMainPhase(TestSuiteExecutor.java:141)
	at com.kms.katalon.core.main.TestSuiteExecutor.execute(TestSuiteExecutor.java:90)
	at com.kms.katalon.core.main.TestCaseMain.startTestSuite(TestCaseMain.java:157)
	at com.kms.katalon.core.main.TestCaseMain$startTestSuite$0.call(Unknown Source)
	at TempTestSuite1608504700703.run(TempTestSuite1608504700703.groovy:39)
)

2020-12-21 01:55:35 - [TEST_STEP][PASSED] - Start listener action : sampleAfterTestSuite: Invoke 'com.kms.katalon.core.annotation.AfterTestCase' method: 'Listener.sampleAfterTestSuite(...)' completed.

2020-12-21 01:55:35 - [MESSAGE][INFO] - Starting invoke 'com.kms.katalon.core.annotation.AfterTestCase' method: 'Listener.sampleAfterTestSuite(...)'

2020-12-21 01:55:35 - [MESSAGE][INFO] - Invoke 'com.kms.katalon.core.annotation.AfterTestCase' method: 'Listener.sampleAfterTestSuite(...)' completed.]]></system-out>
         <system-err><![CDATA[2020-12-21 01:54:55 - [TEST_CASE][FAILED] - Test Cases/Case Repository/e-Arsiv/e-Arsiv Araclari/e-Arsiv Fatura Olusturma/Ekran Kontrolu: Test Cases/Case Repository/e-Arsiv/e-Arsiv Araclari/e-Arsiv Fatura Olusturma/Ekran Kontrolu FAILED.
Reason:
com.kms.katalon.core.exception.StepFailedException: Keyword runFeatureFile was failed (Root cause: java.lang.NullPointerException: No format for key faıled
	at cucumber.runtime.formatter.AnsiFormats.get(AnsiFormats.java:51)
	at cucumber.runtime.Stats.printScenarios(Stats.java:170)
	at cucumber.runtime.Stats.printNonZeroResultScenarios(Stats.java:161)
	at cucumber.runtime.Stats.printStats(Stats.java:107)
	at cucumber.runtime.DefaultSummaryPrinter.printStats(DefaultSummaryPrinter.java:34)
	at cucumber.runtime.DefaultSummaryPrinter.print(DefaultSummaryPrinter.java:27)
	at cucumber.runtime.DefaultSummaryPrinter.access$000(DefaultSummaryPrinter.java:14)
	at cucumber.runtime.DefaultSummaryPrinter$1.receive(DefaultSummaryPrinter.java:63)
	at cucumber.runtime.DefaultSummaryPrinter$1.receive(DefaultSummaryPrinter.java:60)
	at cucumber.runner.EventBus.send(EventBus.java:28)
	at cucumber.runtime.Runtime.run(Runtime.java:109)
	at cucumber.api.cli.Main.run(Main.java:35)
	at cucumber.api.cli.Main$run.call(Unknown Source)
	at com.kms.katalon.core.cucumber.keyword.CucumberBuiltinKeywords$_runFeatureFile_closure1.doCall(CucumberBuiltinKeywords.groovy:76)
	at com.kms.katalon.core.cucumber.keyword.CucumberBuiltinKeywords$_runFeatureFile_closure1.doCall(CucumberBuiltinKeywords.groovy)
	at com.kms.katalon.core.keyword.internal.KeywordMain.runKeyword(KeywordMain.groovy:68)
	at com.kms.katalon.core.keyword.internal.KeywordMain$runKeyword.call(Unknown Source)
	at com.kms.katalon.core.cucumber.keyword.CucumberBuiltinKeywords.runFeatureFile(CucumberBuiltinKeywords.groovy:46)
	at com.kms.katalon.core.cucumber.keyword.CucumberBuiltinKeywords$runFeatureFile$0.callStatic(Unknown Source)
	at com.kms.katalon.core.cucumber.keyword.CucumberBuiltinKeywords.runFeatureFile(CucumberBuiltinKeywords.groovy:169)
	at com.kms.katalon.core.cucumber.keyword.CucumberBuiltinKeywords$runFeatureFile.call(Unknown Source)
	at Ekran Kontrolu.run(Ekran Kontrolu:19)
	at com.kms.katalon.core.main.ScriptEngine.run(ScriptEngine.java:194)
	at com.kms.katalon.core.main.ScriptEngine.runScriptAsRawText(ScriptEngine.java:119)
	at com.kms.katalon.core.main.TestCaseExecutor.runScript(TestCaseExecutor.java:339)
	at com.kms.katalon.core.main.TestCaseExecutor.doExecute(TestCaseExecutor.java:330)
	at com.kms.katalon.core.main.TestCaseExecutor.processExecutionPhase(TestCaseExecutor.java:309)
	at com.kms.katalon.core.main.TestCaseExecutor.accessMainPhase(TestCaseExecutor.java:301)
	at com.kms.katalon.core.main.TestCaseExecutor.execute(TestCaseExecutor.java:235)
	at com.kms.katalon.core.main.TestSuiteExecutor.accessTestCaseMainPhase(TestSuiteExecutor.java:191)
	at com.kms.katalon.core.main.TestSuiteExecutor.accessTestSuiteMainPhase(TestSuiteExecutor.java:141)
	at com.kms.katalon.core.main.TestSuiteExecutor.execute(TestSuiteExecutor.java:90)
	at com.kms.katalon.core.main.TestCaseMain.startTestSuite(TestCaseMain.java:157)
	at com.kms.katalon.core.main.TestCaseMain$startTestSuite$0.call(Unknown Source)
	at TempTestSuite1608504700703.run(TempTestSuite1608504700703.groovy:39)
)
	at com.kms.katalon.core.keyword.internal.KeywordMain.stepFailed(KeywordMain.groovy:50)
	at com.kms.katalon.core.keyword.internal.KeywordMain.stepFailed(KeywordMain.groovy)
	at com.kms.katalon.core.keyword.internal.KeywordMain.runKeyword(KeywordMain.groovy:70)
	at com.kms.katalon.core.keyword.internal.KeywordMain$runKeyword.call(Unknown Source)
	at com.kms.katalon.core.cucumber.keyword.CucumberBuiltinKeywords.runFeatureFile(CucumberBuiltinKeywords.groovy:46)
	at com.kms.katalon.core.cucumber.keyword.CucumberBuiltinKeywords$runFeatureFile$0.callStatic(Unknown Source)
	at com.kms.katalon.core.cucumber.keyword.CucumberBuiltinKeywords.runFeatureFile(CucumberBuiltinKeywords.groovy:169)
	at com.kms.katalon.core.cucumber.keyword.CucumberBuiltinKeywords$runFeatureFile.call(Unknown Source)
	at Ekran Kontrolu.run(Ekran Kontrolu:19)
	at com.kms.katalon.core.main.ScriptEngine.run(ScriptEngine.java:194)
	at com.kms.katalon.core.main.ScriptEngine.runScriptAsRawText(ScriptEngine.java:119)
	at com.kms.katalon.core.main.TestCaseExecutor.runScript(TestCaseExecutor.java:339)
	at com.kms.katalon.core.main.TestCaseExecutor.doExecute(TestCaseExecutor.java:330)
	at com.kms.katalon.core.main.TestCaseExecutor.processExecutionPhase(TestCaseExecutor.java:309)
	at com.kms.katalon.core.main.TestCaseExecutor.accessMainPhase(TestCaseExecutor.java:301)
	at com.kms.katalon.core.main.TestCaseExecutor.execute(TestCaseExecutor.java:235)
	at com.kms.katalon.core.main.TestSuiteExecutor.accessTestCaseMainPhase(TestSuiteExecutor.java:191)
	at com.kms.katalon.core.main.TestSuiteExecutor.accessTestSuiteMainPhase(TestSuiteExecutor.java:141)
	at com.kms.katalon.core.main.TestSuiteExecutor.execute(TestSuiteExecutor.java:90)
	at com.kms.katalon.core.main.TestCaseMain.startTestSuite(TestCaseMain.java:157)
	at com.kms.katalon.core.main.TestCaseMain$startTestSuite$0.call(Unknown Source)
	at TempTestSuite1608504700703.run(TempTestSuite1608504700703.groovy:39)
Caused by: java.lang.NullPointerException: No format for key faıled
	at cucumber.runtime.formatter.AnsiFormats.get(AnsiFormats.java:51)
	at cucumber.runtime.Stats.printScenarios(Stats.java:170)
	at cucumber.runtime.Stats.printNonZeroResultScenarios(Stats.java:161)
	at cucumber.runtime.Stats.printStats(Stats.java:107)
	at cucumber.runtime.DefaultSummaryPrinter.printStats(DefaultSummaryPrinter.java:34)
	at cucumber.runtime.DefaultSummaryPrinter.print(DefaultSummaryPrinter.java:27)
	at cucumber.runtime.DefaultSummaryPrinter.access$000(DefaultSummaryPrinter.java:14)
	at cucumber.runtime.DefaultSummaryPrinter$1.receive(DefaultSummaryPrinter.java:63)
	at cucumber.runtime.DefaultSummaryPrinter$1.receive(DefaultSummaryPrinter.java:60)
	at cucumber.runner.EventBus.send(EventBus.java:28)
	at cucumber.runtime.Runtime.run(Runtime.java:109)
	at cucumber.api.cli.Main.run(Main.java:35)
	at cucumber.api.cli.Main$run.call(Unknown Source)
	at com.kms.katalon.core.cucumber.keyword.CucumberBuiltinKeywords$_runFeatureFile_closure1.doCall(CucumberBuiltinKeywords.groovy:76)
	at com.kms.katalon.core.cucumber.keyword.CucumberBuiltinKeywords$_runFeatureFile_closure1.doCall(CucumberBuiltinKeywords.groovy)
	at com.kms.katalon.core.keyword.internal.KeywordMain.runKeyword(KeywordMain.groovy:68)
	... 19 more]]></system-err>
      </testcase>
      <system-out><![CDATA[2020-12-21 01:54:55 - [TEST_SUITE][FAILED] - Ekran Kontrolu: Test Cases/Case Repository/e-Arsiv/e-Arsiv Araclari/e-Arsiv Fatura Olusturma/Ekran Kontrolu FAILED.
Reason:
com.kms.katalon.core.exception.StepFailedException: Keyword runFeatureFile was failed (Root cause: java.lang.NullPointerException: No format for key faıled
	at cucumber.runtime.formatter.AnsiFormats.get(AnsiFormats.java:51)
	at cucumber.runtime.Stats.printScenarios(Stats.java:170)
	at cucumber.runtime.Stats.printNonZeroResultScenarios(Stats.java:161)
	at cucumber.runtime.Stats.printStats(Stats.java:107)
	at cucumber.runtime.DefaultSummaryPrinter.printStats(DefaultSummaryPrinter.java:34)
	at cucumber.runtime.DefaultSummaryPrinter.print(DefaultSummaryPrinter.java:27)
	at cucumber.runtime.DefaultSummaryPrinter.access$000(DefaultSummaryPrinter.java:14)
	at cucumber.runtime.DefaultSummaryPrinter$1.receive(DefaultSummaryPrinter.java:63)
	at cucumber.runtime.DefaultSummaryPrinter$1.receive(DefaultSummaryPrinter.java:60)
	at cucumber.runner.EventBus.send(EventBus.java:28)
	at cucumber.runtime.Runtime.run(Runtime.java:109)
	at cucumber.api.cli.Main.run(Main.java:35)
	at cucumber.api.cli.Main$run.call(Unknown Source)
	at com.kms.katalon.core.cucumber.keyword.CucumberBuiltinKeywords$_runFeatureFile_closure1.doCall(CucumberBuiltinKeywords.groovy:76)
	at com.kms.katalon.core.cucumber.keyword.CucumberBuiltinKeywords$_runFeatureFile_closure1.doCall(CucumberBuiltinKeywords.groovy)
	at com.kms.katalon.core.keyword.internal.KeywordMain.runKeyword(KeywordMain.groovy:68)
	at com.kms.katalon.core.keyword.internal.KeywordMain$runKeyword.call(Unknown Source)
	at com.kms.katalon.core.cucumber.keyword.CucumberBuiltinKeywords.runFeatureFile(CucumberBuiltinKeywords.groovy:46)
	at com.kms.katalon.core.cucumber.keyword.CucumberBuiltinKeywords$runFeatureFile$0.callStatic(Unknown Source)
	at com.kms.katalon.core.cucumber.keyword.CucumberBuiltinKeywords.runFeatureFile(CucumberBuiltinKeywords.groovy:169)
	at com.kms.katalon.core.cucumber.keyword.CucumberBuiltinKeywords$runFeatureFile.call(Unknown Source)
	at Ekran Kontrolu.run(Ekran Kontrolu:19)
	at com.kms.katalon.core.main.ScriptEngine.run(ScriptEngine.java:194)
	at com.kms.katalon.core.main.ScriptEngine.runScriptAsRawText(ScriptEngine.java:119)
	at com.kms.katalon.core.main.TestCaseExecutor.runScript(TestCaseExecutor.java:339)
	at com.kms.katalon.core.main.TestCaseExecutor.doExecute(TestCaseExecutor.java:330)
	at com.kms.katalon.core.main.TestCaseExecutor.processExecutionPhase(TestCaseExecutor.java:309)
	at com.kms.katalon.core.main.TestCaseExecutor.accessMainPhase(TestCaseExecutor.java:301)
	at com.kms.katalon.core.main.TestCaseExecutor.execute(TestCaseExecutor.java:235)
	at com.kms.katalon.core.main.TestSuiteExecutor.accessTestCaseMainPhase(TestSuiteExecutor.java:191)
	at com.kms.katalon.core.main.TestSuiteExecutor.accessTestSuiteMainPhase(TestSuiteExecutor.java:141)
	at com.kms.katalon.core.main.TestSuiteExecutor.execute(TestSuiteExecutor.java:90)
	at com.kms.katalon.core.main.TestCaseMain.startTestSuite(TestCaseMain.java:157)
	at com.kms.katalon.core.main.TestCaseMain$startTestSuite$0.call(Unknown Source)
	at TempTestSuite1608504700703.run(TempTestSuite1608504700703.groovy:39)
)
	at com.kms.katalon.core.keyword.internal.KeywordMain.stepFailed(KeywordMain.groovy:50)
	at com.kms.katalon.core.keyword.internal.KeywordMain.stepFailed(KeywordMain.groovy)
	at com.kms.katalon.core.keyword.internal.KeywordMain.runKeyword(KeywordMain.groovy:70)
	at com.kms.katalon.core.keyword.internal.KeywordMain$runKeyword.call(Unknown Source)
	at com.kms.katalon.core.cucumber.keyword.CucumberBuiltinKeywords.runFeatureFile(CucumberBuiltinKeywords.groovy:46)
	at com.kms.katalon.core.cucumber.keyword.CucumberBuiltinKeywords$runFeatureFile$0.callStatic(Unknown Source)
	at com.kms.katalon.core.cucumber.keyword.CucumberBuiltinKeywords.runFeatureFile(CucumberBuiltinKeywords.groovy:169)
	at com.kms.katalon.core.cucumber.keyword.CucumberBuiltinKeywords$runFeatureFile.call(Unknown Source)
	at Ekran Kontrolu.run(Ekran Kontrolu:19)
	at com.kms.katalon.core.main.ScriptEngine.run(ScriptEngine.java:194)
	at com.kms.katalon.core.main.ScriptEngine.runScriptAsRawText(ScriptEngine.java:119)
	at com.kms.katalon.core.main.TestCaseExecutor.runScript(TestCaseExecutor.java:339)
	at com.kms.katalon.core.main.TestCaseExecutor.doExecute(TestCaseExecutor.java:330)
	at com.kms.katalon.core.main.TestCaseExecutor.processExecutionPhase(TestCaseExecutor.java:309)
	at com.kms.katalon.core.main.TestCaseExecutor.accessMainPhase(TestCaseExecutor.java:301)
	at com.kms.katalon.core.main.TestCaseExecutor.execute(TestCaseExecutor.java:235)
	at com.kms.katalon.core.main.TestSuiteExecutor.accessTestCaseMainPhase(TestSuiteExecutor.java:191)
	at com.kms.katalon.core.main.TestSuiteExecutor.accessTestSuiteMainPhase(TestSuiteExecutor.java:141)
	at com.kms.katalon.core.main.TestSuiteExecutor.execute(TestSuiteExecutor.java:90)
	at com.kms.katalon.core.main.TestCaseMain.startTestSuite(TestCaseMain.java:157)
	at com.kms.katalon.core.main.TestCaseMain$startTestSuite$0.call(Unknown Source)
	at TempTestSuite1608504700703.run(TempTestSuite1608504700703.groovy:39)
Caused by: java.lang.NullPointerException: No format for key faıled
	at cucumber.runtime.formatter.AnsiFormats.get(AnsiFormats.java:51)
	at cucumber.runtime.Stats.printScenarios(Stats.java:170)
	at cucumber.runtime.Stats.printNonZeroResultScenarios(Stats.java:161)
	at cucumber.runtime.Stats.printStats(Stats.java:107)
	at cucumber.runtime.DefaultSummaryPrinter.printStats(DefaultSummaryPrinter.java:34)
	at cucumber.runtime.DefaultSummaryPrinter.print(DefaultSummaryPrinter.java:27)
	at cucumber.runtime.DefaultSummaryPrinter.access$000(DefaultSummaryPrinter.java:14)
	at cucumber.runtime.DefaultSummaryPrinter$1.receive(DefaultSummaryPrinter.java:63)
	at cucumber.runtime.DefaultSummaryPrinter$1.receive(DefaultSummaryPrinter.java:60)
	at cucumber.runner.EventBus.send(EventBus.java:28)
	at cucumber.runtime.Runtime.run(Runtime.java:109)
	at cucumber.api.cli.Main.run(Main.java:35)
	at cucumber.api.cli.Main$run.call(Unknown Source)
	at com.kms.katalon.core.cucumber.keyword.CucumberBuiltinKeywords$_runFeatureFile_closure1.doCall(CucumberBuiltinKeywords.groovy:76)
	at com.kms.katalon.core.cucumber.keyword.CucumberBuiltinKeywords$_runFeatureFile_closure1.doCall(CucumberBuiltinKeywords.groovy)
	at com.kms.katalon.core.keyword.internal.KeywordMain.runKeyword(KeywordMain.groovy:68)
	... 19 more]]></system-out>
      <system-err><![CDATA[2020-12-21 01:54:55 - [TEST_SUITE][FAILED] - Ekran Kontrolu: Test Cases/Case Repository/e-Arsiv/e-Arsiv Araclari/e-Arsiv Fatura Olusturma/Ekran Kontrolu FAILED.
Reason:
com.kms.katalon.core.exception.StepFailedException: Keyword runFeatureFile was failed (Root cause: java.lang.NullPointerException: No format for key faıled
	at cucumber.runtime.formatter.AnsiFormats.get(AnsiFormats.java:51)
	at cucumber.runtime.Stats.printScenarios(Stats.java:170)
	at cucumber.runtime.Stats.printNonZeroResultScenarios(Stats.java:161)
	at cucumber.runtime.Stats.printStats(Stats.java:107)
	at cucumber.runtime.DefaultSummaryPrinter.printStats(DefaultSummaryPrinter.java:34)
	at cucumber.runtime.DefaultSummaryPrinter.print(DefaultSummaryPrinter.java:27)
	at cucumber.runtime.DefaultSummaryPrinter.access$000(DefaultSummaryPrinter.java:14)
	at cucumber.runtime.DefaultSummaryPrinter$1.receive(DefaultSummaryPrinter.java:63)
	at cucumber.runtime.DefaultSummaryPrinter$1.receive(DefaultSummaryPrinter.java:60)
	at cucumber.runner.EventBus.send(EventBus.java:28)
	at cucumber.runtime.Runtime.run(Runtime.java:109)
	at cucumber.api.cli.Main.run(Main.java:35)
	at cucumber.api.cli.Main$run.call(Unknown Source)
	at com.kms.katalon.core.cucumber.keyword.CucumberBuiltinKeywords$_runFeatureFile_closure1.doCall(CucumberBuiltinKeywords.groovy:76)
	at com.kms.katalon.core.cucumber.keyword.CucumberBuiltinKeywords$_runFeatureFile_closure1.doCall(CucumberBuiltinKeywords.groovy)
	at com.kms.katalon.core.keyword.internal.KeywordMain.runKeyword(KeywordMain.groovy:68)
	at com.kms.katalon.core.keyword.internal.KeywordMain$runKeyword.call(Unknown Source)
	at com.kms.katalon.core.cucumber.keyword.CucumberBuiltinKeywords.runFeatureFile(CucumberBuiltinKeywords.groovy:46)
	at com.kms.katalon.core.cucumber.keyword.CucumberBuiltinKeywords$runFeatureFile$0.callStatic(Unknown Source)
	at com.kms.katalon.core.cucumber.keyword.CucumberBuiltinKeywords.runFeatureFile(CucumberBuiltinKeywords.groovy:169)
	at com.kms.katalon.core.cucumber.keyword.CucumberBuiltinKeywords$runFeatureFile.call(Unknown Source)
	at Ekran Kontrolu.run(Ekran Kontrolu:19)
	at com.kms.katalon.core.main.ScriptEngine.run(ScriptEngine.java:194)
	at com.kms.katalon.core.main.ScriptEngine.runScriptAsRawText(ScriptEngine.java:119)
	at com.kms.katalon.core.main.TestCaseExecutor.runScript(TestCaseExecutor.java:339)
	at com.kms.katalon.core.main.TestCaseExecutor.doExecute(TestCaseExecutor.java:330)
	at com.kms.katalon.core.main.TestCaseExecutor.processExecutionPhase(TestCaseExecutor.java:309)
	at com.kms.katalon.core.main.TestCaseExecutor.accessMainPhase(TestCaseExecutor.java:301)
	at com.kms.katalon.core.main.TestCaseExecutor.execute(TestCaseExecutor.java:235)
	at com.kms.katalon.core.main.TestSuiteExecutor.accessTestCaseMainPhase(TestSuiteExecutor.java:191)
	at com.kms.katalon.core.main.TestSuiteExecutor.accessTestSuiteMainPhase(TestSuiteExecutor.java:141)
	at com.kms.katalon.core.main.TestSuiteExecutor.execute(TestSuiteExecutor.java:90)
	at com.kms.katalon.core.main.TestCaseMain.startTestSuite(TestCaseMain.java:157)
	at com.kms.katalon.core.main.TestCaseMain$startTestSuite$0.call(Unknown Source)
	at TempTestSuite1608504700703.run(TempTestSuite1608504700703.groovy:39)
)
	at com.kms.katalon.core.keyword.internal.KeywordMain.stepFailed(KeywordMain.groovy:50)
	at com.kms.katalon.core.keyword.internal.KeywordMain.stepFailed(KeywordMain.groovy)
	at com.kms.katalon.core.keyword.internal.KeywordMain.runKeyword(KeywordMain.groovy:70)
	at com.kms.katalon.core.keyword.internal.KeywordMain$runKeyword.call(Unknown Source)
	at com.kms.katalon.core.cucumber.keyword.CucumberBuiltinKeywords.runFeatureFile(CucumberBuiltinKeywords.groovy:46)
	at com.kms.katalon.core.cucumber.keyword.CucumberBuiltinKeywords$runFeatureFile$0.callStatic(Unknown Source)
	at com.kms.katalon.core.cucumber.keyword.CucumberBuiltinKeywords.runFeatureFile(CucumberBuiltinKeywords.groovy:169)
	at com.kms.katalon.core.cucumber.keyword.CucumberBuiltinKeywords$runFeatureFile.call(Unknown Source)
	at Ekran Kontrolu.run(Ekran Kontrolu:19)
	at com.kms.katalon.core.main.ScriptEngine.run(ScriptEngine.java:194)
	at com.kms.katalon.core.main.ScriptEngine.runScriptAsRawText(ScriptEngine.java:119)
	at com.kms.katalon.core.main.TestCaseExecutor.runScript(TestCaseExecutor.java:339)
	at com.kms.katalon.core.main.TestCaseExecutor.doExecute(TestCaseExecutor.java:330)
	at com.kms.katalon.core.main.TestCaseExecutor.processExecutionPhase(TestCaseExecutor.java:309)
	at com.kms.katalon.core.main.TestCaseExecutor.accessMainPhase(TestCaseExecutor.java:301)
	at com.kms.katalon.core.main.TestCaseExecutor.execute(TestCaseExecutor.java:235)
	at com.kms.katalon.core.main.TestSuiteExecutor.accessTestCaseMainPhase(TestSuiteExecutor.java:191)
	at com.kms.katalon.core.main.TestSuiteExecutor.accessTestSuiteMainPhase(TestSuiteExecutor.java:141)
	at com.kms.katalon.core.main.TestSuiteExecutor.execute(TestSuiteExecutor.java:90)
	at com.kms.katalon.core.main.TestCaseMain.startTestSuite(TestCaseMain.java:157)
	at com.kms.katalon.core.main.TestCaseMain$startTestSuite$0.call(Unknown Source)
	at TempTestSuite1608504700703.run(TempTestSuite1608504700703.groovy:39)
Caused by: java.lang.NullPointerException: No format for key faıled
	at cucumber.runtime.formatter.AnsiFormats.get(AnsiFormats.java:51)
	at cucumber.runtime.Stats.printScenarios(Stats.java:170)
	at cucumber.runtime.Stats.printNonZeroResultScenarios(Stats.java:161)
	at cucumber.runtime.Stats.printStats(Stats.java:107)
	at cucumber.runtime.DefaultSummaryPrinter.printStats(DefaultSummaryPrinter.java:34)
	at cucumber.runtime.DefaultSummaryPrinter.print(DefaultSummaryPrinter.java:27)
	at cucumber.runtime.DefaultSummaryPrinter.access$000(DefaultSummaryPrinter.java:14)
	at cucumber.runtime.DefaultSummaryPrinter$1.receive(DefaultSummaryPrinter.java:63)
	at cucumber.runtime.DefaultSummaryPrinter$1.receive(DefaultSummaryPrinter.java:60)
	at cucumber.runner.EventBus.send(EventBus.java:28)
	at cucumber.runtime.Runtime.run(Runtime.java:109)
	at cucumber.api.cli.Main.run(Main.java:35)
	at cucumber.api.cli.Main$run.call(Unknown Source)
	at com.kms.katalon.core.cucumber.keyword.CucumberBuiltinKeywords$_runFeatureFile_closure1.doCall(CucumberBuiltinKeywords.groovy:76)
	at com.kms.katalon.core.cucumber.keyword.CucumberBuiltinKeywords$_runFeatureFile_closure1.doCall(CucumberBuiltinKeywords.groovy)
	at com.kms.katalon.core.keyword.internal.KeywordMain.runKeyword(KeywordMain.groovy:68)
	... 19 more]]></system-err>
   </testsuite>
</testsuites>
