[
  {
    "line": 1,
    "elements": [
      {
        "line": 16,
        "name": "e-Arsiv Raporlari Rapor Olustur",
        "description": "",
        "id": "e-arsiv-raporlari-rapor-olustur;e-arsiv-raporlari-rapor-olustur;;2",
        "type": "scenario",
        "keyword": "Scenario Outline",
        "steps": [
          {
            "result": {
              "duration": 8007125300,
              "status": "passed"
            },
            "line": 4,
            "name": "Giriş yapılır",
            "match": {
              "location": "girisSayfasi.login()"
            },
            "keyword": "* "
          },
          {
            "result": {
              "duration": 312662700,
              "status": "passed"
            },
            "line": 5,
            "name": "Ana menüden e-Arşiv seçilir",
            "match": {
              "arguments": [
                {
                  "val": "e-Arşiv",
                  "offset": 12
                }
              ],
              "location": "menu.anaMenuSecimi(String)"
            },
            "keyword": "* "
          },
          {
            "result": {
              "duration": 1151165800,
              "status": "passed"
            },
            "line": 6,
            "name": "Alt menü e-Arşiv Hareketleri başlığı altındaki e-Arşiv Raporları seçilir",
            "match": {
              "arguments": [
                {
                  "val": "e-Arşiv Hareketleri",
                  "offset": 9
                },
                {
                  "val": "e-Arşiv Raporları",
                  "offset": 47
                }
              ],
              "location": "menu.basligaGoreAltMenuSecimi(String,String)"
            },
            "keyword": "* "
          },
          {
            "result": {
              "duration": 346173200,
              "status": "passed"
            },
            "line": 7,
            "name": "Butonlardan Rapor Oluştur isimli butona tıklanır",
            "match": {
              "arguments": [
                {
                  "val": "Rapor Oluştur",
                  "offset": 12
                }
              ],
              "location": "butonlar.butonaTikla(String)"
            },
            "keyword": "* "
          },
          {
            "result": {
              "duration": 263213900,
              "status": "passed"
            },
            "line": 8,
            "name": "Popup mesajı e-Arşiv raporları oluşturulacaktır. Devam etmek istiyormusunuz içeriyor mu",
            "match": {
              "arguments": [
                {
                  "val": "e-Arşiv raporları oluşturulacaktır. Devam etmek istiyormusunuz",
                  "offset": 13
                }
              ],
              "location": "popup.popupIceriyorMu(String)"
            },
            "keyword": "* "
          },
          {
            "result": {
              "duration": 308282900,
              "status": "passed"
            },
            "line": 9,
            "name": "Yönetim popupında Onayla seçilir",
            "match": {
              "arguments": [
                {
                  "val": "Onayla",
                  "offset": 18
                }
              ],
              "location": "popup.yonetimPopupindanSecilir(String)"
            },
            "keyword": "* "
          },
          {
            "result": {
              "error_message": "com.kms.katalon.core.exception.StepFailedException: Call Test Case \u0027Test Cases/Popup/PopupMesajiIceriyorMu\u0027 failed\r\n\tat com.kms.katalon.core.keyword.builtin.CallTestCaseKeyword$_callTestCase_closure1.doCall(CallTestCaseKeyword.groovy:63)\r\n\tat com.kms.katalon.core.keyword.builtin.CallTestCaseKeyword$_callTestCase_closure1.call(CallTestCaseKeyword.groovy)\r\n\tat com.kms.katalon.core.keyword.internal.KeywordMain.runKeyword(KeywordMain.groovy:68)\r\n\tat com.kms.katalon.core.keyword.builtin.CallTestCaseKeyword.callTestCase(CallTestCaseKeyword.groovy:81)\r\n\tat com.kms.katalon.core.keyword.builtin.CallTestCaseKeyword.execute(CallTestCaseKeyword.groovy:44)\r\n\tat com.kms.katalon.core.keyword.internal.KeywordExecutor.executeKeywordForPlatform(KeywordExecutor.groovy:73)\r\n\tat com.kms.katalon.core.keyword.BuiltinKeywords.callTestCase(BuiltinKeywords.groovy:334)\r\n\tat popup.popup.popupIceriyorMu(popup.groovy:61)\r\n\tat ✽.Popup mesajı İşleminiz başarıyla tamamlanmıştır içeriyor mu(C:/otomasyonprojeler/EES/Include/features/e-Arsiv/e-Arsiv Hareketleri/e-Arsiv Raporlari/Rapor Olustur.feature:10)\r\nCaused by: com.kms.katalon.core.exception.StepFailedException: Unable to wait for object \u0027Object Repository/Popup/Popup\u0027 to be visible\r\n\tat com.kms.katalon.core.webui.keyword.internal.WebUIKeywordMain.stepFailed(WebUIKeywordMain.groovy:64)\r\n\tat com.kms.katalon.core.webui.keyword.internal.WebUIKeywordMain.runKeyword(WebUIKeywordMain.groovy:26)\r\n\tat com.kms.katalon.core.webui.keyword.internal.WebUIKeywordMain$runKeyword.call(Unknown Source)\r\n\tat com.kms.katalon.core.webui.keyword.builtin.WaitForElementVisibleKeyword.waitForElementVisible(WaitForElementVisibleKeyword.groovy:98)\r\n\tat com.kms.katalon.core.webui.keyword.builtin.WaitForElementVisibleKeyword.execute(WaitForElementVisibleKeyword.groovy:68)\r\n\tat com.kms.katalon.core.keyword.internal.KeywordExecutor.executeKeywordForPlatform(KeywordExecutor.groovy:73)\r\n\tat com.kms.katalon.core.webui.keyword.WebUiBuiltInKeywords.waitForElementVisible(WebUiBuiltInKeywords.groovy:434)\r\n\tat com.kms.katalon.core.webui.keyword.WebUiBuiltInKeywords$waitForElementVisible$9.call(Unknown Source)\r\n\tat PopupMesajiIceriyorMu.run(PopupMesajiIceriyorMu:18)\r\n\tat com.kms.katalon.core.main.ScriptEngine.run(ScriptEngine.java:194)\r\n\tat com.kms.katalon.core.main.ScriptEngine.runScriptAsRawText(ScriptEngine.java:119)\r\n\tat com.kms.katalon.core.main.TestCaseExecutor.runScript(TestCaseExecutor.java:339)\r\n\tat com.kms.katalon.core.main.TestCaseExecutor.doExecute(TestCaseExecutor.java:330)\r\n\tat com.kms.katalon.core.main.TestCaseExecutor.processExecutionPhase(TestCaseExecutor.java:309)\r\n\tat com.kms.katalon.core.main.TestCaseExecutor.accessMainPhase(TestCaseExecutor.java:301)\r\n\tat com.kms.katalon.core.main.TestCaseExecutor.execute(TestCaseExecutor.java:235)\r\n\tat com.kms.katalon.core.main.TestCaseMain.runTestCase(TestCaseMain.java:114)\r\n\tat com.kms.katalon.core.keyword.builtin.CallTestCaseKeyword$_callTestCase_closure1.doCall(CallTestCaseKeyword.groovy:59)\r\n\tat com.kms.katalon.core.keyword.builtin.CallTestCaseKeyword$_callTestCase_closure1.call(CallTestCaseKeyword.groovy)\r\n\tat com.kms.katalon.core.keyword.internal.KeywordMain.runKeyword(KeywordMain.groovy:68)\r\n\tat com.kms.katalon.core.keyword.builtin.CallTestCaseKeyword.callTestCase(CallTestCaseKeyword.groovy:81)\r\n\tat com.kms.katalon.core.keyword.builtin.CallTestCaseKeyword.execute(CallTestCaseKeyword.groovy:44)\r\n\tat com.kms.katalon.core.keyword.internal.KeywordExecutor.executeKeywordForPlatform(KeywordExecutor.groovy:73)\r\n\tat com.kms.katalon.core.keyword.BuiltinKeywords.callTestCase(BuiltinKeywords.groovy:334)\r\n\tat popup.popup.popupIceriyorMu(popup.groovy:61)\r\n\tat cucumber.runtime.Utils$1.call(Utils.java:26)\r\n\tat cucumber.runtime.Timeout.timeout(Timeout.java:16)\r\n\tat cucumber.runtime.Utils.invoke(Utils.java:20)\r\n\tat cucumber.runtime.java.JavaStepDefinition.execute(JavaStepDefinition.java:48)\r\n\tat cucumber.runtime.PickleStepDefinitionMatch.runStep(PickleStepDefinitionMatch.java:50)\r\n\tat cucumber.runner.TestStep.executeStep(TestStep.java:55)\r\n\tat cucumber.runner.TestStep.run(TestStep.java:42)\r\n\tat cucumber.runner.PickleStepTestStep.run(PickleStepTestStep.java:53)\r\n\tat cucumber.runner.TestCase.run(TestCase.java:47)\r\n\tat cucumber.runner.Runner.runPickle(Runner.java:44)\r\n\tat cucumber.runtime.Runtime.runFeature(Runtime.java:120)\r\n\tat cucumber.runtime.Runtime.run(Runtime.java:106)\r\n\tat cucumber.api.cli.Main.run(Main.java:35)\r\n\tat cucumber.api.cli.Main$run.call(Unknown Source)\r\n\tat com.kms.katalon.core.cucumber.keyword.CucumberBuiltinKeywords$_runFeatureFile_closure1.doCall(CucumberBuiltinKeywords.groovy:76)\r\n\tat com.kms.katalon.core.cucumber.keyword.CucumberBuiltinKeywords$_runFeatureFile_closure1.doCall(CucumberBuiltinKeywords.groovy)\r\n\tat com.kms.katalon.core.keyword.internal.KeywordMain.runKeyword(KeywordMain.groovy:68)\r\n\tat com.kms.katalon.core.keyword.internal.KeywordMain$runKeyword.call(Unknown Source)\r\n\tat com.kms.katalon.core.cucumber.keyword.CucumberBuiltinKeywords.runFeatureFile(CucumberBuiltinKeywords.groovy:46)\r\n\tat com.kms.katalon.core.cucumber.keyword.CucumberBuiltinKeywords$runFeatureFile$0.callStatic(Unknown Source)\r\n\tat com.kms.katalon.core.cucumber.keyword.CucumberBuiltinKeywords.runFeatureFile(CucumberBuiltinKeywords.groovy:169)\r\n\tat com.kms.katalon.core.cucumber.keyword.CucumberBuiltinKeywords$runFeatureFile.call(Unknown Source)\r\n\tat Rapor Olustur.run(Rapor Olustur:18)\r\n\tat com.kms.katalon.core.main.ScriptEngine.run(ScriptEngine.java:194)\r\n\tat com.kms.katalon.core.main.ScriptEngine.runScriptAsRawText(ScriptEngine.java:119)\r\n\tat com.kms.katalon.core.main.TestCaseExecutor.runScript(TestCaseExecutor.java:339)\r\n\tat com.kms.katalon.core.main.TestCaseExecutor.doExecute(TestCaseExecutor.java:330)\r\n\tat com.kms.katalon.core.main.TestCaseExecutor.processExecutionPhase(TestCaseExecutor.java:309)\r\n\tat com.kms.katalon.core.main.TestCaseExecutor.accessMainPhase(TestCaseExecutor.java:301)\r\n\tat com.kms.katalon.core.main.TestCaseExecutor.execute(TestCaseExecutor.java:235)\r\n\tat com.kms.katalon.core.main.TestSuiteExecutor.accessTestCaseMainPhase(TestSuiteExecutor.java:191)\r\n\tat com.kms.katalon.core.main.TestSuiteExecutor.accessTestSuiteMainPhase(TestSuiteExecutor.java:141)\r\n\tat com.kms.katalon.core.main.TestSuiteExecutor.execute(TestSuiteExecutor.java:90)\r\n\tat com.kms.katalon.core.main.TestCaseMain.startTestSuite(TestCaseMain.java:157)\r\n\tat com.kms.katalon.core.main.TestCaseMain$startTestSuite$0.call(Unknown Source)\r\n\tat TempTestSuite1599577617867.run(TempTestSuite1599577617867.groovy:39)\r\nCaused by: org.openqa.selenium.StaleElementReferenceException: stale element reference: element is not attached to the page document\n  (Session info: headless chrome\u003d84.0.4147.135)\nFor documentation on this error, please visit: https://www.seleniumhq.org/exceptions/stale_element_reference.html\nBuild info: version: \u00273.141.59\u0027, revision: \u0027e82be7d358\u0027, time: \u00272018-11-14T08:25:53\u0027\nSystem info: host: \u0027ELENTTSTTERM11\u0027, ip: \u002710.41.30.2\u0027, os.name: \u0027Windows Server 2016\u0027, os.arch: \u0027amd64\u0027, os.version: \u002710.0\u0027, java.version: \u00271.8.0_181\u0027\nDriver info: com.kms.katalon.selenium.driver.CChromeDriver\nCapabilities {acceptInsecureCerts: false, browserName: chrome, browserVersion: 84.0.4147.135, chrome: {chromedriverVersion: 83.0.4103.39 (ccbf011cb2d2b..., userDataDir: C:\\Windows\\TEMP\\scoped_dir1...}, goog:chromeOptions: {debuggerAddress: localhost:58659}, javascriptEnabled: true, networkConnectionEnabled: false, pageLoadStrategy: normal, platform: WINDOWS, platformName: WINDOWS, proxy: Proxy(), setWindowRect: true, strictFileInteractability: false, timeouts: {implicit: 0, pageLoad: 300000, script: 30000}, unhandledPromptBehavior: dismiss and notify, webauthn:virtualAuthenticators: true}\nSession ID: bff4c63b69e26e834bad5cb3bfb6fbc8\r\n\tat org.openqa.selenium.remote.http.W3CHttpResponseCodec.createException(W3CHttpResponseCodec.java:187)\r\n\tat org.openqa.selenium.remote.http.W3CHttpResponseCodec.decode(W3CHttpResponseCodec.java:122)\r\n\tat org.openqa.selenium.remote.http.W3CHttpResponseCodec.decode(W3CHttpResponseCodec.java:49)\r\n\tat org.openqa.selenium.remote.HttpCommandExecutor.execute(HttpCommandExecutor.java:158)\r\n\tat org.openqa.selenium.remote.service.DriverCommandExecutor.execute(DriverCommandExecutor.java:83)\r\n\tat org.openqa.selenium.remote.RemoteWebDriver.execute(RemoteWebDriver.java:552)\r\n\tat com.kms.katalon.selenium.driver.CChromeDriver.execute(CChromeDriver.java:19)\r\n\tat org.openqa.selenium.remote.RemoteWebElement.execute(RemoteWebElement.java:285)\r\n\tat org.openqa.selenium.remote.RemoteWebElement.isDisplayed(RemoteWebElement.java:326)\r\n\tat org.openqa.selenium.support.events.EventFiringWebDriver$EventFiringWebElement.lambda$new$0(EventFiringWebDriver.java:404)\r\n\tat com.sun.proxy.$Proxy21.isDisplayed(Unknown Source)\r\n\tat org.openqa.selenium.support.events.EventFiringWebDriver$EventFiringWebElement.isDisplayed(EventFiringWebDriver.java:470)\r\n\tat org.openqa.selenium.support.ui.ExpectedConditions.elementIfVisible(ExpectedConditions.java:314)\r\n\tat org.openqa.selenium.support.ui.ExpectedConditions.access$000(ExpectedConditions.java:43)\r\n\tat org.openqa.selenium.support.ui.ExpectedConditions$10.apply(ExpectedConditions.java:300)\r\n\tat org.openqa.selenium.support.ui.ExpectedConditions$10.apply(ExpectedConditions.java:297)\r\n\tat org.openqa.selenium.support.ui.FluentWait.until(FluentWait.java:249)\r\n\tat org.openqa.selenium.support.ui.Wait$until.call(Unknown Source)\r\n\tat com.kms.katalon.core.webui.keyword.builtin.WaitForElementVisibleKeyword$_waitForElementVisible_closure1.doCall(WaitForElementVisibleKeyword.groovy:81)\r\n\tat com.kms.katalon.core.webui.keyword.builtin.WaitForElementVisibleKeyword$_waitForElementVisible_closure1.doCall(WaitForElementVisibleKeyword.groovy)\r\n\tat com.kms.katalon.core.webui.keyword.internal.WebUIKeywordMain.runKeyword(WebUIKeywordMain.groovy:20)\r\n\t... 59 more\r\n",
              "duration": 727889100,
              "status": "failed"
            },
            "line": 10,
            "name": "Popup mesajı İşleminiz başarıyla tamamlanmıştır içeriyor mu",
            "match": {
              "arguments": [
                {
                  "val": "İşleminiz başarıyla tamamlanmıştır",
                  "offset": 13
                }
              ],
              "location": "popup.popupIceriyorMu(String)"
            },
            "keyword": "* "
          },
          {
            "result": {
              "status": "skipped"
            },
            "line": 11,
            "name": "Yönetim popupında Tamam seçilir",
            "match": {
              "arguments": [
                {
                  "val": "Tamam",
                  "offset": 18
                }
              ],
              "location": "popup.yonetimPopupindanSecilir(String)"
            },
            "keyword": "* "
          },
          {
            "result": {
              "status": "skipped"
            },
            "line": 12,
            "name": "Kullanıcı işlemlerinden Çıkış seçilir",
            "match": {
              "arguments": [
                {
                  "val": "Çıkış",
                  "offset": 24
                }
              ],
              "location": "kullaniciIslemleri.kullaniciIslemi(String)"
            },
            "keyword": "* "
          }
        ]
      }
    ],
    "name": "e-Arsiv Raporlari Rapor Olustur",
    "description": "",
    "id": "e-arsiv-raporlari-rapor-olustur",
    "keyword": "Feature",
    "uri": "C:/otomasyonprojeler/EES/Include/features/e-Arsiv/e-Arsiv Hareketleri/e-Arsiv Raporlari/Rapor Olustur.feature",
    "tags": []
  }
]