[
  {
    "line": 1,
    "elements": [
      {
        "line": 15,
        "name": "e-Defter Saklama Fatura Yukle",
        "description": "",
        "id": "e-defter-saklama-fatura-yukle;e-defter-saklama-fatura-yukle;;2",
        "type": "scenario",
        "keyword": "Scenario Outline",
        "steps": [
          {
            "result": {
              "duration": 7957232400,
              "status": "passed"
            },
            "line": 4,
            "name": "Giriş yapılır",
            "match": {
              "location": "girisSayfasi.login()"
            },
            "keyword": "* "
          },
          {
            "result": {
              "duration": 365951800,
              "status": "passed"
            },
            "line": 5,
            "name": "Ana menüden e-Saklama seçilir",
            "match": {
              "arguments": [
                {
                  "val": "e-Saklama",
                  "offset": 12
                }
              ],
              "location": "menu.anaMenuSecimi(String)"
            },
            "keyword": "* "
          },
          {
            "result": {
              "duration": 534929900,
              "status": "passed"
            },
            "line": 6,
            "name": "Alt menü e-Fatura başlığı altındaki Fatura Yükleme seçilir",
            "match": {
              "arguments": [
                {
                  "val": "e-Fatura",
                  "offset": 9
                },
                {
                  "val": "Fatura Yükleme",
                  "offset": 36
                }
              ],
              "location": "menu.basligaGoreAltMenuSecimi(String,String)"
            },
            "keyword": "* "
          },
          {
            "result": {
              "error_message": "com.kms.katalon.core.exception.StepErrorException: Call Test Case \u0027Test Cases/Butonlar/ButonaTikla\u0027 failed because of error(s)\r\n\tat com.kms.katalon.core.keyword.builtin.CallTestCaseKeyword$_callTestCase_closure1.doCall(CallTestCaseKeyword.groovy:66)\r\n\tat com.kms.katalon.core.keyword.builtin.CallTestCaseKeyword$_callTestCase_closure1.call(CallTestCaseKeyword.groovy)\r\n\tat com.kms.katalon.core.keyword.internal.KeywordMain.runKeyword(KeywordMain.groovy:68)\r\n\tat com.kms.katalon.core.keyword.builtin.CallTestCaseKeyword.callTestCase(CallTestCaseKeyword.groovy:81)\r\n\tat com.kms.katalon.core.keyword.builtin.CallTestCaseKeyword.execute(CallTestCaseKeyword.groovy:44)\r\n\tat com.kms.katalon.core.keyword.internal.KeywordExecutor.executeKeywordForPlatform(KeywordExecutor.groovy:73)\r\n\tat com.kms.katalon.core.keyword.BuiltinKeywords.callTestCase(BuiltinKeywords.groovy:334)\r\n\tat butonlar.butonlar.butonaTikla(butonlar.groovy:50)\r\n\tat ✽.Butonlardan Yükle isimli butona tıklanır(C:/otomasyonprojeler/EES/Include/features/e-Saklama/e-Fatura/Fatura Yukleme/Yukle.feature:7)\r\nCaused by: org.codehaus.groovy.runtime.InvokerInvocationException: Assertion failed: \n\nassert a\n       |\n       false\n\r\n\tat Method.invokeMethod(Method.groovy)\r\n\tat com.kms.katalon.core.main.CustomKeywordDelegatingMetaClass.invokeStaticMethod(CustomKeywordDelegatingMetaClass.java:50)\r\n\tat ButonaTikla.run(ButonaTikla:17)\r\n\tat com.kms.katalon.core.main.ScriptEngine.run(ScriptEngine.java:194)\r\n\tat com.kms.katalon.core.main.ScriptEngine.runScriptAsRawText(ScriptEngine.java:119)\r\n\tat com.kms.katalon.core.main.TestCaseExecutor.runScript(TestCaseExecutor.java:339)\r\n\tat com.kms.katalon.core.main.TestCaseExecutor.doExecute(TestCaseExecutor.java:330)\r\n\tat com.kms.katalon.core.main.TestCaseExecutor.processExecutionPhase(TestCaseExecutor.java:309)\r\n\tat com.kms.katalon.core.main.TestCaseExecutor.accessMainPhase(TestCaseExecutor.java:301)\r\n\tat com.kms.katalon.core.main.TestCaseExecutor.execute(TestCaseExecutor.java:235)\r\n\tat com.kms.katalon.core.main.TestCaseMain.runTestCase(TestCaseMain.java:114)\r\n\tat com.kms.katalon.core.keyword.builtin.CallTestCaseKeyword$_callTestCase_closure1.doCall(CallTestCaseKeyword.groovy:59)\r\n\tat com.kms.katalon.core.keyword.builtin.CallTestCaseKeyword$_callTestCase_closure1.call(CallTestCaseKeyword.groovy)\r\n\tat com.kms.katalon.core.keyword.internal.KeywordMain.runKeyword(KeywordMain.groovy:68)\r\n\tat com.kms.katalon.core.keyword.builtin.CallTestCaseKeyword.callTestCase(CallTestCaseKeyword.groovy:81)\r\n\tat com.kms.katalon.core.keyword.builtin.CallTestCaseKeyword.execute(CallTestCaseKeyword.groovy:44)\r\n\tat com.kms.katalon.core.keyword.internal.KeywordExecutor.executeKeywordForPlatform(KeywordExecutor.groovy:73)\r\n\tat com.kms.katalon.core.keyword.BuiltinKeywords.callTestCase(BuiltinKeywords.groovy:334)\r\n\tat butonlar.butonlar.butonaTikla(butonlar.groovy:50)\r\n\tat cucumber.runtime.Utils$1.call(Utils.java:26)\r\n\tat cucumber.runtime.Timeout.timeout(Timeout.java:16)\r\n\tat cucumber.runtime.Utils.invoke(Utils.java:20)\r\n\tat cucumber.runtime.java.JavaStepDefinition.execute(JavaStepDefinition.java:48)\r\n\tat cucumber.runtime.PickleStepDefinitionMatch.runStep(PickleStepDefinitionMatch.java:50)\r\n\tat cucumber.runner.TestStep.executeStep(TestStep.java:55)\r\n\tat cucumber.runner.TestStep.run(TestStep.java:42)\r\n\tat cucumber.runner.PickleStepTestStep.run(PickleStepTestStep.java:53)\r\n\tat cucumber.runner.TestCase.run(TestCase.java:47)\r\n\tat cucumber.runner.Runner.runPickle(Runner.java:44)\r\n\tat cucumber.runtime.Runtime.runFeature(Runtime.java:120)\r\n\tat cucumber.runtime.Runtime.run(Runtime.java:106)\r\n\tat cucumber.api.cli.Main.run(Main.java:35)\r\n\tat cucumber.api.cli.Main$run.call(Unknown Source)\r\n\tat com.kms.katalon.core.cucumber.keyword.CucumberBuiltinKeywords$_runFeatureFile_closure1.doCall(CucumberBuiltinKeywords.groovy:76)\r\n\tat com.kms.katalon.core.cucumber.keyword.CucumberBuiltinKeywords$_runFeatureFile_closure1.doCall(CucumberBuiltinKeywords.groovy)\r\n\tat com.kms.katalon.core.keyword.internal.KeywordMain.runKeyword(KeywordMain.groovy:68)\r\n\tat com.kms.katalon.core.keyword.internal.KeywordMain$runKeyword.call(Unknown Source)\r\n\tat com.kms.katalon.core.cucumber.keyword.CucumberBuiltinKeywords.runFeatureFile(CucumberBuiltinKeywords.groovy:46)\r\n\tat com.kms.katalon.core.cucumber.keyword.CucumberBuiltinKeywords$runFeatureFile$0.callStatic(Unknown Source)\r\n\tat com.kms.katalon.core.cucumber.keyword.CucumberBuiltinKeywords.runFeatureFile(CucumberBuiltinKeywords.groovy:169)\r\n\tat com.kms.katalon.core.cucumber.keyword.CucumberBuiltinKeywords$runFeatureFile.call(Unknown Source)\r\n\tat Yukle.run(Yukle:19)\r\n\tat com.kms.katalon.core.main.ScriptEngine.run(ScriptEngine.java:194)\r\n\tat com.kms.katalon.core.main.ScriptEngine.runScriptAsRawText(ScriptEngine.java:119)\r\n\tat com.kms.katalon.core.main.TestCaseExecutor.runScript(TestCaseExecutor.java:339)\r\n\tat com.kms.katalon.core.main.TestCaseExecutor.doExecute(TestCaseExecutor.java:330)\r\n\tat com.kms.katalon.core.main.TestCaseExecutor.processExecutionPhase(TestCaseExecutor.java:309)\r\n\tat com.kms.katalon.core.main.TestCaseExecutor.accessMainPhase(TestCaseExecutor.java:301)\r\n\tat com.kms.katalon.core.main.TestCaseExecutor.execute(TestCaseExecutor.java:235)\r\n\tat com.kms.katalon.core.main.TestSuiteExecutor.accessTestCaseMainPhase(TestSuiteExecutor.java:191)\r\n\tat com.kms.katalon.core.main.TestSuiteExecutor.accessTestSuiteMainPhase(TestSuiteExecutor.java:141)\r\n\tat com.kms.katalon.core.main.TestSuiteExecutor.execute(TestSuiteExecutor.java:90)\r\n\tat com.kms.katalon.core.main.TestCaseMain.startTestSuite(TestCaseMain.java:157)\r\n\tat com.kms.katalon.core.main.TestCaseMain$startTestSuite$0.call(Unknown Source)\r\n\tat TempTestSuite1599577617867.run(TempTestSuite1599577617867.groovy:39)\r\nCaused by: Assertion failed: \n\nassert a\n       |\n       false\n\r\n\tat Method.TextDegerineEsitElementeTiklaEquals(Method.groovy:94)\r\n\t... 55 more\r\n",
              "duration": 11118532200,
              "status": "failed"
            },
            "line": 7,
            "name": "Butonlardan Yükle isimli butona tıklanır",
            "match": {
              "arguments": [
                {
                  "val": "Yükle",
                  "offset": 12
                }
              ],
              "location": "butonlar.butonaTikla(String)"
            },
            "keyword": "* "
          },
          {
            "result": {
              "status": "skipped"
            },
            "line": 8,
            "name": "Dosya Yükleme alanına C:\\otomasyonupfiles\\e-Saklama\\e-Fatura\\FaturaYukleme\\Invoice11062020104631.zip dizinindeki dosya yüklenir",
            "match": {
              "arguments": [
                {
                  "val": "C:\\otomasyonupfiles\\e-Saklama\\e-Fatura\\FaturaYukleme\\Invoice11062020104631.zip",
                  "offset": 22
                }
              ],
              "location": "yukle.eFaturaDosyaYukleme(String)"
            },
            "keyword": "* "
          },
          {
            "result": {
              "status": "skipped"
            },
            "line": 9,
            "name": "Yükleme ekranından çıkılır",
            "match": {
              "location": "yukle.yuklemeEkranindanCikilir()"
            },
            "keyword": "* "
          },
          {
            "result": {
              "status": "skipped"
            },
            "line": 10,
            "name": "Tabloda Invoice11062020104631.zip ünvanlı veri oluşturuldu mu",
            "match": {
              "arguments": [
                {
                  "val": "Invoice11062020104631.zip",
                  "offset": 8
                }
              ],
              "location": "tablo.tablodaUnvanliVeriOlusturulduMi(String)"
            },
            "keyword": "* "
          },
          {
            "result": {
              "status": "skipped"
            },
            "line": 11,
            "name": "Kullanıcı işlemlerinden Çıkış seçilir",
            "match": {
              "arguments": [
                {
                  "val": "Çıkış",
                  "offset": 24
                }
              ],
              "location": "kullaniciIslemleri.kullaniciIslemi(String)"
            },
            "keyword": "* "
          }
        ]
      }
    ],
    "name": "e-Defter Saklama Fatura Yukle",
    "description": "",
    "id": "e-defter-saklama-fatura-yukle",
    "keyword": "Feature",
    "uri": "C:/otomasyonprojeler/EES/Include/features/e-Saklama/e-Fatura/Fatura Yukleme/Yukle.feature",
    "tags": []
  }
]