<?xml version="1.0" encoding="UTF-8"?>
<testsuites name="Kullanici Ekle" time="32.64" tests="1" failures="1" errors="0">
   <testsuite name="Kullanici Ekle" tests="1" failures="1" errors="0" time="32.64" timestamp="2021-01-13 01:21:05" hostname="yigit - LAPTOP-7436ND4C" id="">
      <properties>
         <property name="deviceName" value=""/>
         <property name="devicePlatform" value=""/>
         <property name="logFolder" value="C:\\Users\\yigit\\Documents\\GitHub\\EES_Katalon\\Reports\\20210113_012012\\_Suite Repository ( Deneysel )\\Firma Yonetimi\\Yetki Yonetimi\\Kullanici Tanimlari\\Kullanici Ekle\\20210113_012015"/>
         <property name="logFiles" value="C:\\Users\\yigit\\Documents\\GitHub\\EES_Katalon\\Reports\\20210113_012012\\_Suite Repository ( Deneysel )\\Firma Yonetimi\\Yetki Yonetimi\\Kullanici Tanimlari\\Kullanici Ekle\\20210113_012015\\execution0.log"/>
         <property name="attachments" value=""/>
         <property name="hostName" value="yigit - LAPTOP-7436ND4C"/>
         <property name="os" value="Windows 10 64bit"/>
         <property name="katalonVersion" value="7.7.2.205"/>
         <property name="browser" value="Chrome 87.0.4280.141"/>
         <property name="hostAddress" value="10.10.20.147"/>
         <property name="sessionId" value="345daf0106be2a613b6bd78ffa968f25"/>
         <property name="seleniumVersion" value="3.141.59"/>
         <property name="proxyInformation" value="ProxyInformation { proxyOption=NO_PROXY, proxyServerType=HTTP, username=, password=********, proxyServerAddress=, proxyServerPort=0, executionList=&quot;&quot;, isApplyToDesiredCapabilities=true }"/>
         <property name="platform" value="Windows 10"/>
      </properties>
      <testcase name="Test Cases/Case Repository/Firma Yonetimi/Yetki Yonetimi/Kullanici Tanimlari/Kullanici Ekle" time="31.354" classname="Test Cases/Case Repository/Firma Yonetimi/Yetki Yonetimi/Kullanici Tanimlari/Kullanici Ekle" status="FAILED">
         <failure type="FAILED" message="Test Cases/Case Repository/Firma Yonetimi/Yetki Yonetimi/Kullanici Tanimlari/Kullanici Ekle FAILED.
Reason:
com.kms.katalon.core.exception.StepFailedException: Keyword runFeatureFile was failed (Root cause: java.lang.NullPointerException: No format for key faıled
	at cucumber.runtime.formatter.AnsiFormats.get(AnsiFormats.java:51)
	at cucumber.runtime.Stats.printScenarios(Stats.java:170)
	at cucumber.runtime.Stats.printNonZeroResultScenarios(Stats.java:161)
	at cucumber.runtime.Stats.printStats(Stats.java:107)
	at cucumber.runtime.DefaultSummaryPrinter.printStats(DefaultSummaryPrinter.java:34)
	at cucumber.runtime.DefaultSummaryPrinter.print(DefaultSummaryPrinter.java:27)
	at cucumber.runtime.DefaultSummaryPrinter.access$000(DefaultSummaryPrinter.java:14)
	at cucumber.runtime.DefaultSummaryPrinter$1.receive(DefaultSummaryPrinter.java:63)
	at cucumber.runtime.DefaultSummaryPrinter$1.receive(DefaultSummaryPrinter.java:60)
	at cucumber.runner.EventBus.send(EventBus.java:28)
	at cucumber.runtime.Runtime.run(Runtime.java:109)
	at cucumber.api.cli.Main.run(Main.java:35)
	at cucumber.api.cli.Main$run.call(Unknown Source)
	at com.kms.katalon.core.cucumber.keyword.CucumberBuiltinKeywords$_runFeatureFile_closure1.doCall(CucumberBuiltinKeywords.groovy:76)
	at com.kms.katalon.core.cucumber.keyword.CucumberBuiltinKeywords$_runFeatureFile_closure1.doCall(CucumberBuiltinKeywords.groovy)
	at com.kms.katalon.core.keyword.internal.KeywordMain.runKeyword(KeywordMain.groovy:68)
	at com.kms.katalon.core.keyword.internal.KeywordMain$runKeyword.call(Unknown Source)
	at com.kms.katalon.core.cucumber.keyword.CucumberBuiltinKeywords.runFeatureFile(CucumberBuiltinKeywords.groovy:46)
	at com.kms.katalon.core.cucumber.keyword.CucumberBuiltinKeywords$runFeatureFile$0.callStatic(Unknown Source)
	at com.kms.katalon.core.cucumber.keyword.CucumberBuiltinKeywords.runFeatureFile(CucumberBuiltinKeywords.groovy:169)
	at com.kms.katalon.core.cucumber.keyword.CucumberBuiltinKeywords$runFeatureFile.call(Unknown Source)
	at Kullanici Ekle.run(Kullanici Ekle:17)
	at com.kms.katalon.core.main.ScriptEngine.run(ScriptEngine.java:194)
	at com.kms.katalon.core.main.ScriptEngine.runScriptAsRawText(ScriptEngine.java:119)
	at com.kms.katalon.core.main.TestCaseExecutor.runScript(TestCaseExecutor.java:339)
	at com.kms.katalon.core.main.TestCaseExecutor.doExecute(TestCaseExecutor.java:330)
	at com.kms.katalon.core.main.TestCaseExecutor.processExecutionPhase(TestCaseExecutor.java:309)
	at com.kms.katalon.core.main.TestCaseExecutor.accessMainPhase(TestCaseExecutor.java:301)
	at com.kms.katalon.core.main.TestCaseExecutor.execute(TestCaseExecutor.java:235)
	at com.kms.katalon.core.main.TestSuiteExecutor.accessTestCaseMainPhase(TestSuiteExecutor.java:191)
	at com.kms.katalon.core.main.TestSuiteExecutor.accessTestSuiteMainPhase(TestSuiteExecutor.java:141)
	at com.kms.katalon.core.main.TestSuiteExecutor.execute(TestSuiteExecutor.java:90)
	at com.kms.katalon.core.main.TestCaseMain.startTestSuite(TestCaseMain.java:157)
	at com.kms.katalon.core.main.TestCaseMain$startTestSuite$0.call(Unknown Source)
	at TempTestSuite1610490015017.run(TempTestSuite1610490015017.groovy:39)
)
	at com.kms.katalon.core.keyword.internal.KeywordMain.stepFailed(KeywordMain.groovy:50)
	at com.kms.katalon.core.keyword.internal.KeywordMain.stepFailed(KeywordMain.groovy)
	at com.kms.katalon.core.keyword.internal.KeywordMain.runKeyword(KeywordMain.groovy:70)
	at com.kms.katalon.core.keyword.internal.KeywordMain$runKeyword.call(Unknown Source)
	at com.kms.katalon.core.cucumber.keyword.CucumberBuiltinKeywords.runFeatureFile(CucumberBuiltinKeywords.groovy:46)
	at com.kms.katalon.core.cucumber.keyword.CucumberBuiltinKeywords$runFeatureFile$0.callStatic(Unknown Source)
	at com.kms.katalon.core.cucumber.keyword.CucumberBuiltinKeywords.runFeatureFile(CucumberBuiltinKeywords.groovy:169)
	at com.kms.katalon.core.cucumber.keyword.CucumberBuiltinKeywords$runFeatureFile.call(Unknown Source)
	at Kullanici Ekle.run(Kullanici Ekle:17)
	at com.kms.katalon.core.main.ScriptEngine.run(ScriptEngine.java:194)
	at com.kms.katalon.core.main.ScriptEngine.runScriptAsRawText(ScriptEngine.java:119)
	at com.kms.katalon.core.main.TestCaseExecutor.runScript(TestCaseExecutor.java:339)
	at com.kms.katalon.core.main.TestCaseExecutor.doExecute(TestCaseExecutor.java:330)
	at com.kms.katalon.core.main.TestCaseExecutor.processExecutionPhase(TestCaseExecutor.java:309)
	at com.kms.katalon.core.main.TestCaseExecutor.accessMainPhase(TestCaseExecutor.java:301)
	at com.kms.katalon.core.main.TestCaseExecutor.execute(TestCaseExecutor.java:235)
	at com.kms.katalon.core.main.TestSuiteExecutor.accessTestCaseMainPhase(TestSuiteExecutor.java:191)
	at com.kms.katalon.core.main.TestSuiteExecutor.accessTestSuiteMainPhase(TestSuiteExecutor.java:141)
	at com.kms.katalon.core.main.TestSuiteExecutor.execute(TestSuiteExecutor.java:90)
	at com.kms.katalon.core.main.TestCaseMain.startTestSuite(TestCaseMain.java:157)
	at com.kms.katalon.core.main.TestCaseMain$startTestSuite$0.call(Unknown Source)
	at TempTestSuite1610490015017.run(TempTestSuite1610490015017.groovy:39)
Caused by: java.lang.NullPointerException: No format for key faıled
	at cucumber.runtime.formatter.AnsiFormats.get(AnsiFormats.java:51)
	at cucumber.runtime.Stats.printScenarios(Stats.java:170)
	at cucumber.runtime.Stats.printNonZeroResultScenarios(Stats.java:161)
	at cucumber.runtime.Stats.printStats(Stats.java:107)
	at cucumber.runtime.DefaultSummaryPrinter.printStats(DefaultSummaryPrinter.java:34)
	at cucumber.runtime.DefaultSummaryPrinter.print(DefaultSummaryPrinter.java:27)
	at cucumber.runtime.DefaultSummaryPrinter.access$000(DefaultSummaryPrinter.java:14)
	at cucumber.runtime.DefaultSummaryPrinter$1.receive(DefaultSummaryPrinter.java:63)
	at cucumber.runtime.DefaultSummaryPrinter$1.receive(DefaultSummaryPrinter.java:60)
	at cucumber.runner.EventBus.send(EventBus.java:28)
	at cucumber.runtime.Runtime.run(Runtime.java:109)
	at cucumber.api.cli.Main.run(Main.java:35)
	at cucumber.api.cli.Main$run.call(Unknown Source)
	at com.kms.katalon.core.cucumber.keyword.CucumberBuiltinKeywords$_runFeatureFile_closure1.doCall(CucumberBuiltinKeywords.groovy:76)
	at com.kms.katalon.core.cucumber.keyword.CucumberBuiltinKeywords$_runFeatureFile_closure1.doCall(CucumberBuiltinKeywords.groovy)
	at com.kms.katalon.core.keyword.internal.KeywordMain.runKeyword(KeywordMain.groovy:68)
	... 19 more
"/>
         <system-out><![CDATA[2021-01-13 01:21:05 - [TEST_CASE][FAILED] - Test Cases/Case Repository/Firma Yonetimi/Yetki Yonetimi/Kullanici Tanimlari/Kullanici Ekle: Test Cases/Case Repository/Firma Yonetimi/Yetki Yonetimi/Kullanici Tanimlari/Kullanici Ekle FAILED.
Reason:
com.kms.katalon.core.exception.StepFailedException: Keyword runFeatureFile was failed (Root cause: java.lang.NullPointerException: No format for key faıled
	at cucumber.runtime.formatter.AnsiFormats.get(AnsiFormats.java:51)
	at cucumber.runtime.Stats.printScenarios(Stats.java:170)
	at cucumber.runtime.Stats.printNonZeroResultScenarios(Stats.java:161)
	at cucumber.runtime.Stats.printStats(Stats.java:107)
	at cucumber.runtime.DefaultSummaryPrinter.printStats(DefaultSummaryPrinter.java:34)
	at cucumber.runtime.DefaultSummaryPrinter.print(DefaultSummaryPrinter.java:27)
	at cucumber.runtime.DefaultSummaryPrinter.access$000(DefaultSummaryPrinter.java:14)
	at cucumber.runtime.DefaultSummaryPrinter$1.receive(DefaultSummaryPrinter.java:63)
	at cucumber.runtime.DefaultSummaryPrinter$1.receive(DefaultSummaryPrinter.java:60)
	at cucumber.runner.EventBus.send(EventBus.java:28)
	at cucumber.runtime.Runtime.run(Runtime.java:109)
	at cucumber.api.cli.Main.run(Main.java:35)
	at cucumber.api.cli.Main$run.call(Unknown Source)
	at com.kms.katalon.core.cucumber.keyword.CucumberBuiltinKeywords$_runFeatureFile_closure1.doCall(CucumberBuiltinKeywords.groovy:76)
	at com.kms.katalon.core.cucumber.keyword.CucumberBuiltinKeywords$_runFeatureFile_closure1.doCall(CucumberBuiltinKeywords.groovy)
	at com.kms.katalon.core.keyword.internal.KeywordMain.runKeyword(KeywordMain.groovy:68)
	at com.kms.katalon.core.keyword.internal.KeywordMain$runKeyword.call(Unknown Source)
	at com.kms.katalon.core.cucumber.keyword.CucumberBuiltinKeywords.runFeatureFile(CucumberBuiltinKeywords.groovy:46)
	at com.kms.katalon.core.cucumber.keyword.CucumberBuiltinKeywords$runFeatureFile$0.callStatic(Unknown Source)
	at com.kms.katalon.core.cucumber.keyword.CucumberBuiltinKeywords.runFeatureFile(CucumberBuiltinKeywords.groovy:169)
	at com.kms.katalon.core.cucumber.keyword.CucumberBuiltinKeywords$runFeatureFile.call(Unknown Source)
	at Kullanici Ekle.run(Kullanici Ekle:17)
	at com.kms.katalon.core.main.ScriptEngine.run(ScriptEngine.java:194)
	at com.kms.katalon.core.main.ScriptEngine.runScriptAsRawText(ScriptEngine.java:119)
	at com.kms.katalon.core.main.TestCaseExecutor.runScript(TestCaseExecutor.java:339)
	at com.kms.katalon.core.main.TestCaseExecutor.doExecute(TestCaseExecutor.java:330)
	at com.kms.katalon.core.main.TestCaseExecutor.processExecutionPhase(TestCaseExecutor.java:309)
	at com.kms.katalon.core.main.TestCaseExecutor.accessMainPhase(TestCaseExecutor.java:301)
	at com.kms.katalon.core.main.TestCaseExecutor.execute(TestCaseExecutor.java:235)
	at com.kms.katalon.core.main.TestSuiteExecutor.accessTestCaseMainPhase(TestSuiteExecutor.java:191)
	at com.kms.katalon.core.main.TestSuiteExecutor.accessTestSuiteMainPhase(TestSuiteExecutor.java:141)
	at com.kms.katalon.core.main.TestSuiteExecutor.execute(TestSuiteExecutor.java:90)
	at com.kms.katalon.core.main.TestCaseMain.startTestSuite(TestCaseMain.java:157)
	at com.kms.katalon.core.main.TestCaseMain$startTestSuite$0.call(Unknown Source)
	at TempTestSuite1610490015017.run(TempTestSuite1610490015017.groovy:39)
)
	at com.kms.katalon.core.keyword.internal.KeywordMain.stepFailed(KeywordMain.groovy:50)
	at com.kms.katalon.core.keyword.internal.KeywordMain.stepFailed(KeywordMain.groovy)
	at com.kms.katalon.core.keyword.internal.KeywordMain.runKeyword(KeywordMain.groovy:70)
	at com.kms.katalon.core.keyword.internal.KeywordMain$runKeyword.call(Unknown Source)
	at com.kms.katalon.core.cucumber.keyword.CucumberBuiltinKeywords.runFeatureFile(CucumberBuiltinKeywords.groovy:46)
	at com.kms.katalon.core.cucumber.keyword.CucumberBuiltinKeywords$runFeatureFile$0.callStatic(Unknown Source)
	at com.kms.katalon.core.cucumber.keyword.CucumberBuiltinKeywords.runFeatureFile(CucumberBuiltinKeywords.groovy:169)
	at com.kms.katalon.core.cucumber.keyword.CucumberBuiltinKeywords$runFeatureFile.call(Unknown Source)
	at Kullanici Ekle.run(Kullanici Ekle:17)
	at com.kms.katalon.core.main.ScriptEngine.run(ScriptEngine.java:194)
	at com.kms.katalon.core.main.ScriptEngine.runScriptAsRawText(ScriptEngine.java:119)
	at com.kms.katalon.core.main.TestCaseExecutor.runScript(TestCaseExecutor.java:339)
	at com.kms.katalon.core.main.TestCaseExecutor.doExecute(TestCaseExecutor.java:330)
	at com.kms.katalon.core.main.TestCaseExecutor.processExecutionPhase(TestCaseExecutor.java:309)
	at com.kms.katalon.core.main.TestCaseExecutor.accessMainPhase(TestCaseExecutor.java:301)
	at com.kms.katalon.core.main.TestCaseExecutor.execute(TestCaseExecutor.java:235)
	at com.kms.katalon.core.main.TestSuiteExecutor.accessTestCaseMainPhase(TestSuiteExecutor.java:191)
	at com.kms.katalon.core.main.TestSuiteExecutor.accessTestSuiteMainPhase(TestSuiteExecutor.java:141)
	at com.kms.katalon.core.main.TestSuiteExecutor.execute(TestSuiteExecutor.java:90)
	at com.kms.katalon.core.main.TestCaseMain.startTestSuite(TestCaseMain.java:157)
	at com.kms.katalon.core.main.TestCaseMain$startTestSuite$0.call(Unknown Source)
	at TempTestSuite1610490015017.run(TempTestSuite1610490015017.groovy:39)
Caused by: java.lang.NullPointerException: No format for key faıled
	at cucumber.runtime.formatter.AnsiFormats.get(AnsiFormats.java:51)
	at cucumber.runtime.Stats.printScenarios(Stats.java:170)
	at cucumber.runtime.Stats.printNonZeroResultScenarios(Stats.java:161)
	at cucumber.runtime.Stats.printStats(Stats.java:107)
	at cucumber.runtime.DefaultSummaryPrinter.printStats(DefaultSummaryPrinter.java:34)
	at cucumber.runtime.DefaultSummaryPrinter.print(DefaultSummaryPrinter.java:27)
	at cucumber.runtime.DefaultSummaryPrinter.access$000(DefaultSummaryPrinter.java:14)
	at cucumber.runtime.DefaultSummaryPrinter$1.receive(DefaultSummaryPrinter.java:63)
	at cucumber.runtime.DefaultSummaryPrinter$1.receive(DefaultSummaryPrinter.java:60)
	at cucumber.runner.EventBus.send(EventBus.java:28)
	at cucumber.runtime.Runtime.run(Runtime.java:109)
	at cucumber.api.cli.Main.run(Main.java:35)
	at cucumber.api.cli.Main$run.call(Unknown Source)
	at com.kms.katalon.core.cucumber.keyword.CucumberBuiltinKeywords$_runFeatureFile_closure1.doCall(CucumberBuiltinKeywords.groovy:76)
	at com.kms.katalon.core.cucumber.keyword.CucumberBuiltinKeywords$_runFeatureFile_closure1.doCall(CucumberBuiltinKeywords.groovy)
	at com.kms.katalon.core.keyword.internal.KeywordMain.runKeyword(KeywordMain.groovy:68)
	... 19 more


2021-01-13 01:21:05 - [TEST_STEP][PASSED] - Start listener action : sampleBeforeTestSuite: Invoke 'com.kms.katalon.core.annotation.BeforeTestCase' method: 'Listener.sampleBeforeTestSuite(...)' completed.

2021-01-13 01:21:05 - [MESSAGE][INFO] - Starting invoke 'com.kms.katalon.core.annotation.BeforeTestCase' method: 'Listener.sampleBeforeTestSuite(...)'

2021-01-13 01:21:05 - [TEST_STEP][PASSED] - Method.dosyalariSil("C:\otomasyondownfiles"): Method.dosyalariSil is PASSED

2021-01-13 01:21:05 - [MESSAGE][PASSED] - Method.dosyalariSil is PASSED

2021-01-13 01:21:05 - [TEST_STEP][PASSED] - openBrowser(baseUrl): Browser is opened with url: 'https://efatura-stage.elogo.com.tr/'

2021-01-13 01:21:06 - [MESSAGE][INFO] - Opening browser

2021-01-13 01:21:06 - [MESSAGE][INFO] - Starting 'Chrome' driver

2021-01-13 01:21:06 - [MESSAGE][INFO] - User set preference: ['prefs', '{download.default_directory=C:\otomasyondownfiles}']

2021-01-13 01:21:06 - [MESSAGE][INFO] - Action delay is set to 0 milliseconds

2021-01-13 01:21:11 - [MESSAGE][INFO] - Navigating browser to: 'https://efatura-stage.elogo.com.tr/'

2021-01-13 01:21:11 - [MESSAGE][PASSED] - Browser is opened with url: 'https://efatura-stage.elogo.com.tr/'

2021-01-13 01:21:11 - [TEST_STEP][PASSED] - maximizeWindow(): Invoke 'com.kms.katalon.core.annotation.BeforeTestCase' method: 'Listener.sampleBeforeTestSuite(...)' completed.

2021-01-13 01:21:11 - [MESSAGE][INFO] - Maximizing current window

2021-01-13 01:21:14 - [MESSAGE][PASSED] - Current window maximized

2021-01-13 01:21:14 - [MESSAGE][INFO] - Invoke 'com.kms.katalon.core.annotation.BeforeTestCase' method: 'Listener.sampleBeforeTestSuite(...)' completed.

2021-01-13 01:21:14 - [TEST_STEP][FAILED] - runFeatureFile("Include/features/Firma Yonetimi/Yetki Yonetimi/Kullanici Tanimlari/Kullanici Ekle.feature"): Keyword runFeatureFile was failed (Root cause: java.lang.NullPointerException: No format for key faıled
	at cucumber.runtime.formatter.AnsiFormats.get(AnsiFormats.java:51)
	at cucumber.runtime.Stats.printScenarios(Stats.java:170)
	at cucumber.runtime.Stats.printNonZeroResultScenarios(Stats.java:161)
	at cucumber.runtime.Stats.printStats(Stats.java:107)
	at cucumber.runtime.DefaultSummaryPrinter.printStats(DefaultSummaryPrinter.java:34)
	at cucumber.runtime.DefaultSummaryPrinter.print(DefaultSummaryPrinter.java:27)
	at cucumber.runtime.DefaultSummaryPrinter.access$000(DefaultSummaryPrinter.java:14)
	at cucumber.runtime.DefaultSummaryPrinter$1.receive(DefaultSummaryPrinter.java:63)
	at cucumber.runtime.DefaultSummaryPrinter$1.receive(DefaultSummaryPrinter.java:60)
	at cucumber.runner.EventBus.send(EventBus.java:28)
	at cucumber.runtime.Runtime.run(Runtime.java:109)
	at cucumber.api.cli.Main.run(Main.java:35)
	at cucumber.api.cli.Main$run.call(Unknown Source)
	at com.kms.katalon.core.cucumber.keyword.CucumberBuiltinKeywords$_runFeatureFile_closure1.doCall(CucumberBuiltinKeywords.groovy:76)
	at com.kms.katalon.core.cucumber.keyword.CucumberBuiltinKeywords$_runFeatureFile_closure1.doCall(CucumberBuiltinKeywords.groovy)
	at com.kms.katalon.core.keyword.internal.KeywordMain.runKeyword(KeywordMain.groovy:68)
	at com.kms.katalon.core.keyword.internal.KeywordMain$runKeyword.call(Unknown Source)
	at com.kms.katalon.core.cucumber.keyword.CucumberBuiltinKeywords.runFeatureFile(CucumberBuiltinKeywords.groovy:46)
	at com.kms.katalon.core.cucumber.keyword.CucumberBuiltinKeywords$runFeatureFile$0.callStatic(Unknown Source)
	at com.kms.katalon.core.cucumber.keyword.CucumberBuiltinKeywords.runFeatureFile(CucumberBuiltinKeywords.groovy:169)
	at com.kms.katalon.core.cucumber.keyword.CucumberBuiltinKeywords$runFeatureFile.call(Unknown Source)
	at Kullanici Ekle.run(Kullanici Ekle:17)
	at com.kms.katalon.core.main.ScriptEngine.run(ScriptEngine.java:194)
	at com.kms.katalon.core.main.ScriptEngine.runScriptAsRawText(ScriptEngine.java:119)
	at com.kms.katalon.core.main.TestCaseExecutor.runScript(TestCaseExecutor.java:339)
	at com.kms.katalon.core.main.TestCaseExecutor.doExecute(TestCaseExecutor.java:330)
	at com.kms.katalon.core.main.TestCaseExecutor.processExecutionPhase(TestCaseExecutor.java:309)
	at com.kms.katalon.core.main.TestCaseExecutor.accessMainPhase(TestCaseExecutor.java:301)
	at com.kms.katalon.core.main.TestCaseExecutor.execute(TestCaseExecutor.java:235)
	at com.kms.katalon.core.main.TestSuiteExecutor.accessTestCaseMainPhase(TestSuiteExecutor.java:191)
	at com.kms.katalon.core.main.TestSuiteExecutor.accessTestSuiteMainPhase(TestSuiteExecutor.java:141)
	at com.kms.katalon.core.main.TestSuiteExecutor.execute(TestSuiteExecutor.java:90)
	at com.kms.katalon.core.main.TestCaseMain.startTestSuite(TestCaseMain.java:157)
	at com.kms.katalon.core.main.TestCaseMain$startTestSuite$0.call(Unknown Source)
	at TempTestSuite1610490015017.run(TempTestSuite1610490015017.groovy:39)
)

2021-01-13 01:21:14 - [MESSAGE][INFO] - Starting run keyword runFeatureFile: 'Include/features/Firma Yonetimi/Yetki Yonetimi/Kullanici Tanimlari/Kullanici Ekle.feature' and extract report to folder: 'C:\Users\yigit\Documents\GitHub\EES_Katalon\Reports\20210113_012012\_Suite Repository ( Deneysel )\Firma Yonetimi\Yetki Yonetimi\Kullanici Tanimlari\Kullanici Ekle\20210113_012015/cucumber_report/1610490074336'...

2021-01-13 01:21:15 - [TEST_CASE][PASSED] - Start Test Case : SCENARIO Kullanici Eklenir: SCENARIO Kullanici Eklenir

2021-01-13 01:21:15 - [TEST_STEP][PASSED] - Kullanıcı adı ELOGO6 ve Şifre 123456 olarak giriş yapılır: Kullanıcı adı ELOGO6 ve Şifre 123456 olarak giriş yapılır

2021-01-13 01:21:15 - [MESSAGE][INFO] - Checking called Test Case

2021-01-13 01:21:15 - [MESSAGE][INFO] - Starting to call Test Case 'Test Cases/Sayfalar/Giris_Sayfasi/Login'

2021-01-13 01:21:15 - [TEST_CASE][PASSED] - Test Cases/Sayfalar/Giris_Sayfasi/Login: Test Cases/Sayfalar/Giris_Sayfasi/Login

2021-01-13 01:21:15 - [TEST_STEP][PASSED] - Sayfa_Basligi = getWindowTitle(): Current window's title is: 'LOGO e-Fatura'

2021-01-13 01:21:15 - [MESSAGE][INFO] - Getting current window's title

2021-01-13 01:21:15 - [MESSAGE][PASSED] - Current window's title is: 'LOGO e-Fatura'

2021-01-13 01:21:15 - [TEST_STEP][PASSED] - verifyMatch(Sayfa_Basligi, "LOGO e-Fatura", false): Actual text 'LOGO e-Fatura' and expected text 'LOGO e-Fatura' are matched 

2021-01-13 01:21:15 - [MESSAGE][INFO] - Matching actual text 'LOGO e-Fatura' with expected text 'LOGO e-Fatura'

2021-01-13 01:21:15 - [MESSAGE][PASSED] - Actual text 'LOGO e-Fatura' and expected text 'LOGO e-Fatura' are matched 

2021-01-13 01:21:15 - [TEST_STEP][PASSED] - if (waitForElementPresent(findTestObject("Object Repository/Sayfalar/Giris_Sayfasi/PopupCarpiGiris"), 5, OPTIONAL)): Object 'Object Repository/Sayfalar/Giris_Sayfasi/PopupCarpiGiris' is not present after 5 second(s)

2021-01-13 01:21:15 - [MESSAGE][INFO] - Finding Test Object 'Object Repository/Sayfalar/Giris_Sayfasi/PopupCarpiGiris'

2021-01-13 01:21:15 - [MESSAGE][INFO] - Checking object

2021-01-13 01:21:15 - [MESSAGE][INFO] - Finding web element from Test Object's properties

2021-01-13 01:21:15 - [MESSAGE][INFO] - Checking timeout

2021-01-13 01:21:15 - [MESSAGE][INFO] - Finding web element with id: 'Object Repository/Sayfalar/Giris_Sayfasi/PopupCarpiGiris' located by 'By.cssSelector: .bootbox-close-button.close' in '5' second(s)

2021-01-13 01:21:15 - [MESSAGE][INFO] - Smart Wait Function is triggered

2021-01-13 01:21:16 - [MESSAGE][INFO] - Smart Wait Function is triggered

2021-01-13 01:21:16 - [MESSAGE][INFO] - Smart Wait Function is triggered

2021-01-13 01:21:16 - [MESSAGE][INFO] - Smart Wait Function is triggered

2021-01-13 01:21:16 - [MESSAGE][INFO] - Smart Wait Function is triggered

2021-01-13 01:21:17 - [MESSAGE][INFO] - Smart Wait Function is triggered

2021-01-13 01:21:17 - [MESSAGE][INFO] - Smart Wait Function is triggered

2021-01-13 01:21:17 - [MESSAGE][INFO] - Smart Wait Function is triggered

2021-01-13 01:21:17 - [MESSAGE][INFO] - Smart Wait Function is triggered

2021-01-13 01:21:18 - [MESSAGE][INFO] - Smart Wait Function is triggered

2021-01-13 01:21:18 - [MESSAGE][INFO] - Smart Wait Function is triggered

2021-01-13 01:21:18 - [MESSAGE][INFO] - Smart Wait Function is triggered

2021-01-13 01:21:18 - [MESSAGE][INFO] - Smart Wait Function is triggered

2021-01-13 01:21:19 - [MESSAGE][INFO] - Smart Wait Function is triggered

2021-01-13 01:21:19 - [MESSAGE][INFO] - Smart Wait Function is triggered

2021-01-13 01:21:19 - [MESSAGE][INFO] - Smart Wait Function is triggered

2021-01-13 01:21:20 - [MESSAGE][INFO] - Smart Wait Function is triggered

2021-01-13 01:21:20 - [MESSAGE][INFO] - Smart Wait Function is triggered

2021-01-13 01:21:20 - [MESSAGE][INFO] - Smart Wait Function is triggered

2021-01-13 01:21:20 - [MESSAGE][INFO] - Smart Wait Function is triggered

2021-01-13 01:21:21 - [MESSAGE][INFO] - Smart Wait Function is triggered

2021-01-13 01:21:21 - [MESSAGE][INFO] - Smart Wait Function is triggered

2021-01-13 01:21:21 - [MESSAGE][INFO] - Smart Wait Function is triggered

2021-01-13 01:21:21 - [MESSAGE][INFO] - Unable to find the element located by 'By.cssSelector: .bootbox-close-button.close'. Please recheck the objects properties to make sure the desired element is located. 

2021-01-13 01:21:21 - [MESSAGE][WARNING] - Object 'Object Repository/Sayfalar/Giris_Sayfasi/PopupCarpiGiris' is not present after 5 second(s)

2021-01-13 01:21:21 - [TEST_STEP][PASSED] - sendKeys(findTestObject("Sayfalar/Giris_Sayfasi/Firma_Kodu"), KullaniciAdi): Keys 'ELOGO6' sent to object: 'Object Repository/Sayfalar/Giris_Sayfasi/Firma_Kodu'

2021-01-13 01:21:21 - [MESSAGE][INFO] - Finding Test Object 'Object Repository/Sayfalar/Giris_Sayfasi/Firma_Kodu'

2021-01-13 01:21:21 - [MESSAGE][INFO] - Sending keys 'ELOGO6' to object: 'Object Repository/Sayfalar/Giris_Sayfasi/Firma_Kodu'

2021-01-13 01:21:21 - [MESSAGE][INFO] - Finding web element from Test Object's properties

2021-01-13 01:21:21 - [MESSAGE][INFO] - Checking timeout

2021-01-13 01:21:21 - [MESSAGE][INFO] - Finding web element with id: 'Object Repository/Sayfalar/Giris_Sayfasi/Firma_Kodu' located by 'By.xpath: //*[@id = 'AccountName']' in '30' second(s)

2021-01-13 01:21:21 - [MESSAGE][INFO] - Smart Wait Function is triggered

2021-01-13 01:21:22 - [MESSAGE][INFO] - Found 1 web elements with id: 'Object Repository/Sayfalar/Giris_Sayfasi/Firma_Kodu' located by 'By.xpath: //*[@id = 'AccountName']' in '30' second(s)

2021-01-13 01:21:22 - [MESSAGE][PASSED] - Keys 'ELOGO6' sent to object: 'Object Repository/Sayfalar/Giris_Sayfasi/Firma_Kodu'

2021-01-13 01:21:22 - [TEST_STEP][PASSED] - sendKeys(findTestObject("Sayfalar/Giris_Sayfasi/Sifre"), Sifre): Keys '123456' sent to object: 'Object Repository/Sayfalar/Giris_Sayfasi/Sifre'

2021-01-13 01:21:22 - [MESSAGE][INFO] - Finding Test Object 'Object Repository/Sayfalar/Giris_Sayfasi/Sifre'

2021-01-13 01:21:22 - [MESSAGE][INFO] - Sending keys '123456' to object: 'Object Repository/Sayfalar/Giris_Sayfasi/Sifre'

2021-01-13 01:21:22 - [MESSAGE][INFO] - Finding web element from Test Object's properties

2021-01-13 01:21:22 - [MESSAGE][INFO] - Checking timeout

2021-01-13 01:21:22 - [MESSAGE][INFO] - Finding web element with id: 'Object Repository/Sayfalar/Giris_Sayfasi/Sifre' located by 'By.xpath: //*[@id = 'Password']' in '30' second(s)

2021-01-13 01:21:22 - [MESSAGE][INFO] - Smart Wait Function is triggered

2021-01-13 01:21:22 - [MESSAGE][INFO] - Found 2 web elements with id: 'Object Repository/Sayfalar/Giris_Sayfasi/Sifre' located by 'By.xpath: //*[@id = 'Password']' in '30' second(s)

2021-01-13 01:21:22 - [MESSAGE][PASSED] - Keys '123456' sent to object: 'Object Repository/Sayfalar/Giris_Sayfasi/Sifre'

2021-01-13 01:21:22 - [TEST_STEP][PASSED] - waitForElementClickable(findTestObject("Sayfalar/Giris_Sayfasi/Giris_Butonu"), Waits): Object 'Object Repository/Sayfalar/Giris_Sayfasi/Giris_Butonu' is clickable

2021-01-13 01:21:22 - [MESSAGE][INFO] - Finding Test Object 'Object Repository/Sayfalar/Giris_Sayfasi/Giris_Butonu'

2021-01-13 01:21:22 - [MESSAGE][INFO] - Checking object

2021-01-13 01:21:22 - [MESSAGE][INFO] - Checking timeout

2021-01-13 01:21:22 - [MESSAGE][INFO] - Finding web element from Test Object's properties

2021-01-13 01:21:22 - [MESSAGE][INFO] - Checking timeout

2021-01-13 01:21:22 - [MESSAGE][INFO] - Finding web element with id: 'Object Repository/Sayfalar/Giris_Sayfasi/Giris_Butonu' located by 'By.xpath: //*[@id = 'btnLogin']' in '10' second(s)

2021-01-13 01:21:22 - [MESSAGE][INFO] - Smart Wait Function is triggered

2021-01-13 01:21:23 - [MESSAGE][INFO] - Found 1 web elements with id: 'Object Repository/Sayfalar/Giris_Sayfasi/Giris_Butonu' located by 'By.xpath: //*[@id = 'btnLogin']' in '10' second(s)

2021-01-13 01:21:23 - [MESSAGE][PASSED] - Object 'Object Repository/Sayfalar/Giris_Sayfasi/Giris_Butonu' is clickable

2021-01-13 01:21:23 - [TEST_STEP][PASSED] - click(findTestObject("Sayfalar/Giris_Sayfasi/Giris_Butonu")): Object: 'Object Repository/Sayfalar/Giris_Sayfasi/Giris_Butonu' is clicked on

2021-01-13 01:21:23 - [MESSAGE][INFO] - Finding Test Object 'Object Repository/Sayfalar/Giris_Sayfasi/Giris_Butonu'

2021-01-13 01:21:23 - [MESSAGE][INFO] - Checking object

2021-01-13 01:21:23 - [MESSAGE][INFO] - Finding web element from Test Object's properties

2021-01-13 01:21:23 - [MESSAGE][INFO] - Checking timeout

2021-01-13 01:21:23 - [MESSAGE][INFO] - Finding web element with id: 'Object Repository/Sayfalar/Giris_Sayfasi/Giris_Butonu' located by 'By.xpath: //*[@id = 'btnLogin']' in '30' second(s)

2021-01-13 01:21:23 - [MESSAGE][INFO] - Smart Wait Function is triggered

2021-01-13 01:21:23 - [MESSAGE][INFO] - Found 1 web elements with id: 'Object Repository/Sayfalar/Giris_Sayfasi/Giris_Butonu' located by 'By.xpath: //*[@id = 'btnLogin']' in '30' second(s)

2021-01-13 01:21:23 - [MESSAGE][INFO] - Clicking on object: 'Object Repository/Sayfalar/Giris_Sayfasi/Giris_Butonu'

2021-01-13 01:21:24 - [MESSAGE][PASSED] - Object: 'Object Repository/Sayfalar/Giris_Sayfasi/Giris_Butonu' is clicked on

2021-01-13 01:21:24 - [TEST_STEP][PASSED] - if (verifyElementPresent(findTestObject("Sayfalar/Giris_Sayfasi/PopupOK"), 5, OPTIONAL)): null

2021-01-13 01:21:24 - [MESSAGE][INFO] - Finding Test Object 'Object Repository/Sayfalar/Giris_Sayfasi/PopupOK'

2021-01-13 01:21:24 - [MESSAGE][INFO] - Checking object

2021-01-13 01:21:24 - [MESSAGE][INFO] - Finding web element from Test Object's properties

2021-01-13 01:21:24 - [MESSAGE][INFO] - Checking timeout

2021-01-13 01:21:24 - [MESSAGE][INFO] - Finding web element with id: 'Object Repository/Sayfalar/Giris_Sayfasi/PopupOK' located by 'By.cssSelector: .btn.btn-success' in '5' second(s)

2021-01-13 01:21:24 - [MESSAGE][INFO] - Smart Wait Function is triggered

2021-01-13 01:21:24 - [MESSAGE][INFO] - Found 1 web elements with id: 'Object Repository/Sayfalar/Giris_Sayfasi/PopupOK' located by 'By.cssSelector: .btn.btn-success' in '5' second(s)

2021-01-13 01:21:24 - [MESSAGE][PASSED] - Object 'Object Repository/Sayfalar/Giris_Sayfasi/PopupOK' is present

2021-01-13 01:21:24 - [TEST_STEP][PASSED] - click(findTestObject("Sayfalar/Giris_Sayfasi/PopupOK")): Object: 'Object Repository/Sayfalar/Giris_Sayfasi/PopupOK' is clicked on

2021-01-13 01:21:24 - [MESSAGE][INFO] - Finding Test Object 'Object Repository/Sayfalar/Giris_Sayfasi/PopupOK'

2021-01-13 01:21:25 - [MESSAGE][INFO] - Checking object

2021-01-13 01:21:25 - [MESSAGE][INFO] - Finding web element from Test Object's properties

2021-01-13 01:21:25 - [MESSAGE][INFO] - Checking timeout

2021-01-13 01:21:25 - [MESSAGE][INFO] - Finding web element with id: 'Object Repository/Sayfalar/Giris_Sayfasi/PopupOK' located by 'By.cssSelector: .btn.btn-success' in '30' second(s)

2021-01-13 01:21:25 - [MESSAGE][INFO] - Smart Wait Function is triggered

2021-01-13 01:21:25 - [MESSAGE][INFO] - Found 1 web elements with id: 'Object Repository/Sayfalar/Giris_Sayfasi/PopupOK' located by 'By.cssSelector: .btn.btn-success' in '30' second(s)

2021-01-13 01:21:25 - [MESSAGE][INFO] - Clicking on object: 'Object Repository/Sayfalar/Giris_Sayfasi/PopupOK'

2021-01-13 01:21:25 - [MESSAGE][PASSED] - Object: 'Object Repository/Sayfalar/Giris_Sayfasi/PopupOK' is clicked on

2021-01-13 01:21:25 - [TEST_STEP][PASSED] - verifyElementVisible(findTestObject("Object Repository/Kullanici_Islemleri/KullaniciIslemleri")): Object 'Object Repository/Kullanici_Islemleri/KullaniciIslemleri' is visible

2021-01-13 01:21:25 - [MESSAGE][INFO] - Finding Test Object 'Object Repository/Kullanici_Islemleri/KullaniciIslemleri'

2021-01-13 01:21:25 - [MESSAGE][INFO] - Checking object

2021-01-13 01:21:25 - [MESSAGE][INFO] - Finding web element from Test Object's properties

2021-01-13 01:21:25 - [MESSAGE][INFO] - Checking timeout

2021-01-13 01:21:25 - [MESSAGE][INFO] - Finding web element with id: 'Object Repository/Kullanici_Islemleri/KullaniciIslemleri' located by 'By.cssSelector: .dropdown>a>img' in '30' second(s)

2021-01-13 01:21:25 - [MESSAGE][INFO] - Smart Wait Function is triggered

2021-01-13 01:21:26 - [MESSAGE][INFO] - Found 1 web elements with id: 'Object Repository/Kullanici_Islemleri/KullaniciIslemleri' located by 'By.cssSelector: .dropdown>a>img' in '30' second(s)

2021-01-13 01:21:26 - [MESSAGE][PASSED] - Object 'Object Repository/Kullanici_Islemleri/KullaniciIslemleri' is visible

2021-01-13 01:21:26 - [MESSAGE][PASSED] - Call Test Case 'Test Cases/Sayfalar/Giris_Sayfasi/Login' successfully

2021-01-13 01:21:26 - [MESSAGE][PASSED] - Kullanıcı adı ELOGO6 ve Şifre 123456 olarak giriş yapılır

2021-01-13 01:21:26 - [TEST_STEP][PASSED] - Ana menüden Firma Yönetimi seçilir: Ana menüden Firma Yönetimi seçilir

2021-01-13 01:21:26 - [MESSAGE][INFO] - Checking called Test Case

2021-01-13 01:21:26 - [MESSAGE][INFO] - Starting to call Test Case 'Test Cases/Menu/AnaMenuSecimi'

2021-01-13 01:21:26 - [TEST_CASE][PASSED] - Test Cases/Menu/AnaMenuSecimi: Test Cases/Menu/AnaMenuSecimi

2021-01-13 01:21:26 - [TEST_STEP][PASSED] - Method.TextDegerineEsitElementeTikla(findTestObject("Menu/Ana_Menu"), Ana_Menu): Method.TextDegerineEsitElementeTikla is PASSED

2021-01-13 01:21:26 - [MESSAGE][INFO] - Finding Test Object 'Object Repository/Menu/Ana_Menu'

2021-01-13 01:21:26 - [MESSAGE][INFO] - Checking timeout

2021-01-13 01:21:26 - [MESSAGE][INFO] - Finding web element with id: 'Object Repository/Menu/Ana_Menu' located by 'By.xpath: //*[@class = 'dropdown-toggle']' in '10' second(s)

2021-01-13 01:21:26 - [MESSAGE][INFO] - Smart Wait Function is triggered

2021-01-13 01:21:26 - [MESSAGE][INFO] - Found 14 web elements with id: 'Object Repository/Menu/Ana_Menu' located by 'By.xpath: //*[@class = 'dropdown-toggle']' in '10' second(s)

2021-01-13 01:21:27 - [MESSAGE][PASSED] - Method.TextDegerineEsitElementeTikla is PASSED

2021-01-13 01:21:27 - [MESSAGE][PASSED] - Call Test Case 'Test Cases/Menu/AnaMenuSecimi' successfully

2021-01-13 01:21:27 - [MESSAGE][PASSED] - Ana menüden Firma Yönetimi seçilir

2021-01-13 01:21:27 - [TEST_STEP][PASSED] - Alt menüden Yetki Yönetimi seçilir: Alt menüden Yetki Yönetimi seçilir

2021-01-13 01:21:27 - [MESSAGE][INFO] - Checking called Test Case

2021-01-13 01:21:27 - [MESSAGE][INFO] - Starting to call Test Case 'Test Cases/Menu/AltMenuSecimi'

2021-01-13 01:21:27 - [TEST_CASE][PASSED] - Test Cases/Menu/AltMenuSecimi: Test Cases/Menu/AltMenuSecimi

2021-01-13 01:21:27 - [TEST_STEP][PASSED] - Method.TextDegerineEsitElementeTikla(findTestObject("Menu/Alt_Menu"), Alt_Menu): Method.TextDegerineEsitElementeTikla is PASSED

2021-01-13 01:21:27 - [MESSAGE][INFO] - Finding Test Object 'Object Repository/Menu/Alt_Menu'

2021-01-13 01:21:27 - [MESSAGE][INFO] - Checking timeout

2021-01-13 01:21:27 - [MESSAGE][INFO] - Finding web element with id: 'Object Repository/Menu/Alt_Menu' located by 'By.xpath: //li[@class='dropdown dropdown-large open']//li[@class='dropdown-element']' in '10' second(s)

2021-01-13 01:21:27 - [MESSAGE][INFO] - Smart Wait Function is triggered

2021-01-13 01:21:27 - [MESSAGE][INFO] - Found 1 web elements with id: 'Object Repository/Menu/Alt_Menu' located by 'By.xpath: //li[@class='dropdown dropdown-large open']//li[@class='dropdown-element']' in '10' second(s)

2021-01-13 01:21:29 - [MESSAGE][PASSED] - Method.TextDegerineEsitElementeTikla is PASSED

2021-01-13 01:21:29 - [MESSAGE][PASSED] - Call Test Case 'Test Cases/Menu/AltMenuSecimi' successfully

2021-01-13 01:21:29 - [MESSAGE][PASSED] - Alt menüden Yetki Yönetimi seçilir

2021-01-13 01:21:29 - [TEST_STEP][PASSED] - Butonlardan Kullanıcı Ekle isimli butona tıklanır: Butonlardan Kullanıcı Ekle isimli butona tıklanır

2021-01-13 01:21:29 - [MESSAGE][INFO] - Checking called Test Case

2021-01-13 01:21:29 - [MESSAGE][INFO] - Starting to call Test Case 'Test Cases/Butonlar/ButonaTikla'

2021-01-13 01:21:29 - [TEST_CASE][PASSED] - Test Cases/Butonlar/ButonaTikla: Test Cases/Butonlar/ButonaTikla

2021-01-13 01:21:29 - [TEST_STEP][PASSED] - Method.TextDegerineEsitElementeTiklaEquals(findTestObject("Butonlar/Butonlar"), Buton_Adi): Method.TextDegerineEsitElementeTiklaEquals is PASSED

2021-01-13 01:21:29 - [MESSAGE][INFO] - Finding Test Object 'Object Repository/Butonlar/Butonlar'

2021-01-13 01:21:29 - [MESSAGE][INFO] - Checking timeout

2021-01-13 01:21:29 - [MESSAGE][INFO] - Finding web element with id: 'Object Repository/Butonlar/Butonlar' located by 'By.cssSelector: .panel.panel-default.text-center.footerPanel .btn,.btn.btn-primary.btnControls' in '10' second(s)

2021-01-13 01:21:29 - [MESSAGE][INFO] - Smart Wait Function is triggered

2021-01-13 01:21:29 - [MESSAGE][INFO] - Found 13 web elements with id: 'Object Repository/Butonlar/Butonlar' located by 'By.cssSelector: .panel.panel-default.text-center.footerPanel .btn,.btn.btn-primary.btnControls' in '10' second(s)

2021-01-13 01:21:30 - [MESSAGE][PASSED] - Method.TextDegerineEsitElementeTiklaEquals is PASSED

2021-01-13 01:21:30 - [MESSAGE][PASSED] - Call Test Case 'Test Cases/Butonlar/ButonaTikla' successfully

2021-01-13 01:21:30 - [MESSAGE][PASSED] - Butonlardan Kullanıcı Ekle isimli butona tıklanır

2021-01-13 01:21:30 - [TEST_STEP][PASSED] - Kullanıcı bilgileri VirgosolKullanici,otomasyon@virgosol.com,Virgosol,Otomasyon,5555555555,Firma,ELOGO6 olarak girilir: Kullanıcı bilgileri VirgosolKullanici,otomasyon@virgosol.com,Virgosol,Otomasyon,5555555555,Firma,ELOGO6 olarak girilir

2021-01-13 01:21:30 - [MESSAGE][INFO] - Checking called Test Case

2021-01-13 01:21:30 - [MESSAGE][INFO] - Starting to call Test Case 'Test Cases/Sayfalar/Yetki_Yonetimi/KullaniciEklenir'

2021-01-13 01:21:30 - [TEST_CASE][PASSED] - Test Cases/Sayfalar/Yetki_Yonetimi/KullaniciEklenir: Test Cases/Sayfalar/Yetki_Yonetimi/KullaniciEklenir

2021-01-13 01:21:30 - [TEST_STEP][PASSED] - switchToFrame(findTestObject("Object Repository/Sayfalar/Yetki_Yonetimi/Kullanici_Bilgileri/frame"), 10): Switched to iframe: 'Object Repository/Sayfalar/Yetki_Yonetimi/Kullanici_Bilgileri/frame'

2021-01-13 01:21:30 - [MESSAGE][INFO] - Finding Test Object 'Object Repository/Sayfalar/Yetki_Yonetimi/Kullanici_Bilgileri/frame'

2021-01-13 01:21:30 - [MESSAGE][INFO] - Switching to iframe: 'Object Repository/Sayfalar/Yetki_Yonetimi/Kullanici_Bilgileri/frame'

2021-01-13 01:21:30 - [MESSAGE][INFO] - Finding web element from Test Object's properties

2021-01-13 01:21:30 - [MESSAGE][INFO] - Checking timeout

2021-01-13 01:21:30 - [MESSAGE][INFO] - Finding web element with id: 'Object Repository/Sayfalar/Yetki_Yonetimi/Kullanici_Bilgileri/frame' located by 'By.xpath: //*[@id = 'adduserframe']' in '10' second(s)

2021-01-13 01:21:30 - [MESSAGE][INFO] - Smart Wait Function is triggered

2021-01-13 01:21:30 - [MESSAGE][INFO] - Found 1 web elements with id: 'Object Repository/Sayfalar/Yetki_Yonetimi/Kullanici_Bilgileri/frame' located by 'By.xpath: //*[@id = 'adduserframe']' in '10' second(s)

2021-01-13 01:21:30 - [MESSAGE][INFO] - Switched to iframe: 'Object Repository/Sayfalar/Yetki_Yonetimi/Kullanici_Bilgileri/frame'

2021-01-13 01:21:30 - [TEST_STEP][PASSED] - waitForElementPresent(findTestObject("Object Repository/Sayfalar/Yetki_Yonetimi/Kullanici_Bilgileri/Kullanici_Kodu"), 10): Object 'Object Repository/Sayfalar/Yetki_Yonetimi/Kullanici_Bilgileri/Kullanici_Kodu' is present

2021-01-13 01:21:30 - [MESSAGE][INFO] - Finding Test Object 'Object Repository/Sayfalar/Yetki_Yonetimi/Kullanici_Bilgileri/Kullanici_Kodu'

2021-01-13 01:21:31 - [MESSAGE][INFO] - Checking object

2021-01-13 01:21:31 - [MESSAGE][INFO] - Finding web element from Test Object's properties

2021-01-13 01:21:31 - [MESSAGE][INFO] - Checking timeout

2021-01-13 01:21:31 - [MESSAGE][INFO] - Finding web element with id: 'Object Repository/Sayfalar/Yetki_Yonetimi/Kullanici_Bilgileri/Kullanici_Kodu' located by 'By.xpath: //*[@id = 'UserName_I']' in '10' second(s)

2021-01-13 01:21:31 - [MESSAGE][INFO] - Smart Wait Function is triggered

2021-01-13 01:21:31 - [MESSAGE][INFO] - Found 1 web elements with id: 'Object Repository/Sayfalar/Yetki_Yonetimi/Kullanici_Bilgileri/Kullanici_Kodu' located by 'By.xpath: //*[@id = 'UserName_I']' in '10' second(s)

2021-01-13 01:21:31 - [MESSAGE][PASSED] - Object 'Object Repository/Sayfalar/Yetki_Yonetimi/Kullanici_Bilgileri/Kullanici_Kodu' is present

2021-01-13 01:21:31 - [TEST_STEP][PASSED] - clearText(findTestObject("Object Repository/Sayfalar/Yetki_Yonetimi/Kullanici_Bilgileri/Kullanici_Kodu")): Text of object 'Object Repository/Sayfalar/Yetki_Yonetimi/Kullanici_Bilgileri/Kullanici_Kodu' is cleared

2021-01-13 01:21:31 - [MESSAGE][INFO] - Finding Test Object 'Object Repository/Sayfalar/Yetki_Yonetimi/Kullanici_Bilgileri/Kullanici_Kodu'

2021-01-13 01:21:31 - [MESSAGE][INFO] - Checking object

2021-01-13 01:21:31 - [MESSAGE][INFO] - Finding web element from Test Object's properties

2021-01-13 01:21:31 - [MESSAGE][INFO] - Checking timeout

2021-01-13 01:21:31 - [MESSAGE][INFO] - Finding web element with id: 'Object Repository/Sayfalar/Yetki_Yonetimi/Kullanici_Bilgileri/Kullanici_Kodu' located by 'By.xpath: //*[@id = 'UserName_I']' in '30' second(s)

2021-01-13 01:21:31 - [MESSAGE][INFO] - Smart Wait Function is triggered

2021-01-13 01:21:31 - [MESSAGE][INFO] - Found 1 web elements with id: 'Object Repository/Sayfalar/Yetki_Yonetimi/Kullanici_Bilgileri/Kullanici_Kodu' located by 'By.xpath: //*[@id = 'UserName_I']' in '30' second(s)

2021-01-13 01:21:31 - [MESSAGE][INFO] - Clearing text of object 'Object Repository/Sayfalar/Yetki_Yonetimi/Kullanici_Bilgileri/Kullanici_Kodu'

2021-01-13 01:21:31 - [MESSAGE][PASSED] - Text of object 'Object Repository/Sayfalar/Yetki_Yonetimi/Kullanici_Bilgileri/Kullanici_Kodu' is cleared

2021-01-13 01:21:31 - [TEST_STEP][PASSED] - sendKeys(findTestObject("Object Repository/Sayfalar/Yetki_Yonetimi/Kullanici_Bilgileri/Kullanici_Kodu"), Kullanici_Kodu): Keys 'VirgosolKullanici' sent to object: 'Object Repository/Sayfalar/Yetki_Yonetimi/Kullanici_Bilgileri/Kullanici_Kodu'

2021-01-13 01:21:31 - [MESSAGE][INFO] - Finding Test Object 'Object Repository/Sayfalar/Yetki_Yonetimi/Kullanici_Bilgileri/Kullanici_Kodu'

2021-01-13 01:21:31 - [MESSAGE][INFO] - Sending keys 'VirgosolKullanici' to object: 'Object Repository/Sayfalar/Yetki_Yonetimi/Kullanici_Bilgileri/Kullanici_Kodu'

2021-01-13 01:21:31 - [MESSAGE][INFO] - Finding web element from Test Object's properties

2021-01-13 01:21:31 - [MESSAGE][INFO] - Checking timeout

2021-01-13 01:21:31 - [MESSAGE][INFO] - Finding web element with id: 'Object Repository/Sayfalar/Yetki_Yonetimi/Kullanici_Bilgileri/Kullanici_Kodu' located by 'By.xpath: //*[@id = 'UserName_I']' in '30' second(s)

2021-01-13 01:21:31 - [MESSAGE][INFO] - Smart Wait Function is triggered

2021-01-13 01:21:31 - [MESSAGE][INFO] - Found 1 web elements with id: 'Object Repository/Sayfalar/Yetki_Yonetimi/Kullanici_Bilgileri/Kullanici_Kodu' located by 'By.xpath: //*[@id = 'UserName_I']' in '30' second(s)

2021-01-13 01:21:31 - [MESSAGE][PASSED] - Keys 'VirgosolKullanici' sent to object: 'Object Repository/Sayfalar/Yetki_Yonetimi/Kullanici_Bilgileri/Kullanici_Kodu'

2021-01-13 01:21:31 - [TEST_STEP][PASSED] - waitForElementPresent(findTestObject("Object Repository/Sayfalar/Yetki_Yonetimi/Kullanici_Bilgileri/Adi"), 10): Object 'Object Repository/Sayfalar/Yetki_Yonetimi/Kullanici_Bilgileri/Adi' is present

2021-01-13 01:21:31 - [MESSAGE][INFO] - Finding Test Object 'Object Repository/Sayfalar/Yetki_Yonetimi/Kullanici_Bilgileri/Adi'

2021-01-13 01:21:31 - [MESSAGE][INFO] - Checking object

2021-01-13 01:21:31 - [MESSAGE][INFO] - Finding web element from Test Object's properties

2021-01-13 01:21:31 - [MESSAGE][INFO] - Checking timeout

2021-01-13 01:21:31 - [MESSAGE][INFO] - Finding web element with id: 'Object Repository/Sayfalar/Yetki_Yonetimi/Kullanici_Bilgileri/Adi' located by 'By.xpath: //*[@id = 'Name_I']' in '10' second(s)

2021-01-13 01:21:31 - [MESSAGE][INFO] - Smart Wait Function is triggered

2021-01-13 01:21:31 - [MESSAGE][INFO] - Found 1 web elements with id: 'Object Repository/Sayfalar/Yetki_Yonetimi/Kullanici_Bilgileri/Adi' located by 'By.xpath: //*[@id = 'Name_I']' in '10' second(s)

2021-01-13 01:21:31 - [MESSAGE][PASSED] - Object 'Object Repository/Sayfalar/Yetki_Yonetimi/Kullanici_Bilgileri/Adi' is present

2021-01-13 01:21:31 - [TEST_STEP][PASSED] - clearText(findTestObject("Object Repository/Sayfalar/Yetki_Yonetimi/Kullanici_Bilgileri/Adi")): Text of object 'Object Repository/Sayfalar/Yetki_Yonetimi/Kullanici_Bilgileri/Adi' is cleared

2021-01-13 01:21:31 - [MESSAGE][INFO] - Finding Test Object 'Object Repository/Sayfalar/Yetki_Yonetimi/Kullanici_Bilgileri/Adi'

2021-01-13 01:21:31 - [MESSAGE][INFO] - Checking object

2021-01-13 01:21:31 - [MESSAGE][INFO] - Finding web element from Test Object's properties

2021-01-13 01:21:31 - [MESSAGE][INFO] - Checking timeout

2021-01-13 01:21:31 - [MESSAGE][INFO] - Finding web element with id: 'Object Repository/Sayfalar/Yetki_Yonetimi/Kullanici_Bilgileri/Adi' located by 'By.xpath: //*[@id = 'Name_I']' in '30' second(s)

2021-01-13 01:21:31 - [MESSAGE][INFO] - Smart Wait Function is triggered

2021-01-13 01:21:31 - [MESSAGE][INFO] - Found 1 web elements with id: 'Object Repository/Sayfalar/Yetki_Yonetimi/Kullanici_Bilgileri/Adi' located by 'By.xpath: //*[@id = 'Name_I']' in '30' second(s)

2021-01-13 01:21:31 - [MESSAGE][INFO] - Clearing text of object 'Object Repository/Sayfalar/Yetki_Yonetimi/Kullanici_Bilgileri/Adi'

2021-01-13 01:21:31 - [MESSAGE][PASSED] - Text of object 'Object Repository/Sayfalar/Yetki_Yonetimi/Kullanici_Bilgileri/Adi' is cleared

2021-01-13 01:21:31 - [TEST_STEP][PASSED] - sendKeys(findTestObject("Object Repository/Sayfalar/Yetki_Yonetimi/Kullanici_Bilgileri/Adi"), Adi): Keys 'Virgosol' sent to object: 'Object Repository/Sayfalar/Yetki_Yonetimi/Kullanici_Bilgileri/Adi'

2021-01-13 01:21:31 - [MESSAGE][INFO] - Finding Test Object 'Object Repository/Sayfalar/Yetki_Yonetimi/Kullanici_Bilgileri/Adi'

2021-01-13 01:21:31 - [MESSAGE][INFO] - Sending keys 'Virgosol' to object: 'Object Repository/Sayfalar/Yetki_Yonetimi/Kullanici_Bilgileri/Adi'

2021-01-13 01:21:31 - [MESSAGE][INFO] - Finding web element from Test Object's properties

2021-01-13 01:21:31 - [MESSAGE][INFO] - Checking timeout

2021-01-13 01:21:31 - [MESSAGE][INFO] - Finding web element with id: 'Object Repository/Sayfalar/Yetki_Yonetimi/Kullanici_Bilgileri/Adi' located by 'By.xpath: //*[@id = 'Name_I']' in '30' second(s)

2021-01-13 01:21:31 - [MESSAGE][INFO] - Smart Wait Function is triggered

2021-01-13 01:21:31 - [MESSAGE][INFO] - Found 1 web elements with id: 'Object Repository/Sayfalar/Yetki_Yonetimi/Kullanici_Bilgileri/Adi' located by 'By.xpath: //*[@id = 'Name_I']' in '30' second(s)

2021-01-13 01:21:31 - [MESSAGE][PASSED] - Keys 'Virgosol' sent to object: 'Object Repository/Sayfalar/Yetki_Yonetimi/Kullanici_Bilgileri/Adi'

2021-01-13 01:21:31 - [TEST_STEP][PASSED] - waitForElementPresent(findTestObject("Object Repository/Sayfalar/Yetki_Yonetimi/Kullanici_Bilgileri/Soyadi"), 10): Object 'Object Repository/Sayfalar/Yetki_Yonetimi/Kullanici_Bilgileri/Soyadi' is present

2021-01-13 01:21:31 - [MESSAGE][INFO] - Finding Test Object 'Object Repository/Sayfalar/Yetki_Yonetimi/Kullanici_Bilgileri/Soyadi'

2021-01-13 01:21:31 - [MESSAGE][INFO] - Checking object

2021-01-13 01:21:31 - [MESSAGE][INFO] - Finding web element from Test Object's properties

2021-01-13 01:21:31 - [MESSAGE][INFO] - Checking timeout

2021-01-13 01:21:31 - [MESSAGE][INFO] - Finding web element with id: 'Object Repository/Sayfalar/Yetki_Yonetimi/Kullanici_Bilgileri/Soyadi' located by 'By.xpath: //*[@id = 'FamilyName_I']' in '10' second(s)

2021-01-13 01:21:31 - [MESSAGE][INFO] - Smart Wait Function is triggered

2021-01-13 01:21:31 - [MESSAGE][INFO] - Found 1 web elements with id: 'Object Repository/Sayfalar/Yetki_Yonetimi/Kullanici_Bilgileri/Soyadi' located by 'By.xpath: //*[@id = 'FamilyName_I']' in '10' second(s)

2021-01-13 01:21:31 - [MESSAGE][PASSED] - Object 'Object Repository/Sayfalar/Yetki_Yonetimi/Kullanici_Bilgileri/Soyadi' is present

2021-01-13 01:21:31 - [TEST_STEP][PASSED] - clearText(findTestObject("Object Repository/Sayfalar/Yetki_Yonetimi/Kullanici_Bilgileri/Soyadi")): Text of object 'Object Repository/Sayfalar/Yetki_Yonetimi/Kullanici_Bilgileri/Soyadi' is cleared

2021-01-13 01:21:31 - [MESSAGE][INFO] - Finding Test Object 'Object Repository/Sayfalar/Yetki_Yonetimi/Kullanici_Bilgileri/Soyadi'

2021-01-13 01:21:31 - [MESSAGE][INFO] - Checking object

2021-01-13 01:21:31 - [MESSAGE][INFO] - Finding web element from Test Object's properties

2021-01-13 01:21:31 - [MESSAGE][INFO] - Checking timeout

2021-01-13 01:21:31 - [MESSAGE][INFO] - Finding web element with id: 'Object Repository/Sayfalar/Yetki_Yonetimi/Kullanici_Bilgileri/Soyadi' located by 'By.xpath: //*[@id = 'FamilyName_I']' in '30' second(s)

2021-01-13 01:21:31 - [MESSAGE][INFO] - Smart Wait Function is triggered

2021-01-13 01:21:31 - [MESSAGE][INFO] - Found 1 web elements with id: 'Object Repository/Sayfalar/Yetki_Yonetimi/Kullanici_Bilgileri/Soyadi' located by 'By.xpath: //*[@id = 'FamilyName_I']' in '30' second(s)

2021-01-13 01:21:31 - [MESSAGE][INFO] - Clearing text of object 'Object Repository/Sayfalar/Yetki_Yonetimi/Kullanici_Bilgileri/Soyadi'

2021-01-13 01:21:31 - [MESSAGE][PASSED] - Text of object 'Object Repository/Sayfalar/Yetki_Yonetimi/Kullanici_Bilgileri/Soyadi' is cleared

2021-01-13 01:21:31 - [TEST_STEP][PASSED] - sendKeys(findTestObject("Object Repository/Sayfalar/Yetki_Yonetimi/Kullanici_Bilgileri/Soyadi"), Soyadi): Keys 'Otomasyon' sent to object: 'Object Repository/Sayfalar/Yetki_Yonetimi/Kullanici_Bilgileri/Soyadi'

2021-01-13 01:21:31 - [MESSAGE][INFO] - Finding Test Object 'Object Repository/Sayfalar/Yetki_Yonetimi/Kullanici_Bilgileri/Soyadi'

2021-01-13 01:21:32 - [MESSAGE][INFO] - Sending keys 'Otomasyon' to object: 'Object Repository/Sayfalar/Yetki_Yonetimi/Kullanici_Bilgileri/Soyadi'

2021-01-13 01:21:32 - [MESSAGE][INFO] - Finding web element from Test Object's properties

2021-01-13 01:21:32 - [MESSAGE][INFO] - Checking timeout

2021-01-13 01:21:32 - [MESSAGE][INFO] - Finding web element with id: 'Object Repository/Sayfalar/Yetki_Yonetimi/Kullanici_Bilgileri/Soyadi' located by 'By.xpath: //*[@id = 'FamilyName_I']' in '30' second(s)

2021-01-13 01:21:32 - [MESSAGE][INFO] - Smart Wait Function is triggered

2021-01-13 01:21:32 - [MESSAGE][INFO] - Found 1 web elements with id: 'Object Repository/Sayfalar/Yetki_Yonetimi/Kullanici_Bilgileri/Soyadi' located by 'By.xpath: //*[@id = 'FamilyName_I']' in '30' second(s)

2021-01-13 01:21:32 - [MESSAGE][PASSED] - Keys 'Otomasyon' sent to object: 'Object Repository/Sayfalar/Yetki_Yonetimi/Kullanici_Bilgileri/Soyadi'

2021-01-13 01:21:32 - [TEST_STEP][PASSED] - waitForElementPresent(findTestObject("Object Repository/Sayfalar/Yetki_Yonetimi/Kullanici_Bilgileri/Posta"), 10): Object 'Object Repository/Sayfalar/Yetki_Yonetimi/Kullanici_Bilgileri/Posta' is present

2021-01-13 01:21:32 - [MESSAGE][INFO] - Finding Test Object 'Object Repository/Sayfalar/Yetki_Yonetimi/Kullanici_Bilgileri/Posta'

2021-01-13 01:21:32 - [MESSAGE][INFO] - Checking object

2021-01-13 01:21:32 - [MESSAGE][INFO] - Finding web element from Test Object's properties

2021-01-13 01:21:32 - [MESSAGE][INFO] - Checking timeout

2021-01-13 01:21:32 - [MESSAGE][INFO] - Finding web element with id: 'Object Repository/Sayfalar/Yetki_Yonetimi/Kullanici_Bilgileri/Posta' located by 'By.xpath: //*[@id = 'Mail_I']' in '10' second(s)

2021-01-13 01:21:32 - [MESSAGE][INFO] - Smart Wait Function is triggered

2021-01-13 01:21:32 - [MESSAGE][INFO] - Found 1 web elements with id: 'Object Repository/Sayfalar/Yetki_Yonetimi/Kullanici_Bilgileri/Posta' located by 'By.xpath: //*[@id = 'Mail_I']' in '10' second(s)

2021-01-13 01:21:32 - [MESSAGE][PASSED] - Object 'Object Repository/Sayfalar/Yetki_Yonetimi/Kullanici_Bilgileri/Posta' is present

2021-01-13 01:21:32 - [TEST_STEP][PASSED] - clearText(findTestObject("Object Repository/Sayfalar/Yetki_Yonetimi/Kullanici_Bilgileri/Posta")): Text of object 'Object Repository/Sayfalar/Yetki_Yonetimi/Kullanici_Bilgileri/Posta' is cleared

2021-01-13 01:21:32 - [MESSAGE][INFO] - Finding Test Object 'Object Repository/Sayfalar/Yetki_Yonetimi/Kullanici_Bilgileri/Posta'

2021-01-13 01:21:32 - [MESSAGE][INFO] - Checking object

2021-01-13 01:21:32 - [MESSAGE][INFO] - Finding web element from Test Object's properties

2021-01-13 01:21:32 - [MESSAGE][INFO] - Checking timeout

2021-01-13 01:21:32 - [MESSAGE][INFO] - Finding web element with id: 'Object Repository/Sayfalar/Yetki_Yonetimi/Kullanici_Bilgileri/Posta' located by 'By.xpath: //*[@id = 'Mail_I']' in '30' second(s)

2021-01-13 01:21:32 - [MESSAGE][INFO] - Smart Wait Function is triggered

2021-01-13 01:21:32 - [MESSAGE][INFO] - Found 1 web elements with id: 'Object Repository/Sayfalar/Yetki_Yonetimi/Kullanici_Bilgileri/Posta' located by 'By.xpath: //*[@id = 'Mail_I']' in '30' second(s)

2021-01-13 01:21:32 - [MESSAGE][INFO] - Clearing text of object 'Object Repository/Sayfalar/Yetki_Yonetimi/Kullanici_Bilgileri/Posta'

2021-01-13 01:21:32 - [MESSAGE][PASSED] - Text of object 'Object Repository/Sayfalar/Yetki_Yonetimi/Kullanici_Bilgileri/Posta' is cleared

2021-01-13 01:21:32 - [TEST_STEP][PASSED] - sendKeys(findTestObject("Object Repository/Sayfalar/Yetki_Yonetimi/Kullanici_Bilgileri/Posta"), Posta): Keys 'otomasyon@virgosol.com' sent to object: 'Object Repository/Sayfalar/Yetki_Yonetimi/Kullanici_Bilgileri/Posta'

2021-01-13 01:21:32 - [MESSAGE][INFO] - Finding Test Object 'Object Repository/Sayfalar/Yetki_Yonetimi/Kullanici_Bilgileri/Posta'

2021-01-13 01:21:32 - [MESSAGE][INFO] - Sending keys 'otomasyon@virgosol.com' to object: 'Object Repository/Sayfalar/Yetki_Yonetimi/Kullanici_Bilgileri/Posta'

2021-01-13 01:21:32 - [MESSAGE][INFO] - Finding web element from Test Object's properties

2021-01-13 01:21:32 - [MESSAGE][INFO] - Checking timeout

2021-01-13 01:21:32 - [MESSAGE][INFO] - Finding web element with id: 'Object Repository/Sayfalar/Yetki_Yonetimi/Kullanici_Bilgileri/Posta' located by 'By.xpath: //*[@id = 'Mail_I']' in '30' second(s)

2021-01-13 01:21:32 - [MESSAGE][INFO] - Smart Wait Function is triggered

2021-01-13 01:21:32 - [MESSAGE][INFO] - Found 1 web elements with id: 'Object Repository/Sayfalar/Yetki_Yonetimi/Kullanici_Bilgileri/Posta' located by 'By.xpath: //*[@id = 'Mail_I']' in '30' second(s)

2021-01-13 01:21:32 - [MESSAGE][PASSED] - Keys 'otomasyon@virgosol.com' sent to object: 'Object Repository/Sayfalar/Yetki_Yonetimi/Kullanici_Bilgileri/Posta'

2021-01-13 01:21:32 - [TEST_STEP][PASSED] - waitForElementPresent(findTestObject("Object Repository/Sayfalar/Yetki_Yonetimi/Kullanici_Bilgileri/Telefon"), 10): Object 'Object Repository/Sayfalar/Yetki_Yonetimi/Kullanici_Bilgileri/Telefon' is present

2021-01-13 01:21:32 - [MESSAGE][INFO] - Finding Test Object 'Object Repository/Sayfalar/Yetki_Yonetimi/Kullanici_Bilgileri/Telefon'

2021-01-13 01:21:32 - [MESSAGE][INFO] - Checking object

2021-01-13 01:21:32 - [MESSAGE][INFO] - Finding web element from Test Object's properties

2021-01-13 01:21:32 - [MESSAGE][INFO] - Checking timeout

2021-01-13 01:21:32 - [MESSAGE][INFO] - Finding web element with id: 'Object Repository/Sayfalar/Yetki_Yonetimi/Kullanici_Bilgileri/Telefon' located by 'By.xpath: //*[@id = 'Phone_I']' in '10' second(s)

2021-01-13 01:21:32 - [MESSAGE][INFO] - Smart Wait Function is triggered

2021-01-13 01:21:32 - [MESSAGE][INFO] - Found 1 web elements with id: 'Object Repository/Sayfalar/Yetki_Yonetimi/Kullanici_Bilgileri/Telefon' located by 'By.xpath: //*[@id = 'Phone_I']' in '10' second(s)

2021-01-13 01:21:32 - [MESSAGE][PASSED] - Object 'Object Repository/Sayfalar/Yetki_Yonetimi/Kullanici_Bilgileri/Telefon' is present

2021-01-13 01:21:32 - [TEST_STEP][PASSED] - clearText(findTestObject("Object Repository/Sayfalar/Yetki_Yonetimi/Kullanici_Bilgileri/Telefon")): Text of object 'Object Repository/Sayfalar/Yetki_Yonetimi/Kullanici_Bilgileri/Telefon' is cleared

2021-01-13 01:21:32 - [MESSAGE][INFO] - Finding Test Object 'Object Repository/Sayfalar/Yetki_Yonetimi/Kullanici_Bilgileri/Telefon'

2021-01-13 01:21:32 - [MESSAGE][INFO] - Checking object

2021-01-13 01:21:32 - [MESSAGE][INFO] - Finding web element from Test Object's properties

2021-01-13 01:21:32 - [MESSAGE][INFO] - Checking timeout

2021-01-13 01:21:32 - [MESSAGE][INFO] - Finding web element with id: 'Object Repository/Sayfalar/Yetki_Yonetimi/Kullanici_Bilgileri/Telefon' located by 'By.xpath: //*[@id = 'Phone_I']' in '30' second(s)

2021-01-13 01:21:32 - [MESSAGE][INFO] - Smart Wait Function is triggered

2021-01-13 01:21:32 - [MESSAGE][INFO] - Found 1 web elements with id: 'Object Repository/Sayfalar/Yetki_Yonetimi/Kullanici_Bilgileri/Telefon' located by 'By.xpath: //*[@id = 'Phone_I']' in '30' second(s)

2021-01-13 01:21:32 - [MESSAGE][INFO] - Clearing text of object 'Object Repository/Sayfalar/Yetki_Yonetimi/Kullanici_Bilgileri/Telefon'

2021-01-13 01:21:32 - [MESSAGE][PASSED] - Text of object 'Object Repository/Sayfalar/Yetki_Yonetimi/Kullanici_Bilgileri/Telefon' is cleared

2021-01-13 01:21:32 - [TEST_STEP][PASSED] - sendKeys(findTestObject("Object Repository/Sayfalar/Yetki_Yonetimi/Kullanici_Bilgileri/Telefon"), Telefon): Keys '5555555555' sent to object: 'Object Repository/Sayfalar/Yetki_Yonetimi/Kullanici_Bilgileri/Telefon'

2021-01-13 01:21:32 - [MESSAGE][INFO] - Finding Test Object 'Object Repository/Sayfalar/Yetki_Yonetimi/Kullanici_Bilgileri/Telefon'

2021-01-13 01:21:32 - [MESSAGE][INFO] - Sending keys '5555555555' to object: 'Object Repository/Sayfalar/Yetki_Yonetimi/Kullanici_Bilgileri/Telefon'

2021-01-13 01:21:32 - [MESSAGE][INFO] - Finding web element from Test Object's properties

2021-01-13 01:21:32 - [MESSAGE][INFO] - Checking timeout

2021-01-13 01:21:32 - [MESSAGE][INFO] - Finding web element with id: 'Object Repository/Sayfalar/Yetki_Yonetimi/Kullanici_Bilgileri/Telefon' located by 'By.xpath: //*[@id = 'Phone_I']' in '30' second(s)

2021-01-13 01:21:32 - [MESSAGE][INFO] - Smart Wait Function is triggered

2021-01-13 01:21:32 - [MESSAGE][INFO] - Found 1 web elements with id: 'Object Repository/Sayfalar/Yetki_Yonetimi/Kullanici_Bilgileri/Telefon' located by 'By.xpath: //*[@id = 'Phone_I']' in '30' second(s)

2021-01-13 01:21:32 - [MESSAGE][PASSED] - Keys '5555555555' sent to object: 'Object Repository/Sayfalar/Yetki_Yonetimi/Kullanici_Bilgileri/Telefon'

2021-01-13 01:21:32 - [TEST_STEP][PASSED] - waitForElementPresent(findTestObject("Object Repository/Sayfalar/Yetki_Yonetimi/Kullanici_Bilgileri/Unvan"), 10): Object 'Object Repository/Sayfalar/Yetki_Yonetimi/Kullanici_Bilgileri/Unvan' is present

2021-01-13 01:21:32 - [MESSAGE][INFO] - Finding Test Object 'Object Repository/Sayfalar/Yetki_Yonetimi/Kullanici_Bilgileri/Unvan'

2021-01-13 01:21:32 - [MESSAGE][INFO] - Checking object

2021-01-13 01:21:32 - [MESSAGE][INFO] - Finding web element from Test Object's properties

2021-01-13 01:21:32 - [MESSAGE][INFO] - Checking timeout

2021-01-13 01:21:32 - [MESSAGE][INFO] - Finding web element with id: 'Object Repository/Sayfalar/Yetki_Yonetimi/Kullanici_Bilgileri/Unvan' located by 'By.xpath: //*[@id = 'Title_I']' in '10' second(s)

2021-01-13 01:21:32 - [MESSAGE][INFO] - Smart Wait Function is triggered

2021-01-13 01:21:32 - [MESSAGE][INFO] - Found 1 web elements with id: 'Object Repository/Sayfalar/Yetki_Yonetimi/Kullanici_Bilgileri/Unvan' located by 'By.xpath: //*[@id = 'Title_I']' in '10' second(s)

2021-01-13 01:21:32 - [MESSAGE][PASSED] - Object 'Object Repository/Sayfalar/Yetki_Yonetimi/Kullanici_Bilgileri/Unvan' is present

2021-01-13 01:21:32 - [TEST_STEP][PASSED] - clearText(findTestObject("Object Repository/Sayfalar/Yetki_Yonetimi/Kullanici_Bilgileri/Unvan")): Text of object 'Object Repository/Sayfalar/Yetki_Yonetimi/Kullanici_Bilgileri/Unvan' is cleared

2021-01-13 01:21:32 - [MESSAGE][INFO] - Finding Test Object 'Object Repository/Sayfalar/Yetki_Yonetimi/Kullanici_Bilgileri/Unvan'

2021-01-13 01:21:33 - [MESSAGE][INFO] - Checking object

2021-01-13 01:21:33 - [MESSAGE][INFO] - Finding web element from Test Object's properties

2021-01-13 01:21:33 - [MESSAGE][INFO] - Checking timeout

2021-01-13 01:21:33 - [MESSAGE][INFO] - Finding web element with id: 'Object Repository/Sayfalar/Yetki_Yonetimi/Kullanici_Bilgileri/Unvan' located by 'By.xpath: //*[@id = 'Title_I']' in '30' second(s)

2021-01-13 01:21:33 - [MESSAGE][INFO] - Smart Wait Function is triggered

2021-01-13 01:21:33 - [MESSAGE][INFO] - Found 1 web elements with id: 'Object Repository/Sayfalar/Yetki_Yonetimi/Kullanici_Bilgileri/Unvan' located by 'By.xpath: //*[@id = 'Title_I']' in '30' second(s)

2021-01-13 01:21:33 - [MESSAGE][INFO] - Clearing text of object 'Object Repository/Sayfalar/Yetki_Yonetimi/Kullanici_Bilgileri/Unvan'

2021-01-13 01:21:33 - [MESSAGE][PASSED] - Text of object 'Object Repository/Sayfalar/Yetki_Yonetimi/Kullanici_Bilgileri/Unvan' is cleared

2021-01-13 01:21:33 - [TEST_STEP][PASSED] - sendKeys(findTestObject("Object Repository/Sayfalar/Yetki_Yonetimi/Kullanici_Bilgileri/Unvan"), Unvan): Keys 'Firma' sent to object: 'Object Repository/Sayfalar/Yetki_Yonetimi/Kullanici_Bilgileri/Unvan'

2021-01-13 01:21:33 - [MESSAGE][INFO] - Finding Test Object 'Object Repository/Sayfalar/Yetki_Yonetimi/Kullanici_Bilgileri/Unvan'

2021-01-13 01:21:33 - [MESSAGE][INFO] - Sending keys 'Firma' to object: 'Object Repository/Sayfalar/Yetki_Yonetimi/Kullanici_Bilgileri/Unvan'

2021-01-13 01:21:33 - [MESSAGE][INFO] - Finding web element from Test Object's properties

2021-01-13 01:21:33 - [MESSAGE][INFO] - Checking timeout

2021-01-13 01:21:33 - [MESSAGE][INFO] - Finding web element with id: 'Object Repository/Sayfalar/Yetki_Yonetimi/Kullanici_Bilgileri/Unvan' located by 'By.xpath: //*[@id = 'Title_I']' in '30' second(s)

2021-01-13 01:21:33 - [MESSAGE][INFO] - Smart Wait Function is triggered

2021-01-13 01:21:33 - [MESSAGE][INFO] - Found 1 web elements with id: 'Object Repository/Sayfalar/Yetki_Yonetimi/Kullanici_Bilgileri/Unvan' located by 'By.xpath: //*[@id = 'Title_I']' in '30' second(s)

2021-01-13 01:21:33 - [MESSAGE][PASSED] - Keys 'Firma' sent to object: 'Object Repository/Sayfalar/Yetki_Yonetimi/Kullanici_Bilgileri/Unvan'

2021-01-13 01:21:33 - [TEST_STEP][PASSED] - Method.TextDegerineEsitElementinAltindakineTikla(findTestObject("Object Repository/Sayfalar/Yetki_Yonetimi/Kullanici_Bilgileri/Firma_Secimi"), findTestObject("Object Repository/Sayfalar/Yetki_Yonetimi/Kullanici_Bilgileri/Firma_Secimi_Checkbox"), Firma_Secimi): Method.TextDegerineEsitElementinAltindakineTikla is PASSED

2021-01-13 01:21:33 - [MESSAGE][INFO] - Finding Test Object 'Object Repository/Sayfalar/Yetki_Yonetimi/Kullanici_Bilgileri/Firma_Secimi'

2021-01-13 01:21:33 - [MESSAGE][INFO] - Finding Test Object 'Object Repository/Sayfalar/Yetki_Yonetimi/Kullanici_Bilgileri/Firma_Secimi_Checkbox'

2021-01-13 01:21:33 - [MESSAGE][INFO] - Checking timeout

2021-01-13 01:21:33 - [MESSAGE][INFO] - Finding web element with id: 'Object Repository/Sayfalar/Yetki_Yonetimi/Kullanici_Bilgileri/Firma_Secimi' located by 'By.cssSelector: #FirmListBox_LBT td' in '10' second(s)

2021-01-13 01:21:33 - [MESSAGE][INFO] - Smart Wait Function is triggered

2021-01-13 01:21:33 - [MESSAGE][INFO] - Found 4 web elements with id: 'Object Repository/Sayfalar/Yetki_Yonetimi/Kullanici_Bilgileri/Firma_Secimi' located by 'By.cssSelector: #FirmListBox_LBT td' in '10' second(s)

2021-01-13 01:21:33 - [MESSAGE][INFO] - Smart Wait Function is triggered

2021-01-13 01:21:33 - [MESSAGE][PASSED] - Method.TextDegerineEsitElementinAltindakineTikla is PASSED

2021-01-13 01:21:33 - [TEST_STEP][PASSED] - waitForElementClickable(findTestObject("Object Repository/Sayfalar/Yetki_Yonetimi/Kullanici_Bilgileri/Kaydet"), 10): Object 'Object Repository/Sayfalar/Yetki_Yonetimi/Kullanici_Bilgileri/Kaydet' is clickable

2021-01-13 01:21:33 - [MESSAGE][INFO] - Finding Test Object 'Object Repository/Sayfalar/Yetki_Yonetimi/Kullanici_Bilgileri/Kaydet'

2021-01-13 01:21:33 - [MESSAGE][INFO] - Checking object

2021-01-13 01:21:33 - [MESSAGE][INFO] - Checking timeout

2021-01-13 01:21:33 - [MESSAGE][INFO] - Finding web element from Test Object's properties

2021-01-13 01:21:33 - [MESSAGE][INFO] - Checking timeout

2021-01-13 01:21:33 - [MESSAGE][INFO] - Finding web element with id: 'Object Repository/Sayfalar/Yetki_Yonetimi/Kullanici_Bilgileri/Kaydet' located by 'By.cssSelector: #btnSave_CD span' in '10' second(s)

2021-01-13 01:21:33 - [MESSAGE][INFO] - Smart Wait Function is triggered

2021-01-13 01:21:33 - [MESSAGE][INFO] - Found 1 web elements with id: 'Object Repository/Sayfalar/Yetki_Yonetimi/Kullanici_Bilgileri/Kaydet' located by 'By.cssSelector: #btnSave_CD span' in '10' second(s)

2021-01-13 01:21:33 - [MESSAGE][PASSED] - Object 'Object Repository/Sayfalar/Yetki_Yonetimi/Kullanici_Bilgileri/Kaydet' is clickable

2021-01-13 01:21:33 - [TEST_STEP][PASSED] - click(findTestObject("Object Repository/Sayfalar/Yetki_Yonetimi/Kullanici_Bilgileri/Kaydet")): Object: 'Object Repository/Sayfalar/Yetki_Yonetimi/Kullanici_Bilgileri/Kaydet' is clicked on

2021-01-13 01:21:33 - [MESSAGE][INFO] - Finding Test Object 'Object Repository/Sayfalar/Yetki_Yonetimi/Kullanici_Bilgileri/Kaydet'

2021-01-13 01:21:33 - [MESSAGE][INFO] - Checking object

2021-01-13 01:21:33 - [MESSAGE][INFO] - Finding web element from Test Object's properties

2021-01-13 01:21:33 - [MESSAGE][INFO] - Checking timeout

2021-01-13 01:21:33 - [MESSAGE][INFO] - Finding web element with id: 'Object Repository/Sayfalar/Yetki_Yonetimi/Kullanici_Bilgileri/Kaydet' located by 'By.cssSelector: #btnSave_CD span' in '30' second(s)

2021-01-13 01:21:33 - [MESSAGE][INFO] - Smart Wait Function is triggered

2021-01-13 01:21:33 - [MESSAGE][INFO] - Found 1 web elements with id: 'Object Repository/Sayfalar/Yetki_Yonetimi/Kullanici_Bilgileri/Kaydet' located by 'By.cssSelector: #btnSave_CD span' in '30' second(s)

2021-01-13 01:21:33 - [MESSAGE][INFO] - Clicking on object: 'Object Repository/Sayfalar/Yetki_Yonetimi/Kullanici_Bilgileri/Kaydet'

2021-01-13 01:21:33 - [MESSAGE][PASSED] - Object: 'Object Repository/Sayfalar/Yetki_Yonetimi/Kullanici_Bilgileri/Kaydet' is clicked on

2021-01-13 01:21:33 - [TEST_STEP][PASSED] - waitForElementClickable(findTestObject("Object Repository/Popup/Popup_Butons"), 10): Object 'Object Repository/Popup/Popup_Butons' is clickable

2021-01-13 01:21:33 - [MESSAGE][INFO] - Finding Test Object 'Object Repository/Popup/Popup_Butons'

2021-01-13 01:21:34 - [MESSAGE][INFO] - Checking object

2021-01-13 01:21:34 - [MESSAGE][INFO] - Checking timeout

2021-01-13 01:21:34 - [MESSAGE][INFO] - Finding web element from Test Object's properties

2021-01-13 01:21:34 - [MESSAGE][INFO] - Checking timeout

2021-01-13 01:21:34 - [MESSAGE][INFO] - Finding web element with id: 'Object Repository/Popup/Popup_Butons' located by 'By.cssSelector: .modal-footer>button' in '10' second(s)

2021-01-13 01:21:34 - [MESSAGE][INFO] - Smart Wait Function is triggered

2021-01-13 01:21:34 - [MESSAGE][INFO] - Smart Wait Function is triggered

2021-01-13 01:21:34 - [MESSAGE][INFO] - Found 1 web elements with id: 'Object Repository/Popup/Popup_Butons' located by 'By.cssSelector: .modal-footer>button' in '10' second(s)

2021-01-13 01:21:34 - [MESSAGE][PASSED] - Object 'Object Repository/Popup/Popup_Butons' is clickable

2021-01-13 01:21:34 - [TEST_STEP][PASSED] - waitForElementVisible(findTestObject("Object Repository/Popup/Popup_Butons"), 10): Object 'Object Repository/Popup/Popup_Butons' is visible

2021-01-13 01:21:34 - [MESSAGE][INFO] - Finding Test Object 'Object Repository/Popup/Popup_Butons'

2021-01-13 01:21:34 - [MESSAGE][INFO] - Checking object

2021-01-13 01:21:34 - [MESSAGE][INFO] - Checking timeout

2021-01-13 01:21:34 - [MESSAGE][INFO] - Finding web element from Test Object's properties

2021-01-13 01:21:34 - [MESSAGE][INFO] - Checking timeout

2021-01-13 01:21:34 - [MESSAGE][INFO] - Finding web element with id: 'Object Repository/Popup/Popup_Butons' located by 'By.cssSelector: .modal-footer>button' in '10' second(s)

2021-01-13 01:21:34 - [MESSAGE][INFO] - Smart Wait Function is triggered

2021-01-13 01:21:34 - [MESSAGE][INFO] - Found 1 web elements with id: 'Object Repository/Popup/Popup_Butons' located by 'By.cssSelector: .modal-footer>button' in '10' second(s)

2021-01-13 01:21:34 - [MESSAGE][PASSED] - Object 'Object Repository/Popup/Popup_Butons' is visible

2021-01-13 01:21:34 - [TEST_STEP][PASSED] - click(findTestObject("Object Repository/Popup/Popup_Butons")): Object: 'Object Repository/Popup/Popup_Butons' is clicked on

2021-01-13 01:21:34 - [MESSAGE][INFO] - Finding Test Object 'Object Repository/Popup/Popup_Butons'

2021-01-13 01:21:34 - [MESSAGE][INFO] - Checking object

2021-01-13 01:21:34 - [MESSAGE][INFO] - Finding web element from Test Object's properties

2021-01-13 01:21:34 - [MESSAGE][INFO] - Checking timeout

2021-01-13 01:21:34 - [MESSAGE][INFO] - Finding web element with id: 'Object Repository/Popup/Popup_Butons' located by 'By.cssSelector: .modal-footer>button' in '30' second(s)

2021-01-13 01:21:34 - [MESSAGE][INFO] - Smart Wait Function is triggered

2021-01-13 01:21:34 - [MESSAGE][INFO] - Found 1 web elements with id: 'Object Repository/Popup/Popup_Butons' located by 'By.cssSelector: .modal-footer>button' in '30' second(s)

2021-01-13 01:21:34 - [MESSAGE][INFO] - Clicking on object: 'Object Repository/Popup/Popup_Butons'

2021-01-13 01:21:34 - [MESSAGE][PASSED] - Object: 'Object Repository/Popup/Popup_Butons' is clicked on

2021-01-13 01:21:34 - [TEST_STEP][PASSED] - switchToDefaultContent(): Switching to default content

2021-01-13 01:21:34 - [MESSAGE][INFO] - Switching to default content

2021-01-13 01:21:34 - [MESSAGE][PASSED] - Call Test Case 'Test Cases/Sayfalar/Yetki_Yonetimi/KullaniciEklenir' successfully

2021-01-13 01:21:34 - [MESSAGE][PASSED] - Kullanıcı bilgileri VirgosolKullanici,otomasyon@virgosol.com,Virgosol,Otomasyon,5555555555,Firma,ELOGO6 olarak girilir

2021-01-13 01:21:34 - [TEST_STEP][PASSED] - Kullanıcı işlemlerinden Çıkış seçilir: Kullanıcı işlemlerinden Çıkış seçilir

2021-01-13 01:21:34 - [MESSAGE][INFO] - Checking called Test Case

2021-01-13 01:21:34 - [MESSAGE][INFO] - Starting to call Test Case 'Test Cases/Kullanici_Islemleri/KullaniciIslemlerindenSecimYapilir'

2021-01-13 01:21:35 - [TEST_CASE][PASSED] - Test Cases/Kullanici_Islemleri/KullaniciIslemlerindenSecimYapilir: Test Cases/Kullanici_Islemleri/KullaniciIslemlerindenSecimYapilir

2021-01-13 01:21:35 - [TEST_STEP][PASSED] - waitForElementClickable(findTestObject("Object Repository/Kullanici_Islemleri/KullaniciIslemleri"), 10): Object 'Object Repository/Kullanici_Islemleri/KullaniciIslemleri' is clickable

2021-01-13 01:21:35 - [MESSAGE][INFO] - Finding Test Object 'Object Repository/Kullanici_Islemleri/KullaniciIslemleri'

2021-01-13 01:21:35 - [MESSAGE][INFO] - Checking object

2021-01-13 01:21:35 - [MESSAGE][INFO] - Checking timeout

2021-01-13 01:21:35 - [MESSAGE][INFO] - Finding web element from Test Object's properties

2021-01-13 01:21:35 - [MESSAGE][INFO] - Checking timeout

2021-01-13 01:21:35 - [MESSAGE][INFO] - Finding web element with id: 'Object Repository/Kullanici_Islemleri/KullaniciIslemleri' located by 'By.cssSelector: .dropdown>a>img' in '10' second(s)

2021-01-13 01:21:35 - [MESSAGE][INFO] - Smart Wait Function is triggered

2021-01-13 01:21:35 - [MESSAGE][INFO] - Found 1 web elements with id: 'Object Repository/Kullanici_Islemleri/KullaniciIslemleri' located by 'By.cssSelector: .dropdown>a>img' in '10' second(s)

2021-01-13 01:21:35 - [MESSAGE][PASSED] - Object 'Object Repository/Kullanici_Islemleri/KullaniciIslemleri' is clickable

2021-01-13 01:21:35 - [TEST_STEP][PASSED] - click(findTestObject("Object Repository/Kullanici_Islemleri/KullaniciIslemleri")): Object: 'Object Repository/Kullanici_Islemleri/KullaniciIslemleri' is clicked on

2021-01-13 01:21:35 - [MESSAGE][INFO] - Finding Test Object 'Object Repository/Kullanici_Islemleri/KullaniciIslemleri'

2021-01-13 01:21:35 - [MESSAGE][INFO] - Checking object

2021-01-13 01:21:35 - [MESSAGE][INFO] - Finding web element from Test Object's properties

2021-01-13 01:21:35 - [MESSAGE][INFO] - Checking timeout

2021-01-13 01:21:35 - [MESSAGE][INFO] - Finding web element with id: 'Object Repository/Kullanici_Islemleri/KullaniciIslemleri' located by 'By.cssSelector: .dropdown>a>img' in '30' second(s)

2021-01-13 01:21:35 - [MESSAGE][INFO] - Smart Wait Function is triggered

2021-01-13 01:21:35 - [MESSAGE][INFO] - Found 1 web elements with id: 'Object Repository/Kullanici_Islemleri/KullaniciIslemleri' located by 'By.cssSelector: .dropdown>a>img' in '30' second(s)

2021-01-13 01:21:35 - [MESSAGE][INFO] - Clicking on object: 'Object Repository/Kullanici_Islemleri/KullaniciIslemleri'

2021-01-13 01:21:35 - [MESSAGE][PASSED] - Object: 'Object Repository/Kullanici_Islemleri/KullaniciIslemleri' is clicked on

2021-01-13 01:21:35 - [TEST_STEP][PASSED] - Method.TextDegerineEsitElementeTikla(findTestObject("Object Repository/Kullanici_Islemleri/Secenekler"), Islem): Method.TextDegerineEsitElementeTikla is PASSED

2021-01-13 01:21:35 - [MESSAGE][INFO] - Finding Test Object 'Object Repository/Kullanici_Islemleri/Secenekler'

2021-01-13 01:21:35 - [MESSAGE][INFO] - Checking timeout

2021-01-13 01:21:35 - [MESSAGE][INFO] - Finding web element with id: 'Object Repository/Kullanici_Islemleri/Secenekler' located by 'By.cssSelector: .nav.navbar-nav.navbar-right li a' in '10' second(s)

2021-01-13 01:21:35 - [MESSAGE][INFO] - Smart Wait Function is triggered

2021-01-13 01:21:36 - [MESSAGE][INFO] - Found 23 web elements with id: 'Object Repository/Kullanici_Islemleri/Secenekler' located by 'By.cssSelector: .nav.navbar-nav.navbar-right li a' in '10' second(s)

2021-01-13 01:21:36 - [MESSAGE][PASSED] - Method.TextDegerineEsitElementeTikla is PASSED

2021-01-13 01:21:36 - [TEST_STEP][PASSED] - verifyElementNotPresent(findTestObject("Object Repository/Kullanici_Islemleri/Secenekler"), 10): Web element with id: 'Object Repository/Kullanici_Islemleri/Secenekler' located by 'By.cssSelector: .nav.navbar-nav.navbar-right li a' is not present after '10' second(s)

2021-01-13 01:21:36 - [MESSAGE][INFO] - Finding Test Object 'Object Repository/Kullanici_Islemleri/Secenekler'

2021-01-13 01:21:36 - [MESSAGE][INFO] - Checking object

2021-01-13 01:21:36 - [MESSAGE][INFO] - Checking timeout

2021-01-13 01:21:36 - [MESSAGE][INFO] - Finding web element with id: 'Object Repository/Kullanici_Islemleri/Secenekler' located by 'By.cssSelector: .nav.navbar-nav.navbar-right li a' in '10' second(s)

2021-01-13 01:21:36 - [MESSAGE][INFO] - Smart Wait Function is triggered

2021-01-13 01:21:37 - [MESSAGE][PASSED] - Web element with id: 'Object Repository/Kullanici_Islemleri/Secenekler' located by 'By.cssSelector: .nav.navbar-nav.navbar-right li a' is not present after '10' second(s)

2021-01-13 01:21:37 - [MESSAGE][PASSED] - Call Test Case 'Test Cases/Kullanici_Islemleri/KullaniciIslemlerindenSecimYapilir' successfully

2021-01-13 01:21:37 - [MESSAGE][PASSED] - Kullanıcı işlemlerinden Çıkış seçilir

2021-01-13 01:21:37 - [MESSAGE][FAILED] - Keyword runFeatureFile was failed (Root cause: java.lang.NullPointerException: No format for key faıled
	at cucumber.runtime.formatter.AnsiFormats.get(AnsiFormats.java:51)
	at cucumber.runtime.Stats.printScenarios(Stats.java:170)
	at cucumber.runtime.Stats.printNonZeroResultScenarios(Stats.java:161)
	at cucumber.runtime.Stats.printStats(Stats.java:107)
	at cucumber.runtime.DefaultSummaryPrinter.printStats(DefaultSummaryPrinter.java:34)
	at cucumber.runtime.DefaultSummaryPrinter.print(DefaultSummaryPrinter.java:27)
	at cucumber.runtime.DefaultSummaryPrinter.access$000(DefaultSummaryPrinter.java:14)
	at cucumber.runtime.DefaultSummaryPrinter$1.receive(DefaultSummaryPrinter.java:63)
	at cucumber.runtime.DefaultSummaryPrinter$1.receive(DefaultSummaryPrinter.java:60)
	at cucumber.runner.EventBus.send(EventBus.java:28)
	at cucumber.runtime.Runtime.run(Runtime.java:109)
	at cucumber.api.cli.Main.run(Main.java:35)
	at cucumber.api.cli.Main$run.call(Unknown Source)
	at com.kms.katalon.core.cucumber.keyword.CucumberBuiltinKeywords$_runFeatureFile_closure1.doCall(CucumberBuiltinKeywords.groovy:76)
	at com.kms.katalon.core.cucumber.keyword.CucumberBuiltinKeywords$_runFeatureFile_closure1.doCall(CucumberBuiltinKeywords.groovy)
	at com.kms.katalon.core.keyword.internal.KeywordMain.runKeyword(KeywordMain.groovy:68)
	at com.kms.katalon.core.keyword.internal.KeywordMain$runKeyword.call(Unknown Source)
	at com.kms.katalon.core.cucumber.keyword.CucumberBuiltinKeywords.runFeatureFile(CucumberBuiltinKeywords.groovy:46)
	at com.kms.katalon.core.cucumber.keyword.CucumberBuiltinKeywords$runFeatureFile$0.callStatic(Unknown Source)
	at com.kms.katalon.core.cucumber.keyword.CucumberBuiltinKeywords.runFeatureFile(CucumberBuiltinKeywords.groovy:169)
	at com.kms.katalon.core.cucumber.keyword.CucumberBuiltinKeywords$runFeatureFile.call(Unknown Source)
	at Kullanici Ekle.run(Kullanici Ekle:17)
	at com.kms.katalon.core.main.ScriptEngine.run(ScriptEngine.java:194)
	at com.kms.katalon.core.main.ScriptEngine.runScriptAsRawText(ScriptEngine.java:119)
	at com.kms.katalon.core.main.TestCaseExecutor.runScript(TestCaseExecutor.java:339)
	at com.kms.katalon.core.main.TestCaseExecutor.doExecute(TestCaseExecutor.java:330)
	at com.kms.katalon.core.main.TestCaseExecutor.processExecutionPhase(TestCaseExecutor.java:309)
	at com.kms.katalon.core.main.TestCaseExecutor.accessMainPhase(TestCaseExecutor.java:301)
	at com.kms.katalon.core.main.TestCaseExecutor.execute(TestCaseExecutor.java:235)
	at com.kms.katalon.core.main.TestSuiteExecutor.accessTestCaseMainPhase(TestSuiteExecutor.java:191)
	at com.kms.katalon.core.main.TestSuiteExecutor.accessTestSuiteMainPhase(TestSuiteExecutor.java:141)
	at com.kms.katalon.core.main.TestSuiteExecutor.execute(TestSuiteExecutor.java:90)
	at com.kms.katalon.core.main.TestCaseMain.startTestSuite(TestCaseMain.java:157)
	at com.kms.katalon.core.main.TestCaseMain$startTestSuite$0.call(Unknown Source)
	at TempTestSuite1610490015017.run(TempTestSuite1610490015017.groovy:39)
)

2021-01-13 01:21:37 - [TEST_STEP][PASSED] - Start listener action : sampleAfterTestSuite: Invoke 'com.kms.katalon.core.annotation.AfterTestCase' method: 'Listener.sampleAfterTestSuite(...)' completed.

2021-01-13 01:21:37 - [MESSAGE][INFO] - Starting invoke 'com.kms.katalon.core.annotation.AfterTestCase' method: 'Listener.sampleAfterTestSuite(...)'

2021-01-13 01:21:37 - [MESSAGE][INFO] - Invoke 'com.kms.katalon.core.annotation.AfterTestCase' method: 'Listener.sampleAfterTestSuite(...)' completed.]]></system-out>
         <system-err><![CDATA[2021-01-13 01:21:05 - [TEST_CASE][FAILED] - Test Cases/Case Repository/Firma Yonetimi/Yetki Yonetimi/Kullanici Tanimlari/Kullanici Ekle: Test Cases/Case Repository/Firma Yonetimi/Yetki Yonetimi/Kullanici Tanimlari/Kullanici Ekle FAILED.
Reason:
com.kms.katalon.core.exception.StepFailedException: Keyword runFeatureFile was failed (Root cause: java.lang.NullPointerException: No format for key faıled
	at cucumber.runtime.formatter.AnsiFormats.get(AnsiFormats.java:51)
	at cucumber.runtime.Stats.printScenarios(Stats.java:170)
	at cucumber.runtime.Stats.printNonZeroResultScenarios(Stats.java:161)
	at cucumber.runtime.Stats.printStats(Stats.java:107)
	at cucumber.runtime.DefaultSummaryPrinter.printStats(DefaultSummaryPrinter.java:34)
	at cucumber.runtime.DefaultSummaryPrinter.print(DefaultSummaryPrinter.java:27)
	at cucumber.runtime.DefaultSummaryPrinter.access$000(DefaultSummaryPrinter.java:14)
	at cucumber.runtime.DefaultSummaryPrinter$1.receive(DefaultSummaryPrinter.java:63)
	at cucumber.runtime.DefaultSummaryPrinter$1.receive(DefaultSummaryPrinter.java:60)
	at cucumber.runner.EventBus.send(EventBus.java:28)
	at cucumber.runtime.Runtime.run(Runtime.java:109)
	at cucumber.api.cli.Main.run(Main.java:35)
	at cucumber.api.cli.Main$run.call(Unknown Source)
	at com.kms.katalon.core.cucumber.keyword.CucumberBuiltinKeywords$_runFeatureFile_closure1.doCall(CucumberBuiltinKeywords.groovy:76)
	at com.kms.katalon.core.cucumber.keyword.CucumberBuiltinKeywords$_runFeatureFile_closure1.doCall(CucumberBuiltinKeywords.groovy)
	at com.kms.katalon.core.keyword.internal.KeywordMain.runKeyword(KeywordMain.groovy:68)
	at com.kms.katalon.core.keyword.internal.KeywordMain$runKeyword.call(Unknown Source)
	at com.kms.katalon.core.cucumber.keyword.CucumberBuiltinKeywords.runFeatureFile(CucumberBuiltinKeywords.groovy:46)
	at com.kms.katalon.core.cucumber.keyword.CucumberBuiltinKeywords$runFeatureFile$0.callStatic(Unknown Source)
	at com.kms.katalon.core.cucumber.keyword.CucumberBuiltinKeywords.runFeatureFile(CucumberBuiltinKeywords.groovy:169)
	at com.kms.katalon.core.cucumber.keyword.CucumberBuiltinKeywords$runFeatureFile.call(Unknown Source)
	at Kullanici Ekle.run(Kullanici Ekle:17)
	at com.kms.katalon.core.main.ScriptEngine.run(ScriptEngine.java:194)
	at com.kms.katalon.core.main.ScriptEngine.runScriptAsRawText(ScriptEngine.java:119)
	at com.kms.katalon.core.main.TestCaseExecutor.runScript(TestCaseExecutor.java:339)
	at com.kms.katalon.core.main.TestCaseExecutor.doExecute(TestCaseExecutor.java:330)
	at com.kms.katalon.core.main.TestCaseExecutor.processExecutionPhase(TestCaseExecutor.java:309)
	at com.kms.katalon.core.main.TestCaseExecutor.accessMainPhase(TestCaseExecutor.java:301)
	at com.kms.katalon.core.main.TestCaseExecutor.execute(TestCaseExecutor.java:235)
	at com.kms.katalon.core.main.TestSuiteExecutor.accessTestCaseMainPhase(TestSuiteExecutor.java:191)
	at com.kms.katalon.core.main.TestSuiteExecutor.accessTestSuiteMainPhase(TestSuiteExecutor.java:141)
	at com.kms.katalon.core.main.TestSuiteExecutor.execute(TestSuiteExecutor.java:90)
	at com.kms.katalon.core.main.TestCaseMain.startTestSuite(TestCaseMain.java:157)
	at com.kms.katalon.core.main.TestCaseMain$startTestSuite$0.call(Unknown Source)
	at TempTestSuite1610490015017.run(TempTestSuite1610490015017.groovy:39)
)
	at com.kms.katalon.core.keyword.internal.KeywordMain.stepFailed(KeywordMain.groovy:50)
	at com.kms.katalon.core.keyword.internal.KeywordMain.stepFailed(KeywordMain.groovy)
	at com.kms.katalon.core.keyword.internal.KeywordMain.runKeyword(KeywordMain.groovy:70)
	at com.kms.katalon.core.keyword.internal.KeywordMain$runKeyword.call(Unknown Source)
	at com.kms.katalon.core.cucumber.keyword.CucumberBuiltinKeywords.runFeatureFile(CucumberBuiltinKeywords.groovy:46)
	at com.kms.katalon.core.cucumber.keyword.CucumberBuiltinKeywords$runFeatureFile$0.callStatic(Unknown Source)
	at com.kms.katalon.core.cucumber.keyword.CucumberBuiltinKeywords.runFeatureFile(CucumberBuiltinKeywords.groovy:169)
	at com.kms.katalon.core.cucumber.keyword.CucumberBuiltinKeywords$runFeatureFile.call(Unknown Source)
	at Kullanici Ekle.run(Kullanici Ekle:17)
	at com.kms.katalon.core.main.ScriptEngine.run(ScriptEngine.java:194)
	at com.kms.katalon.core.main.ScriptEngine.runScriptAsRawText(ScriptEngine.java:119)
	at com.kms.katalon.core.main.TestCaseExecutor.runScript(TestCaseExecutor.java:339)
	at com.kms.katalon.core.main.TestCaseExecutor.doExecute(TestCaseExecutor.java:330)
	at com.kms.katalon.core.main.TestCaseExecutor.processExecutionPhase(TestCaseExecutor.java:309)
	at com.kms.katalon.core.main.TestCaseExecutor.accessMainPhase(TestCaseExecutor.java:301)
	at com.kms.katalon.core.main.TestCaseExecutor.execute(TestCaseExecutor.java:235)
	at com.kms.katalon.core.main.TestSuiteExecutor.accessTestCaseMainPhase(TestSuiteExecutor.java:191)
	at com.kms.katalon.core.main.TestSuiteExecutor.accessTestSuiteMainPhase(TestSuiteExecutor.java:141)
	at com.kms.katalon.core.main.TestSuiteExecutor.execute(TestSuiteExecutor.java:90)
	at com.kms.katalon.core.main.TestCaseMain.startTestSuite(TestCaseMain.java:157)
	at com.kms.katalon.core.main.TestCaseMain$startTestSuite$0.call(Unknown Source)
	at TempTestSuite1610490015017.run(TempTestSuite1610490015017.groovy:39)
Caused by: java.lang.NullPointerException: No format for key faıled
	at cucumber.runtime.formatter.AnsiFormats.get(AnsiFormats.java:51)
	at cucumber.runtime.Stats.printScenarios(Stats.java:170)
	at cucumber.runtime.Stats.printNonZeroResultScenarios(Stats.java:161)
	at cucumber.runtime.Stats.printStats(Stats.java:107)
	at cucumber.runtime.DefaultSummaryPrinter.printStats(DefaultSummaryPrinter.java:34)
	at cucumber.runtime.DefaultSummaryPrinter.print(DefaultSummaryPrinter.java:27)
	at cucumber.runtime.DefaultSummaryPrinter.access$000(DefaultSummaryPrinter.java:14)
	at cucumber.runtime.DefaultSummaryPrinter$1.receive(DefaultSummaryPrinter.java:63)
	at cucumber.runtime.DefaultSummaryPrinter$1.receive(DefaultSummaryPrinter.java:60)
	at cucumber.runner.EventBus.send(EventBus.java:28)
	at cucumber.runtime.Runtime.run(Runtime.java:109)
	at cucumber.api.cli.Main.run(Main.java:35)
	at cucumber.api.cli.Main$run.call(Unknown Source)
	at com.kms.katalon.core.cucumber.keyword.CucumberBuiltinKeywords$_runFeatureFile_closure1.doCall(CucumberBuiltinKeywords.groovy:76)
	at com.kms.katalon.core.cucumber.keyword.CucumberBuiltinKeywords$_runFeatureFile_closure1.doCall(CucumberBuiltinKeywords.groovy)
	at com.kms.katalon.core.keyword.internal.KeywordMain.runKeyword(KeywordMain.groovy:68)
	... 19 more]]></system-err>
      </testcase>
      <system-out><![CDATA[2021-01-13 01:21:05 - [TEST_SUITE][FAILED] - Kullanici Ekle: Test Cases/Case Repository/Firma Yonetimi/Yetki Yonetimi/Kullanici Tanimlari/Kullanici Ekle FAILED.
Reason:
com.kms.katalon.core.exception.StepFailedException: Keyword runFeatureFile was failed (Root cause: java.lang.NullPointerException: No format for key faıled
	at cucumber.runtime.formatter.AnsiFormats.get(AnsiFormats.java:51)
	at cucumber.runtime.Stats.printScenarios(Stats.java:170)
	at cucumber.runtime.Stats.printNonZeroResultScenarios(Stats.java:161)
	at cucumber.runtime.Stats.printStats(Stats.java:107)
	at cucumber.runtime.DefaultSummaryPrinter.printStats(DefaultSummaryPrinter.java:34)
	at cucumber.runtime.DefaultSummaryPrinter.print(DefaultSummaryPrinter.java:27)
	at cucumber.runtime.DefaultSummaryPrinter.access$000(DefaultSummaryPrinter.java:14)
	at cucumber.runtime.DefaultSummaryPrinter$1.receive(DefaultSummaryPrinter.java:63)
	at cucumber.runtime.DefaultSummaryPrinter$1.receive(DefaultSummaryPrinter.java:60)
	at cucumber.runner.EventBus.send(EventBus.java:28)
	at cucumber.runtime.Runtime.run(Runtime.java:109)
	at cucumber.api.cli.Main.run(Main.java:35)
	at cucumber.api.cli.Main$run.call(Unknown Source)
	at com.kms.katalon.core.cucumber.keyword.CucumberBuiltinKeywords$_runFeatureFile_closure1.doCall(CucumberBuiltinKeywords.groovy:76)
	at com.kms.katalon.core.cucumber.keyword.CucumberBuiltinKeywords$_runFeatureFile_closure1.doCall(CucumberBuiltinKeywords.groovy)
	at com.kms.katalon.core.keyword.internal.KeywordMain.runKeyword(KeywordMain.groovy:68)
	at com.kms.katalon.core.keyword.internal.KeywordMain$runKeyword.call(Unknown Source)
	at com.kms.katalon.core.cucumber.keyword.CucumberBuiltinKeywords.runFeatureFile(CucumberBuiltinKeywords.groovy:46)
	at com.kms.katalon.core.cucumber.keyword.CucumberBuiltinKeywords$runFeatureFile$0.callStatic(Unknown Source)
	at com.kms.katalon.core.cucumber.keyword.CucumberBuiltinKeywords.runFeatureFile(CucumberBuiltinKeywords.groovy:169)
	at com.kms.katalon.core.cucumber.keyword.CucumberBuiltinKeywords$runFeatureFile.call(Unknown Source)
	at Kullanici Ekle.run(Kullanici Ekle:17)
	at com.kms.katalon.core.main.ScriptEngine.run(ScriptEngine.java:194)
	at com.kms.katalon.core.main.ScriptEngine.runScriptAsRawText(ScriptEngine.java:119)
	at com.kms.katalon.core.main.TestCaseExecutor.runScript(TestCaseExecutor.java:339)
	at com.kms.katalon.core.main.TestCaseExecutor.doExecute(TestCaseExecutor.java:330)
	at com.kms.katalon.core.main.TestCaseExecutor.processExecutionPhase(TestCaseExecutor.java:309)
	at com.kms.katalon.core.main.TestCaseExecutor.accessMainPhase(TestCaseExecutor.java:301)
	at com.kms.katalon.core.main.TestCaseExecutor.execute(TestCaseExecutor.java:235)
	at com.kms.katalon.core.main.TestSuiteExecutor.accessTestCaseMainPhase(TestSuiteExecutor.java:191)
	at com.kms.katalon.core.main.TestSuiteExecutor.accessTestSuiteMainPhase(TestSuiteExecutor.java:141)
	at com.kms.katalon.core.main.TestSuiteExecutor.execute(TestSuiteExecutor.java:90)
	at com.kms.katalon.core.main.TestCaseMain.startTestSuite(TestCaseMain.java:157)
	at com.kms.katalon.core.main.TestCaseMain$startTestSuite$0.call(Unknown Source)
	at TempTestSuite1610490015017.run(TempTestSuite1610490015017.groovy:39)
)
	at com.kms.katalon.core.keyword.internal.KeywordMain.stepFailed(KeywordMain.groovy:50)
	at com.kms.katalon.core.keyword.internal.KeywordMain.stepFailed(KeywordMain.groovy)
	at com.kms.katalon.core.keyword.internal.KeywordMain.runKeyword(KeywordMain.groovy:70)
	at com.kms.katalon.core.keyword.internal.KeywordMain$runKeyword.call(Unknown Source)
	at com.kms.katalon.core.cucumber.keyword.CucumberBuiltinKeywords.runFeatureFile(CucumberBuiltinKeywords.groovy:46)
	at com.kms.katalon.core.cucumber.keyword.CucumberBuiltinKeywords$runFeatureFile$0.callStatic(Unknown Source)
	at com.kms.katalon.core.cucumber.keyword.CucumberBuiltinKeywords.runFeatureFile(CucumberBuiltinKeywords.groovy:169)
	at com.kms.katalon.core.cucumber.keyword.CucumberBuiltinKeywords$runFeatureFile.call(Unknown Source)
	at Kullanici Ekle.run(Kullanici Ekle:17)
	at com.kms.katalon.core.main.ScriptEngine.run(ScriptEngine.java:194)
	at com.kms.katalon.core.main.ScriptEngine.runScriptAsRawText(ScriptEngine.java:119)
	at com.kms.katalon.core.main.TestCaseExecutor.runScript(TestCaseExecutor.java:339)
	at com.kms.katalon.core.main.TestCaseExecutor.doExecute(TestCaseExecutor.java:330)
	at com.kms.katalon.core.main.TestCaseExecutor.processExecutionPhase(TestCaseExecutor.java:309)
	at com.kms.katalon.core.main.TestCaseExecutor.accessMainPhase(TestCaseExecutor.java:301)
	at com.kms.katalon.core.main.TestCaseExecutor.execute(TestCaseExecutor.java:235)
	at com.kms.katalon.core.main.TestSuiteExecutor.accessTestCaseMainPhase(TestSuiteExecutor.java:191)
	at com.kms.katalon.core.main.TestSuiteExecutor.accessTestSuiteMainPhase(TestSuiteExecutor.java:141)
	at com.kms.katalon.core.main.TestSuiteExecutor.execute(TestSuiteExecutor.java:90)
	at com.kms.katalon.core.main.TestCaseMain.startTestSuite(TestCaseMain.java:157)
	at com.kms.katalon.core.main.TestCaseMain$startTestSuite$0.call(Unknown Source)
	at TempTestSuite1610490015017.run(TempTestSuite1610490015017.groovy:39)
Caused by: java.lang.NullPointerException: No format for key faıled
	at cucumber.runtime.formatter.AnsiFormats.get(AnsiFormats.java:51)
	at cucumber.runtime.Stats.printScenarios(Stats.java:170)
	at cucumber.runtime.Stats.printNonZeroResultScenarios(Stats.java:161)
	at cucumber.runtime.Stats.printStats(Stats.java:107)
	at cucumber.runtime.DefaultSummaryPrinter.printStats(DefaultSummaryPrinter.java:34)
	at cucumber.runtime.DefaultSummaryPrinter.print(DefaultSummaryPrinter.java:27)
	at cucumber.runtime.DefaultSummaryPrinter.access$000(DefaultSummaryPrinter.java:14)
	at cucumber.runtime.DefaultSummaryPrinter$1.receive(DefaultSummaryPrinter.java:63)
	at cucumber.runtime.DefaultSummaryPrinter$1.receive(DefaultSummaryPrinter.java:60)
	at cucumber.runner.EventBus.send(EventBus.java:28)
	at cucumber.runtime.Runtime.run(Runtime.java:109)
	at cucumber.api.cli.Main.run(Main.java:35)
	at cucumber.api.cli.Main$run.call(Unknown Source)
	at com.kms.katalon.core.cucumber.keyword.CucumberBuiltinKeywords$_runFeatureFile_closure1.doCall(CucumberBuiltinKeywords.groovy:76)
	at com.kms.katalon.core.cucumber.keyword.CucumberBuiltinKeywords$_runFeatureFile_closure1.doCall(CucumberBuiltinKeywords.groovy)
	at com.kms.katalon.core.keyword.internal.KeywordMain.runKeyword(KeywordMain.groovy:68)
	... 19 more]]></system-out>
      <system-err><![CDATA[2021-01-13 01:21:05 - [TEST_SUITE][FAILED] - Kullanici Ekle: Test Cases/Case Repository/Firma Yonetimi/Yetki Yonetimi/Kullanici Tanimlari/Kullanici Ekle FAILED.
Reason:
com.kms.katalon.core.exception.StepFailedException: Keyword runFeatureFile was failed (Root cause: java.lang.NullPointerException: No format for key faıled
	at cucumber.runtime.formatter.AnsiFormats.get(AnsiFormats.java:51)
	at cucumber.runtime.Stats.printScenarios(Stats.java:170)
	at cucumber.runtime.Stats.printNonZeroResultScenarios(Stats.java:161)
	at cucumber.runtime.Stats.printStats(Stats.java:107)
	at cucumber.runtime.DefaultSummaryPrinter.printStats(DefaultSummaryPrinter.java:34)
	at cucumber.runtime.DefaultSummaryPrinter.print(DefaultSummaryPrinter.java:27)
	at cucumber.runtime.DefaultSummaryPrinter.access$000(DefaultSummaryPrinter.java:14)
	at cucumber.runtime.DefaultSummaryPrinter$1.receive(DefaultSummaryPrinter.java:63)
	at cucumber.runtime.DefaultSummaryPrinter$1.receive(DefaultSummaryPrinter.java:60)
	at cucumber.runner.EventBus.send(EventBus.java:28)
	at cucumber.runtime.Runtime.run(Runtime.java:109)
	at cucumber.api.cli.Main.run(Main.java:35)
	at cucumber.api.cli.Main$run.call(Unknown Source)
	at com.kms.katalon.core.cucumber.keyword.CucumberBuiltinKeywords$_runFeatureFile_closure1.doCall(CucumberBuiltinKeywords.groovy:76)
	at com.kms.katalon.core.cucumber.keyword.CucumberBuiltinKeywords$_runFeatureFile_closure1.doCall(CucumberBuiltinKeywords.groovy)
	at com.kms.katalon.core.keyword.internal.KeywordMain.runKeyword(KeywordMain.groovy:68)
	at com.kms.katalon.core.keyword.internal.KeywordMain$runKeyword.call(Unknown Source)
	at com.kms.katalon.core.cucumber.keyword.CucumberBuiltinKeywords.runFeatureFile(CucumberBuiltinKeywords.groovy:46)
	at com.kms.katalon.core.cucumber.keyword.CucumberBuiltinKeywords$runFeatureFile$0.callStatic(Unknown Source)
	at com.kms.katalon.core.cucumber.keyword.CucumberBuiltinKeywords.runFeatureFile(CucumberBuiltinKeywords.groovy:169)
	at com.kms.katalon.core.cucumber.keyword.CucumberBuiltinKeywords$runFeatureFile.call(Unknown Source)
	at Kullanici Ekle.run(Kullanici Ekle:17)
	at com.kms.katalon.core.main.ScriptEngine.run(ScriptEngine.java:194)
	at com.kms.katalon.core.main.ScriptEngine.runScriptAsRawText(ScriptEngine.java:119)
	at com.kms.katalon.core.main.TestCaseExecutor.runScript(TestCaseExecutor.java:339)
	at com.kms.katalon.core.main.TestCaseExecutor.doExecute(TestCaseExecutor.java:330)
	at com.kms.katalon.core.main.TestCaseExecutor.processExecutionPhase(TestCaseExecutor.java:309)
	at com.kms.katalon.core.main.TestCaseExecutor.accessMainPhase(TestCaseExecutor.java:301)
	at com.kms.katalon.core.main.TestCaseExecutor.execute(TestCaseExecutor.java:235)
	at com.kms.katalon.core.main.TestSuiteExecutor.accessTestCaseMainPhase(TestSuiteExecutor.java:191)
	at com.kms.katalon.core.main.TestSuiteExecutor.accessTestSuiteMainPhase(TestSuiteExecutor.java:141)
	at com.kms.katalon.core.main.TestSuiteExecutor.execute(TestSuiteExecutor.java:90)
	at com.kms.katalon.core.main.TestCaseMain.startTestSuite(TestCaseMain.java:157)
	at com.kms.katalon.core.main.TestCaseMain$startTestSuite$0.call(Unknown Source)
	at TempTestSuite1610490015017.run(TempTestSuite1610490015017.groovy:39)
)
	at com.kms.katalon.core.keyword.internal.KeywordMain.stepFailed(KeywordMain.groovy:50)
	at com.kms.katalon.core.keyword.internal.KeywordMain.stepFailed(KeywordMain.groovy)
	at com.kms.katalon.core.keyword.internal.KeywordMain.runKeyword(KeywordMain.groovy:70)
	at com.kms.katalon.core.keyword.internal.KeywordMain$runKeyword.call(Unknown Source)
	at com.kms.katalon.core.cucumber.keyword.CucumberBuiltinKeywords.runFeatureFile(CucumberBuiltinKeywords.groovy:46)
	at com.kms.katalon.core.cucumber.keyword.CucumberBuiltinKeywords$runFeatureFile$0.callStatic(Unknown Source)
	at com.kms.katalon.core.cucumber.keyword.CucumberBuiltinKeywords.runFeatureFile(CucumberBuiltinKeywords.groovy:169)
	at com.kms.katalon.core.cucumber.keyword.CucumberBuiltinKeywords$runFeatureFile.call(Unknown Source)
	at Kullanici Ekle.run(Kullanici Ekle:17)
	at com.kms.katalon.core.main.ScriptEngine.run(ScriptEngine.java:194)
	at com.kms.katalon.core.main.ScriptEngine.runScriptAsRawText(ScriptEngine.java:119)
	at com.kms.katalon.core.main.TestCaseExecutor.runScript(TestCaseExecutor.java:339)
	at com.kms.katalon.core.main.TestCaseExecutor.doExecute(TestCaseExecutor.java:330)
	at com.kms.katalon.core.main.TestCaseExecutor.processExecutionPhase(TestCaseExecutor.java:309)
	at com.kms.katalon.core.main.TestCaseExecutor.accessMainPhase(TestCaseExecutor.java:301)
	at com.kms.katalon.core.main.TestCaseExecutor.execute(TestCaseExecutor.java:235)
	at com.kms.katalon.core.main.TestSuiteExecutor.accessTestCaseMainPhase(TestSuiteExecutor.java:191)
	at com.kms.katalon.core.main.TestSuiteExecutor.accessTestSuiteMainPhase(TestSuiteExecutor.java:141)
	at com.kms.katalon.core.main.TestSuiteExecutor.execute(TestSuiteExecutor.java:90)
	at com.kms.katalon.core.main.TestCaseMain.startTestSuite(TestCaseMain.java:157)
	at com.kms.katalon.core.main.TestCaseMain$startTestSuite$0.call(Unknown Source)
	at TempTestSuite1610490015017.run(TempTestSuite1610490015017.groovy:39)
Caused by: java.lang.NullPointerException: No format for key faıled
	at cucumber.runtime.formatter.AnsiFormats.get(AnsiFormats.java:51)
	at cucumber.runtime.Stats.printScenarios(Stats.java:170)
	at cucumber.runtime.Stats.printNonZeroResultScenarios(Stats.java:161)
	at cucumber.runtime.Stats.printStats(Stats.java:107)
	at cucumber.runtime.DefaultSummaryPrinter.printStats(DefaultSummaryPrinter.java:34)
	at cucumber.runtime.DefaultSummaryPrinter.print(DefaultSummaryPrinter.java:27)
	at cucumber.runtime.DefaultSummaryPrinter.access$000(DefaultSummaryPrinter.java:14)
	at cucumber.runtime.DefaultSummaryPrinter$1.receive(DefaultSummaryPrinter.java:63)
	at cucumber.runtime.DefaultSummaryPrinter$1.receive(DefaultSummaryPrinter.java:60)
	at cucumber.runner.EventBus.send(EventBus.java:28)
	at cucumber.runtime.Runtime.run(Runtime.java:109)
	at cucumber.api.cli.Main.run(Main.java:35)
	at cucumber.api.cli.Main$run.call(Unknown Source)
	at com.kms.katalon.core.cucumber.keyword.CucumberBuiltinKeywords$_runFeatureFile_closure1.doCall(CucumberBuiltinKeywords.groovy:76)
	at com.kms.katalon.core.cucumber.keyword.CucumberBuiltinKeywords$_runFeatureFile_closure1.doCall(CucumberBuiltinKeywords.groovy)
	at com.kms.katalon.core.keyword.internal.KeywordMain.runKeyword(KeywordMain.groovy:68)
	... 19 more]]></system-err>
   </testsuite>
</testsuites>
